TN:
SF:crates/conjure_core/src/context.rs
FN:74,<conjure_core::context::Context as core::fmt::Debug>::fmt::{closure#1}
FN:73,<conjure_core::context::Context as core::fmt::Debug>::fmt::{closure#0}
FN:36,<conjure_core::context::Context>::new
FN:70,<conjure_core::context::Context as core::fmt::Debug>::fmt
FN:73,<conjure_core::context::Context as core::fmt::Debug>::fmt::{closure#0}
FN:54,<conjure_core::context::Context>::new_ptr
FN:36,<conjure_core::context::Context>::new
FN:73,<conjure_core::context::Context as core::fmt::Debug>::fmt::{closure#0}
FN:54,<conjure_core::context::Context>::new_ptr
FN:70,<conjure_core::context::Context as core::fmt::Debug>::fmt
FN:54,<conjure_core::context::Context>::new_ptr
FN:74,<conjure_core::context::Context as core::fmt::Debug>::fmt::{closure#1}
FN:36,<conjure_core::context::Context>::new
FN:74,<conjure_core::context::Context as core::fmt::Debug>::fmt::{closure#1}
FN:70,<conjure_core::context::Context as core::fmt::Debug>::fmt
FNDA:0,<conjure_core::context::Context as core::fmt::Debug>::fmt::{closure#1}
FNDA:0,<conjure_core::context::Context as core::fmt::Debug>::fmt::{closure#0}
FNDA:0,<conjure_core::context::Context>::new
FNDA:0,<conjure_core::context::Context as core::fmt::Debug>::fmt
FNDA:0,<conjure_core::context::Context as core::fmt::Debug>::fmt::{closure#0}
FNDA:0,<conjure_core::context::Context>::new_ptr
FNDA:0,<conjure_core::context::Context>::new
FNDA:0,<conjure_core::context::Context as core::fmt::Debug>::fmt::{closure#0}
FNDA:0,<conjure_core::context::Context>::new_ptr
FNDA:0,<conjure_core::context::Context as core::fmt::Debug>::fmt
FNDA:0,<conjure_core::context::Context>::new_ptr
FNDA:0,<conjure_core::context::Context as core::fmt::Debug>::fmt::{closure#1}
FNDA:0,<conjure_core::context::Context>::new
FNDA:0,<conjure_core::context::Context as core::fmt::Debug>::fmt::{closure#1}
FNDA:0,<conjure_core::context::Context as core::fmt::Debug>::fmt
FNF:15
FNH:0
BRF:0
BRH:0
DA:36,0
DA:37,0
DA:38,0
DA:39,0
DA:40,0
DA:41,0
DA:42,0
DA:43,0
DA:44,0
DA:45,0
DA:46,0
DA:47,0
DA:48,0
DA:49,0
DA:50,0
DA:54,0
DA:55,0
DA:56,0
DA:57,0
DA:58,0
DA:59,0
DA:60,0
DA:61,0
DA:62,0
DA:63,0
DA:64,0
DA:65,0
DA:66,0
DA:70,0
DA:71,0
DA:72,0
DA:73,0
DA:74,0
DA:75,0
DA:76,0
DA:77,0
DA:78,0
DA:79,0
DA:80,0
DA:81,0
DA:82,0
DA:83,0
DA:84,0
DA:85,0
DA:86,0
LF:45
LH:0
end_of_record
SF:crates/conjure_core/src/rules/subsitute_lettings.rs
FN:20,conjure_core::rules::subsitute_lettings::substitute_value_lettings
FN:33,conjure_core::rules::subsitute_lettings::substitute_domain_lettings
FN:32,conjure_core::rules::subsitute_lettings::CONJURE_GEN_RULE_SUBSTITUTE_DOMAIN_LETTINGS::__typecheck::{closure#0}::{closure#0}
FN:43,conjure_core::rules::subsitute_lettings::substitute_domain_lettings::{closure#0}
FN:32,conjure_core::rules::subsitute_lettings::CONJURE_GEN_RULE_SUBSTITUTE_DOMAIN_LETTINGS::__typecheck::{closure#0}::{closure#0}
FN:33,conjure_core::rules::subsitute_lettings::substitute_domain_lettings
FN:43,conjure_core::rules::subsitute_lettings::substitute_domain_lettings::{closure#0}
FN:20,conjure_core::rules::subsitute_lettings::substitute_value_lettings
FN:43,conjure_core::rules::subsitute_lettings::substitute_domain_lettings::{closure#0}
FN:33,conjure_core::rules::subsitute_lettings::substitute_domain_lettings
FN:19,conjure_core::rules::subsitute_lettings::CONJURE_GEN_RULE_SUBSTITUTE_VALUE_LETTINGS::__typecheck::{closure#0}::{closure#0}
FN:20,conjure_core::rules::subsitute_lettings::substitute_value_lettings
FN:19,conjure_core::rules::subsitute_lettings::CONJURE_GEN_RULE_SUBSTITUTE_VALUE_LETTINGS::__typecheck::{closure#0}::{closure#0}
FN:19,conjure_core::rules::subsitute_lettings::CONJURE_GEN_RULE_SUBSTITUTE_VALUE_LETTINGS::__typecheck::{closure#0}::{closure#0}
FN:32,conjure_core::rules::subsitute_lettings::CONJURE_GEN_RULE_SUBSTITUTE_DOMAIN_LETTINGS::__typecheck::{closure#0}::{closure#0}
FNDA:0,conjure_core::rules::subsitute_lettings::substitute_value_lettings
FNDA:1,conjure_core::rules::subsitute_lettings::substitute_domain_lettings
FNDA:0,conjure_core::rules::subsitute_lettings::CONJURE_GEN_RULE_SUBSTITUTE_DOMAIN_LETTINGS::__typecheck::{closure#0}::{closure#0}
FNDA:0,conjure_core::rules::subsitute_lettings::substitute_domain_lettings::{closure#0}
FNDA:0,conjure_core::rules::subsitute_lettings::CONJURE_GEN_RULE_SUBSTITUTE_DOMAIN_LETTINGS::__typecheck::{closure#0}::{closure#0}
FNDA:0,conjure_core::rules::subsitute_lettings::substitute_domain_lettings
FNDA:0,conjure_core::rules::subsitute_lettings::substitute_domain_lettings::{closure#0}
FNDA:1,conjure_core::rules::subsitute_lettings::substitute_value_lettings
FNDA:0,conjure_core::rules::subsitute_lettings::substitute_domain_lettings::{closure#0}
FNDA:0,conjure_core::rules::subsitute_lettings::substitute_domain_lettings
FNDA:0,conjure_core::rules::subsitute_lettings::CONJURE_GEN_RULE_SUBSTITUTE_VALUE_LETTINGS::__typecheck::{closure#0}::{closure#0}
FNDA:0,conjure_core::rules::subsitute_lettings::substitute_value_lettings
FNDA:0,conjure_core::rules::subsitute_lettings::CONJURE_GEN_RULE_SUBSTITUTE_VALUE_LETTINGS::__typecheck::{closure#0}::{closure#0}
FNDA:0,conjure_core::rules::subsitute_lettings::CONJURE_GEN_RULE_SUBSTITUTE_VALUE_LETTINGS::__typecheck::{closure#0}::{closure#0}
FNDA:0,conjure_core::rules::subsitute_lettings::CONJURE_GEN_RULE_SUBSTITUTE_DOMAIN_LETTINGS::__typecheck::{closure#0}::{closure#0}
FNF:15
FNH:2
BRF:0
BRH:0
DA:20,380171
DA:21,160322
DA:22,287337
DA:25,92834
DA:26,84303
DA:28,133
DA:29,380171
DA:33,380171
DA:34,380171
DA:35,380171
DA:37,6403437
DA:38,6403437
DA:39,8246
DA:42,6395191
DA:43,95
DA:45,0
DA:46,0
DA:47,0
DA:48,95
DA:49,95
DA:50,95
DA:51,6395096
DA:53,6395191
DA:55,380171
DA:56,76
DA:58,380095
DA:60,380171
LF:27
LH:24
end_of_record
SF:crates/conjure_core/src/representations/matrix_to_atom.rs
FN:116,<conjure_core::representations::matrix_to_atom::MatrixToAtom as conjure_core::representation::Representation>::variable_name
FN:184,<conjure_core::representations::matrix_to_atom::MatrixToAtom as conjure_core::representation::Representation>::declaration_down
FN:27,<conjure_core::representations::matrix_to_atom::MatrixToAtom>::names::{closure#0}
FN:68,<conjure_core::representations::matrix_to_atom::MatrixToAtom>::name_to_indices::{closure#0}
FN:120,<conjure_core::representations::matrix_to_atom::MatrixToAtom as conjure_core::representation::Representation>::value_down
FN:195,<conjure_core::representations::matrix_to_atom::MatrixToAtom as conjure_core::representation::Representation>::box_clone
FN:175,<conjure_core::representations::matrix_to_atom::MatrixToAtom as conjure_core::representation::Representation>::expression_down::{closure#0}
FN:187,<conjure_core::representations::matrix_to_atom::MatrixToAtom as conjure_core::representation::Representation>::declaration_down::{closure#0}
FN:136,<conjure_core::representations::matrix_to_atom::MatrixToAtom as conjure_core::representation::Representation>::value_up
FN:187,<conjure_core::representations::matrix_to_atom::MatrixToAtom as conjure_core::representation::Representation>::declaration_down::{closure#0}
FN:27,<conjure_core::representations::matrix_to_atom::MatrixToAtom>::names::{closure#0}
FN:175,<conjure_core::representations::matrix_to_atom::MatrixToAtom as conjure_core::representation::Representation>::expression_down::{closure#0}
FN:191,<conjure_core::representations::matrix_to_atom::MatrixToAtom as conjure_core::representation::Representation>::repr_name
FN:31,<conjure_core::representations::matrix_to_atom::MatrixToAtom>::indices_to_name
FN:169,<conjure_core::representations::matrix_to_atom::MatrixToAtom as conjure_core::representation::Representation>::expression_down
FN:191,<conjure_core::representations::matrix_to_atom::MatrixToAtom as conjure_core::representation::Representation>::repr_name
FN:68,<conjure_core::representations::matrix_to_atom::MatrixToAtom>::name_to_indices::{closure#0}
FN:152,<conjure_core::representations::matrix_to_atom::MatrixToAtom as conjure_core::representation::Representation>::value_up::inner::{closure#0}
FN:140,<conjure_core::representations::matrix_to_atom::MatrixToAtom as conjure_core::representation::Representation>::value_up::inner
FN:187,<conjure_core::representations::matrix_to_atom::MatrixToAtom as conjure_core::representation::Representation>::declaration_down::{closure#0}
FN:41,<conjure_core::representations::matrix_to_atom::MatrixToAtom>::name_to_indices
FN:116,<conjure_core::representations::matrix_to_atom::MatrixToAtom as conjure_core::representation::Representation>::variable_name
FN:26,<conjure_core::representations::matrix_to_atom::MatrixToAtom>::names
FN:41,<conjure_core::representations::matrix_to_atom::MatrixToAtom>::name_to_indices
FN:191,<conjure_core::representations::matrix_to_atom::MatrixToAtom as conjure_core::representation::Representation>::repr_name
FN:41,<conjure_core::representations::matrix_to_atom::MatrixToAtom>::name_to_indices
FN:184,<conjure_core::representations::matrix_to_atom::MatrixToAtom as conjure_core::representation::Representation>::declaration_down
FN:120,<conjure_core::representations::matrix_to_atom::MatrixToAtom as conjure_core::representation::Representation>::value_down
FN:152,<conjure_core::representations::matrix_to_atom::MatrixToAtom as conjure_core::representation::Representation>::value_up::inner::{closure#0}
FN:195,<conjure_core::representations::matrix_to_atom::MatrixToAtom as conjure_core::representation::Representation>::box_clone
FN:92,<conjure_core::representations::matrix_to_atom::MatrixToAtom as conjure_core::representation::Representation>::init
FN:140,<conjure_core::representations::matrix_to_atom::MatrixToAtom as conjure_core::representation::Representation>::value_up::inner
FN:27,<conjure_core::representations::matrix_to_atom::MatrixToAtom>::names::{closure#0}
FN:169,<conjure_core::representations::matrix_to_atom::MatrixToAtom as conjure_core::representation::Representation>::expression_down
FN:175,<conjure_core::representations::matrix_to_atom::MatrixToAtom as conjure_core::representation::Representation>::expression_down::{closure#0}
FN:26,<conjure_core::representations::matrix_to_atom::MatrixToAtom>::names
FN:31,<conjure_core::representations::matrix_to_atom::MatrixToAtom>::indices_to_name
FN:136,<conjure_core::representations::matrix_to_atom::MatrixToAtom as conjure_core::representation::Representation>::value_up
FN:140,<conjure_core::representations::matrix_to_atom::MatrixToAtom as conjure_core::representation::Representation>::value_up::inner
FN:31,<conjure_core::representations::matrix_to_atom::MatrixToAtom>::indices_to_name
FN:92,<conjure_core::representations::matrix_to_atom::MatrixToAtom as conjure_core::representation::Representation>::init
FN:68,<conjure_core::representations::matrix_to_atom::MatrixToAtom>::name_to_indices::{closure#0}
FN:195,<conjure_core::representations::matrix_to_atom::MatrixToAtom as conjure_core::representation::Representation>::box_clone
FN:184,<conjure_core::representations::matrix_to_atom::MatrixToAtom as conjure_core::representation::Representation>::declaration_down
FN:120,<conjure_core::representations::matrix_to_atom::MatrixToAtom as conjure_core::representation::Representation>::value_down
FN:169,<conjure_core::representations::matrix_to_atom::MatrixToAtom as conjure_core::representation::Representation>::expression_down
FN:26,<conjure_core::representations::matrix_to_atom::MatrixToAtom>::names
FN:92,<conjure_core::representations::matrix_to_atom::MatrixToAtom as conjure_core::representation::Representation>::init
FN:136,<conjure_core::representations::matrix_to_atom::MatrixToAtom as conjure_core::representation::Representation>::value_up
FN:116,<conjure_core::representations::matrix_to_atom::MatrixToAtom as conjure_core::representation::Representation>::variable_name
FN:152,<conjure_core::representations::matrix_to_atom::MatrixToAtom as conjure_core::representation::Representation>::value_up::inner::{closure#0}
FNDA:0,<conjure_core::representations::matrix_to_atom::MatrixToAtom as conjure_core::representation::Representation>::variable_name
FNDA:1,<conjure_core::representations::matrix_to_atom::MatrixToAtom as conjure_core::representation::Representation>::declaration_down
FNDA:0,<conjure_core::representations::matrix_to_atom::MatrixToAtom>::names::{closure#0}
FNDA:0,<conjure_core::representations::matrix_to_atom::MatrixToAtom>::name_to_indices::{closure#0}
FNDA:0,<conjure_core::representations::matrix_to_atom::MatrixToAtom as conjure_core::representation::Representation>::value_down
FNDA:0,<conjure_core::representations::matrix_to_atom::MatrixToAtom as conjure_core::representation::Representation>::box_clone
FNDA:0,<conjure_core::representations::matrix_to_atom::MatrixToAtom as conjure_core::representation::Representation>::expression_down::{closure#0}
FNDA:0,<conjure_core::representations::matrix_to_atom::MatrixToAtom as conjure_core::representation::Representation>::declaration_down::{closure#0}
FNDA:1,<conjure_core::representations::matrix_to_atom::MatrixToAtom as conjure_core::representation::Representation>::value_up
FNDA:1,<conjure_core::representations::matrix_to_atom::MatrixToAtom as conjure_core::representation::Representation>::declaration_down::{closure#0}
FNDA:1,<conjure_core::representations::matrix_to_atom::MatrixToAtom>::names::{closure#0}
FNDA:1,<conjure_core::representations::matrix_to_atom::MatrixToAtom as conjure_core::representation::Representation>::expression_down::{closure#0}
FNDA:0,<conjure_core::representations::matrix_to_atom::MatrixToAtom as conjure_core::representation::Representation>::repr_name
FNDA:0,<conjure_core::representations::matrix_to_atom::MatrixToAtom>::indices_to_name
FNDA:0,<conjure_core::representations::matrix_to_atom::MatrixToAtom as conjure_core::representation::Representation>::expression_down
FNDA:1,<conjure_core::representations::matrix_to_atom::MatrixToAtom as conjure_core::representation::Representation>::repr_name
FNDA:0,<conjure_core::representations::matrix_to_atom::MatrixToAtom>::name_to_indices::{closure#0}
FNDA:0,<conjure_core::representations::matrix_to_atom::MatrixToAtom as conjure_core::representation::Representation>::value_up::inner::{closure#0}
FNDA:0,<conjure_core::representations::matrix_to_atom::MatrixToAtom as conjure_core::representation::Representation>::value_up::inner
FNDA:0,<conjure_core::representations::matrix_to_atom::MatrixToAtom as conjure_core::representation::Representation>::declaration_down::{closure#0}
FNDA:0,<conjure_core::representations::matrix_to_atom::MatrixToAtom>::name_to_indices
FNDA:0,<conjure_core::representations::matrix_to_atom::MatrixToAtom as conjure_core::representation::Representation>::variable_name
FNDA:0,<conjure_core::representations::matrix_to_atom::MatrixToAtom>::names
FNDA:0,<conjure_core::representations::matrix_to_atom::MatrixToAtom>::name_to_indices
FNDA:0,<conjure_core::representations::matrix_to_atom::MatrixToAtom as conjure_core::representation::Representation>::repr_name
FNDA:0,<conjure_core::representations::matrix_to_atom::MatrixToAtom>::name_to_indices
FNDA:0,<conjure_core::representations::matrix_to_atom::MatrixToAtom as conjure_core::representation::Representation>::declaration_down
FNDA:0,<conjure_core::representations::matrix_to_atom::MatrixToAtom as conjure_core::representation::Representation>::value_down
FNDA:1,<conjure_core::representations::matrix_to_atom::MatrixToAtom as conjure_core::representation::Representation>::value_up::inner::{closure#0}
FNDA:0,<conjure_core::representations::matrix_to_atom::MatrixToAtom as conjure_core::representation::Representation>::box_clone
FNDA:0,<conjure_core::representations::matrix_to_atom::MatrixToAtom as conjure_core::representation::Representation>::init
FNDA:0,<conjure_core::representations::matrix_to_atom::MatrixToAtom as conjure_core::representation::Representation>::value_up::inner
FNDA:0,<conjure_core::representations::matrix_to_atom::MatrixToAtom>::names::{closure#0}
FNDA:1,<conjure_core::representations::matrix_to_atom::MatrixToAtom as conjure_core::representation::Representation>::expression_down
FNDA:0,<conjure_core::representations::matrix_to_atom::MatrixToAtom as conjure_core::representation::Representation>::expression_down::{closure#0}
FNDA:0,<conjure_core::representations::matrix_to_atom::MatrixToAtom>::names
FNDA:0,<conjure_core::representations::matrix_to_atom::MatrixToAtom>::indices_to_name
FNDA:0,<conjure_core::representations::matrix_to_atom::MatrixToAtom as conjure_core::representation::Representation>::value_up
FNDA:1,<conjure_core::representations::matrix_to_atom::MatrixToAtom as conjure_core::representation::Representation>::value_up::inner
FNDA:1,<conjure_core::representations::matrix_to_atom::MatrixToAtom>::indices_to_name
FNDA:1,<conjure_core::representations::matrix_to_atom::MatrixToAtom as conjure_core::representation::Representation>::init
FNDA:0,<conjure_core::representations::matrix_to_atom::MatrixToAtom>::name_to_indices::{closure#0}
FNDA:1,<conjure_core::representations::matrix_to_atom::MatrixToAtom as conjure_core::representation::Representation>::box_clone
FNDA:0,<conjure_core::representations::matrix_to_atom::MatrixToAtom as conjure_core::representation::Representation>::declaration_down
FNDA:0,<conjure_core::representations::matrix_to_atom::MatrixToAtom as conjure_core::representation::Representation>::value_down
FNDA:0,<conjure_core::representations::matrix_to_atom::MatrixToAtom as conjure_core::representation::Representation>::expression_down
FNDA:1,<conjure_core::representations::matrix_to_atom::MatrixToAtom>::names
FNDA:0,<conjure_core::representations::matrix_to_atom::MatrixToAtom as conjure_core::representation::Representation>::init
FNDA:0,<conjure_core::representations::matrix_to_atom::MatrixToAtom as conjure_core::representation::Representation>::value_up
FNDA:0,<conjure_core::representations::matrix_to_atom::MatrixToAtom as conjure_core::representation::Representation>::variable_name
FNDA:0,<conjure_core::representations::matrix_to_atom::MatrixToAtom as conjure_core::representation::Representation>::value_up::inner::{closure#0}
FNF:51
FNH:13
BRF:0
BRH:0
DA:26,1197
DA:27,7125
DA:28,1197
DA:31,39121
DA:32,39121
DA:33,39121
DA:34,39121
DA:35,39121
DA:36,39121
DA:37,39121
DA:41,0
DA:42,0
DA:46,0
DA:47,0
DA:48,0
DA:49,0
DA:51,0
DA:52,0
DA:53,0
DA:54,0
DA:59,0
DA:60,0
DA:61,0
DA:62,0
DA:63,0
DA:66,0
DA:67,0
DA:68,0
DA:69,0
DA:70,0
DA:71,0
DA:72,0
DA:73,0
DA:74,0
DA:75,0
DA:79,0
DA:80,0
DA:81,0
DA:82,0
DA:83,0
DA:84,0
DA:87,0
DA:88,0
DA:92,209
DA:93,209
DA:95,209
DA:96,209
DA:97,209
DA:99,0
DA:100,209
DA:102,209
DA:103,0
DA:106,209
DA:107,209
DA:108,209
DA:109,209
DA:110,209
DA:111,209
DA:112,209
DA:113,209
DA:114,209
DA:116,0
DA:117,0
DA:118,0
DA:120,0
DA:121,0
DA:122,0
DA:125,0
DA:126,0
DA:129,0
DA:130,0
DA:131,0
DA:132,0
DA:133,0
DA:134,0
DA:136,6194
DA:137,6194
DA:138,6194
DA:139,6194
DA:140,39558
DA:141,39558
DA:142,39558
DA:143,39558
DA:144,39558
DA:145,39558
DA:146,39558
DA:147,39558
DA:148,7562
DA:149,7562
DA:150,7562
DA:151,7562
DA:152,33364
DA:153,33364
DA:154,33364
DA:155,33364
DA:156,33364
DA:157,7562
DA:159,31996
DA:160,31996
DA:161,31996
DA:162,31996
DA:164,39558
DA:166,6194
DA:167,6194
DA:169,988
DA:170,988
DA:171,988
DA:172,988
DA:173,988
DA:174,988
DA:175,5909
DA:176,5909
DA:177,5909
DA:178,5909
DA:179,5909
DA:180,5909
DA:181,988
DA:182,988
DA:184,209
DA:185,209
DA:186,209
DA:187,1216
DA:188,209
DA:189,209
DA:191,42408
DA:192,42408
DA:193,42408
DA:195,125970
DA:196,125970
DA:197,125970
LF:130
LH:81
end_of_record
SF:crates/conjure_core/src/stats/rewriter_stats.rs
FN:76,<conjure_core::stats::rewriter_stats::RewriterStats>::new
FN:76,<conjure_core::stats::rewriter_stats::RewriterStats>::new
FN:76,<conjure_core::stats::rewriter_stats::RewriterStats>::new
FNDA:1,<conjure_core::stats::rewriter_stats::RewriterStats>::new
FNDA:0,<conjure_core::stats::rewriter_stats::RewriterStats>::new
FNDA:0,<conjure_core::stats::rewriter_stats::RewriterStats>::new
FNF:3
FNH:1
BRF:0
BRH:0
DA:76,2033
DA:77,2033
DA:78,2033
DA:79,2033
DA:80,2033
DA:81,2033
DA:82,2033
DA:83,2033
LF:8
LH:8
end_of_record
SF:crates/conjure_core/src/ast/declaration.rs
FN:130,<conjure_core::ast::declaration::Declaration>::as_domain_letting
FN:40,<conjure_core::ast::declaration::DeclarationKind as uniplate::traits::Biplate<conjure_core::ast::declaration::Declaration>>::biplate::{closure#0}
FN:62,<conjure_core::ast::declaration::Declaration>::new_var
FN:167,<conjure_core::ast::declaration::Declaration as conjure_core::ast::serde::HasId>::id
FN:130,<conjure_core::ast::declaration::Declaration>::as_domain_letting
FN:183,<conjure_core::ast::declaration::Declaration as core::clone::Clone>::clone
FN:40,<conjure_core::ast::declaration::DeclarationKind as uniplate::traits::Biplate<conjure_core::ast::declaration::Declaration>>::biplate::{closure#0}
FN:121,<conjure_core::ast::declaration::Declaration>::as_var_mut
FN:56,<conjure_core::ast::declaration::Declaration>::new
FN:97,<conjure_core::ast::declaration::Declaration>::kind
FN:82,<conjure_core::ast::declaration::Declaration>::new_value_letting
FN:121,<conjure_core::ast::declaration::Declaration>::as_var_mut
FN:102,<conjure_core::ast::declaration::Declaration>::domain
FN:97,<conjure_core::ast::declaration::Declaration>::kind
FN:112,<conjure_core::ast::declaration::Declaration>::as_var
FN:92,<conjure_core::ast::declaration::Declaration>::name
FN:92,<conjure_core::ast::declaration::Declaration>::name
FN:40,<conjure_core::ast::declaration::DeclarationKind as uniplate::traits::Biplate<conjure_core::ast::declaration::Declaration>>::biplate::{closure#0}
FN:148,<conjure_core::ast::declaration::Declaration>::as_value_letting
FN:193,<conjure_core::ast::declaration::Declaration as conjure_core::ast::types::Typeable>::return_type
FN:102,<conjure_core::ast::declaration::Declaration>::domain
FN:130,<conjure_core::ast::declaration::Declaration>::as_domain_letting
FN:167,<conjure_core::ast::declaration::Declaration as conjure_core::ast::serde::HasId>::id
FN:38,<conjure_core::ast::declaration::DeclarationKind as uniplate::traits::Biplate<conjure_core::ast::declaration::Declaration>>::biplate
FN:112,<conjure_core::ast::declaration::Declaration>::as_var
FN:62,<conjure_core::ast::declaration::Declaration>::new_var
FN:167,<conjure_core::ast::declaration::Declaration as conjure_core::ast::serde::HasId>::id
FN:183,<conjure_core::ast::declaration::Declaration as core::clone::Clone>::clone
FN:183,<conjure_core::ast::declaration::Declaration as core::clone::Clone>::clone
FN:139,<conjure_core::ast::declaration::Declaration>::as_domain_letting_mut
FN:38,<conjure_core::ast::declaration::DeclarationKind as uniplate::traits::Biplate<conjure_core::ast::declaration::Declaration>>::biplate
FN:72,<conjure_core::ast::declaration::Declaration>::new_domain_letting
FN:56,<conjure_core::ast::declaration::Declaration>::new
FN:157,<conjure_core::ast::declaration::Declaration>::as_value_letting_mut
FN:157,<conjure_core::ast::declaration::Declaration>::as_value_letting_mut
FN:173,<conjure_core::ast::declaration::Declaration as conjure_core::ast::serde::DefaultWithId>::default_with_id
FN:193,<conjure_core::ast::declaration::Declaration as conjure_core::ast::types::Typeable>::return_type
FN:112,<conjure_core::ast::declaration::Declaration>::as_var
FN:82,<conjure_core::ast::declaration::Declaration>::new_value_letting
FN:148,<conjure_core::ast::declaration::Declaration>::as_value_letting
FN:157,<conjure_core::ast::declaration::Declaration>::as_value_letting_mut
FN:56,<conjure_core::ast::declaration::Declaration>::new
FN:139,<conjure_core::ast::declaration::Declaration>::as_domain_letting_mut
FN:121,<conjure_core::ast::declaration::Declaration>::as_var_mut
FN:102,<conjure_core::ast::declaration::Declaration>::domain
FN:38,<conjure_core::ast::declaration::DeclarationKind as uniplate::traits::Biplate<conjure_core::ast::declaration::Declaration>>::biplate
FN:173,<conjure_core::ast::declaration::Declaration as conjure_core::ast::serde::DefaultWithId>::default_with_id
FN:92,<conjure_core::ast::declaration::Declaration>::name
FN:82,<conjure_core::ast::declaration::Declaration>::new_value_letting
FN:72,<conjure_core::ast::declaration::Declaration>::new_domain_letting
FN:173,<conjure_core::ast::declaration::Declaration as conjure_core::ast::serde::DefaultWithId>::default_with_id
FN:193,<conjure_core::ast::declaration::Declaration as conjure_core::ast::types::Typeable>::return_type
FN:62,<conjure_core::ast::declaration::Declaration>::new_var
FN:148,<conjure_core::ast::declaration::Declaration>::as_value_letting
FN:139,<conjure_core::ast::declaration::Declaration>::as_domain_letting_mut
FN:97,<conjure_core::ast::declaration::Declaration>::kind
FN:72,<conjure_core::ast::declaration::Declaration>::new_domain_letting
FNDA:0,<conjure_core::ast::declaration::Declaration>::as_domain_letting
FNDA:0,<conjure_core::ast::declaration::DeclarationKind as uniplate::traits::Biplate<conjure_core::ast::declaration::Declaration>>::biplate::{closure#0}
FNDA:1,<conjure_core::ast::declaration::Declaration>::new_var
FNDA:0,<conjure_core::ast::declaration::Declaration as conjure_core::ast::serde::HasId>::id
FNDA:0,<conjure_core::ast::declaration::Declaration>::as_domain_letting
FNDA:0,<conjure_core::ast::declaration::Declaration as core::clone::Clone>::clone
FNDA:0,<conjure_core::ast::declaration::DeclarationKind as uniplate::traits::Biplate<conjure_core::ast::declaration::Declaration>>::biplate::{closure#0}
FNDA:0,<conjure_core::ast::declaration::Declaration>::as_var_mut
FNDA:0,<conjure_core::ast::declaration::Declaration>::new
FNDA:0,<conjure_core::ast::declaration::Declaration>::kind
FNDA:0,<conjure_core::ast::declaration::Declaration>::new_value_letting
FNDA:0,<conjure_core::ast::declaration::Declaration>::as_var_mut
FNDA:0,<conjure_core::ast::declaration::Declaration>::domain
FNDA:1,<conjure_core::ast::declaration::Declaration>::kind
FNDA:0,<conjure_core::ast::declaration::Declaration>::as_var
FNDA:1,<conjure_core::ast::declaration::Declaration>::name
FNDA:0,<conjure_core::ast::declaration::Declaration>::name
FNDA:0,<conjure_core::ast::declaration::DeclarationKind as uniplate::traits::Biplate<conjure_core::ast::declaration::Declaration>>::biplate::{closure#0}
FNDA:0,<conjure_core::ast::declaration::Declaration>::as_value_letting
FNDA:0,<conjure_core::ast::declaration::Declaration as conjure_core::ast::types::Typeable>::return_type
FNDA:1,<conjure_core::ast::declaration::Declaration>::domain
FNDA:1,<conjure_core::ast::declaration::Declaration>::as_domain_letting
FNDA:0,<conjure_core::ast::declaration::Declaration as conjure_core::ast::serde::HasId>::id
FNDA:0,<conjure_core::ast::declaration::DeclarationKind as uniplate::traits::Biplate<conjure_core::ast::declaration::Declaration>>::biplate
FNDA:1,<conjure_core::ast::declaration::Declaration>::as_var
FNDA:0,<conjure_core::ast::declaration::Declaration>::new_var
FNDA:0,<conjure_core::ast::declaration::Declaration as conjure_core::ast::serde::HasId>::id
FNDA:0,<conjure_core::ast::declaration::Declaration as core::clone::Clone>::clone
FNDA:1,<conjure_core::ast::declaration::Declaration as core::clone::Clone>::clone
FNDA:0,<conjure_core::ast::declaration::Declaration>::as_domain_letting_mut
FNDA:0,<conjure_core::ast::declaration::DeclarationKind as uniplate::traits::Biplate<conjure_core::ast::declaration::Declaration>>::biplate
FNDA:1,<conjure_core::ast::declaration::Declaration>::new_domain_letting
FNDA:0,<conjure_core::ast::declaration::Declaration>::new
FNDA:0,<conjure_core::ast::declaration::Declaration>::as_value_letting_mut
FNDA:0,<conjure_core::ast::declaration::Declaration>::as_value_letting_mut
FNDA:0,<conjure_core::ast::declaration::Declaration as conjure_core::ast::serde::DefaultWithId>::default_with_id
FNDA:0,<conjure_core::ast::declaration::Declaration as conjure_core::ast::types::Typeable>::return_type
FNDA:0,<conjure_core::ast::declaration::Declaration>::as_var
FNDA:0,<conjure_core::ast::declaration::Declaration>::new_value_letting
FNDA:1,<conjure_core::ast::declaration::Declaration>::as_value_letting
FNDA:0,<conjure_core::ast::declaration::Declaration>::as_value_letting_mut
FNDA:0,<conjure_core::ast::declaration::Declaration>::new
FNDA:0,<conjure_core::ast::declaration::Declaration>::as_domain_letting_mut
FNDA:1,<conjure_core::ast::declaration::Declaration>::as_var_mut
FNDA:1,<conjure_core::ast::declaration::Declaration>::domain
FNDA:0,<conjure_core::ast::declaration::DeclarationKind as uniplate::traits::Biplate<conjure_core::ast::declaration::Declaration>>::biplate
FNDA:0,<conjure_core::ast::declaration::Declaration as conjure_core::ast::serde::DefaultWithId>::default_with_id
FNDA:1,<conjure_core::ast::declaration::Declaration>::name
FNDA:1,<conjure_core::ast::declaration::Declaration>::new_value_letting
FNDA:0,<conjure_core::ast::declaration::Declaration>::new_domain_letting
FNDA:0,<conjure_core::ast::declaration::Declaration as conjure_core::ast::serde::DefaultWithId>::default_with_id
FNDA:0,<conjure_core::ast::declaration::Declaration as conjure_core::ast::types::Typeable>::return_type
FNDA:1,<conjure_core::ast::declaration::Declaration>::new_var
FNDA:0,<conjure_core::ast::declaration::Declaration>::as_value_letting
FNDA:0,<conjure_core::ast::declaration::Declaration>::as_domain_letting_mut
FNDA:1,<conjure_core::ast::declaration::Declaration>::kind
FNDA:0,<conjure_core::ast::declaration::Declaration>::new_domain_letting
FNF:57
FNH:15
BRF:0
BRH:0
DA:38,0
DA:39,0
DA:40,0
DA:41,0
DA:56,0
DA:57,0
DA:58,0
DA:59,0
DA:62,12695
DA:63,12695
DA:64,12695
DA:65,12695
DA:66,12695
DA:67,12695
DA:68,12695
DA:69,12695
DA:72,95
DA:73,95
DA:74,95
DA:75,95
DA:76,95
DA:77,95
DA:78,95
DA:79,95
DA:82,209
DA:83,209
DA:84,209
DA:85,209
DA:86,209
DA:87,209
DA:88,209
DA:89,209
DA:92,6408437
DA:93,6408437
DA:94,6408437
DA:97,6675484
DA:98,6675484
DA:99,6675484
DA:102,114442
DA:103,114442
DA:104,113074
DA:106,76
DA:107,1292
DA:109,114442
DA:112,6547438
DA:113,6547438
DA:114,6538622
DA:116,8816
DA:118,6547438
DA:121,342
DA:122,342
DA:123,342
DA:125,0
DA:127,342
DA:130,190
DA:131,190
DA:132,190
DA:134,0
DA:136,190
DA:139,0
DA:140,0
DA:141,0
DA:143,0
DA:145,0
DA:148,84531
DA:149,84531
DA:150,361
DA:152,84170
DA:154,84531
DA:157,0
DA:158,0
DA:159,0
DA:161,0
DA:163,0
DA:167,0
DA:168,0
DA:169,0
DA:173,0
DA:174,0
DA:175,0
DA:176,0
DA:177,0
DA:178,0
DA:179,0
DA:183,1558
DA:184,1558
DA:185,1558
DA:186,1558
DA:187,1558
DA:188,1558
DA:189,1558
DA:193,0
DA:194,0
DA:195,0
DA:196,0
DA:197,0
DA:199,0
LF:97
LH:61
end_of_record
SF:crates/conjure_core/src/rules/partial_eval.rs
FN:15,conjure_core::rules::partial_eval::CONJURE_GEN_RULE_PARTIAL_EVALUATOR::__typecheck::{closure#0}::{closure#0}
FN:16,conjure_core::rules::partial_eval::partial_evaluator
FN:377,conjure_core::rules::partial_eval::check_pairwise_or_tautologies
FN:15,conjure_core::rules::partial_eval::CONJURE_GEN_RULE_PARTIAL_EVALUATOR::__typecheck::{closure#0}::{closure#0}
FN:16,conjure_core::rules::partial_eval::partial_evaluator
FN:377,conjure_core::rules::partial_eval::check_pairwise_or_tautologies
FN:15,conjure_core::rules::partial_eval::CONJURE_GEN_RULE_PARTIAL_EVALUATOR::__typecheck::{closure#0}::{closure#0}
FN:16,conjure_core::rules::partial_eval::partial_evaluator
FN:377,conjure_core::rules::partial_eval::check_pairwise_or_tautologies
FNDA:0,conjure_core::rules::partial_eval::CONJURE_GEN_RULE_PARTIAL_EVALUATOR::__typecheck::{closure#0}::{closure#0}
FNDA:0,conjure_core::rules::partial_eval::partial_evaluator
FNDA:1,conjure_core::rules::partial_eval::check_pairwise_or_tautologies
FNDA:0,conjure_core::rules::partial_eval::CONJURE_GEN_RULE_PARTIAL_EVALUATOR::__typecheck::{closure#0}::{closure#0}
FNDA:1,conjure_core::rules::partial_eval::partial_evaluator
FNDA:0,conjure_core::rules::partial_eval::check_pairwise_or_tautologies
FNDA:0,conjure_core::rules::partial_eval::CONJURE_GEN_RULE_PARTIAL_EVALUATOR::__typecheck::{closure#0}::{closure#0}
FNDA:0,conjure_core::rules::partial_eval::partial_evaluator
FNDA:0,conjure_core::rules::partial_eval::check_pairwise_or_tautologies
FNF:9
FNH:2
BRF:0
BRH:0
DA:16,910784
DA:23,910784
DA:24,44289
DA:25,779
DA:26,0
DA:27,0
DA:28,16359
DA:29,5795
DA:30,19038
DA:31,7676
DA:32,1102
DA:33,4693
DA:34,435727
DA:35,0
DA:36,1026
DA:37,38
DA:38,988
DA:40,4313
DA:41,4313
DA:42,4313
DA:43,4313
DA:44,16606
DA:45,2223
DA:46,2223
DA:47,2223
DA:48,10070
DA:49,10070
DA:50,10070
DA:52,4313
DA:53,1995
DA:54,2318
DA:56,4313
DA:57,4199
DA:59,114
DA:63,3306
DA:64,3306
DA:65,3306
DA:66,3306
DA:67,10393
DA:68,3154
DA:69,3154
DA:70,3154
DA:71,3933
DA:72,3933
DA:73,3933
DA:76,3306
DA:77,209
DA:78,3097
DA:79,3097
DA:80,3097
DA:81,3097
DA:82,3097
DA:83,3097
DA:86,0
DA:87,0
DA:88,0
DA:89,0
DA:90,0
DA:92,0
DA:94,3097
DA:96,3059
DA:99,38
DA:103,247
DA:104,247
DA:105,133
DA:107,114
DA:108,114
DA:109,114
DA:110,342
DA:111,0
DA:112,0
DA:113,0
DA:114,0
DA:115,0
DA:116,0
DA:118,0
DA:121,0
DA:123,228
DA:124,228
DA:125,228
DA:128,114
DA:129,0
DA:130,114
DA:132,114
DA:133,114
DA:135,0
DA:136,0
DA:137,0
DA:138,0
DA:142,209
DA:143,209
DA:144,152
DA:147,57
DA:148,57
DA:149,57
DA:150,171
DA:151,19
DA:152,19
DA:153,19
DA:154,0
DA:155,0
DA:156,0
DA:158,0
DA:161,19
DA:163,95
DA:164,95
DA:165,95
DA:168,57
DA:169,19
DA:170,38
DA:172,57
DA:173,57
DA:175,0
DA:176,0
DA:177,0
DA:178,0
DA:181,9785
DA:182,26163
DA:183,26163
DA:184,22648
DA:187,3515
DA:188,3515
DA:189,3515
DA:190,3515
DA:191,11229
DA:192,76
DA:193,76
DA:194,76
DA:195,76
DA:196,76
DA:197,76
DA:198,38
DA:199,38
DA:200,7676
DA:201,7676
DA:202,7676
DA:206,3477
DA:207,0
DA:208,3477
DA:209,3477
DA:210,3477
DA:211,3477
DA:212,0
DA:213,3477
DA:214,3477
DA:215,3477
DA:216,3439
DA:217,38
DA:218,38
DA:219,38
DA:220,38
DA:221,38
DA:222,38
DA:224,19190
DA:225,19190
DA:226,1007
DA:228,18183
DA:229,18183
DA:230,62681
DA:231,1425
DA:232,1425
DA:233,1425
DA:234,38
DA:235,38
DA:236,38
DA:237,38
DA:238,1387
DA:239,43111
DA:240,43111
DA:241,43111
DA:244,18145
DA:245,16758
DA:247,1387
DA:248,1387
DA:249,1387
DA:250,1387
DA:255,25156
DA:256,25156
DA:257,25156
DA:258,8702
DA:259,16454
DA:260,16454
DA:261,16454
DA:262,16454
DA:263,132126
DA:264,133
DA:265,133
DA:266,133
DA:267,38
DA:268,38
DA:269,38
DA:270,38
DA:271,95
DA:272,115577
DA:273,115577
DA:274,115577
DA:277,16416
DA:278,16321
DA:280,95
DA:281,0
DA:282,95
DA:283,95
DA:284,95
DA:285,95
DA:288,33668
DA:289,38
DA:290,38
DA:292,38
DA:295,0
DA:297,33630
DA:298,33630
DA:299,33630
DA:300,33630
DA:301,33630
DA:302,33630
DA:303,33630
DA:304,33630
DA:305,33630
DA:306,38
DA:307,33592
DA:308,33592
DA:309,33592
DA:311,86032
DA:312,9063
DA:313,1843
DA:314,32338
DA:315,57
DA:316,2527
DA:317,10640
DA:318,5358
DA:319,13965
DA:320,13965
DA:321,13718
DA:324,247
DA:327,874
DA:328,0
DA:329,0
DA:330,0
DA:331,0
DA:332,627
DA:336,247
DA:338,2204
DA:339,4218
DA:340,4180
DA:341,12635
DA:342,190
DA:343,418
DA:344,209
DA:348,1387
DA:349,323
DA:350,12996
DA:351,133
DA:352,171
DA:353,2128
DA:354,2223
DA:355,1463
DA:356,532
DA:357,418
DA:358,2869
DA:359,6327
DA:360,323
DA:361,18696
DA:362,15143
DA:363,1140
DA:364,114
DA:366,910784
DA:377,3477
DA:378,3477
DA:379,3477
DA:380,3477
DA:381,3477
DA:382,3477
DA:383,3477
DA:384,3477
DA:385,3477
DA:387,7638
DA:388,7638
DA:392,0
DA:393,0
DA:394,0
DA:395,0
DA:396,0
DA:397,7638
DA:401,3477
DA:402,0
DA:403,0
DA:404,0
DA:408,3477
DA:409,0
DA:410,0
DA:411,0
DA:414,3477
DA:415,3477
LF:293
LH:244
end_of_record
SF:conjure_oxide/src/utils/json.rs
FN:68,conjure_oxide::utils::json::sort_json_object::{closure#2}
FN:62,conjure_oxide::utils::json::sort_json_object::{closure#1}
FN:7,conjure_oxide::utils::json::json_value_cmp
FN:48,conjure_oxide::utils::json::sort_json_object
FN:53,conjure_oxide::utils::json::sort_json_object::{closure#0}
FN:7,conjure_oxide::utils::json::json_value_cmp
FN:32,conjure_oxide::utils::json::sort_json_variables
FN:53,conjure_oxide::utils::json::sort_json_object::{closure#0}
FN:7,conjure_oxide::utils::json::json_value_cmp
FN:68,conjure_oxide::utils::json::sort_json_object::{closure#2}
FN:32,conjure_oxide::utils::json::sort_json_variables
FN:53,conjure_oxide::utils::json::sort_json_object::{closure#0}
FN:62,conjure_oxide::utils::json::sort_json_object::{closure#1}
FN:48,conjure_oxide::utils::json::sort_json_object
FN:48,conjure_oxide::utils::json::sort_json_object
FN:32,conjure_oxide::utils::json::sort_json_variables
FN:68,conjure_oxide::utils::json::sort_json_object::{closure#2}
FN:62,conjure_oxide::utils::json::sort_json_object::{closure#1}
FNDA:0,conjure_oxide::utils::json::sort_json_object::{closure#2}
FNDA:0,conjure_oxide::utils::json::sort_json_object::{closure#1}
FNDA:1,conjure_oxide::utils::json::json_value_cmp
FNDA:1,conjure_oxide::utils::json::sort_json_object
FNDA:0,conjure_oxide::utils::json::sort_json_object::{closure#0}
FNDA:0,conjure_oxide::utils::json::json_value_cmp
FNDA:0,conjure_oxide::utils::json::sort_json_variables
FNDA:0,conjure_oxide::utils::json::sort_json_object::{closure#0}
FNDA:0,conjure_oxide::utils::json::json_value_cmp
FNDA:1,conjure_oxide::utils::json::sort_json_object::{closure#2}
FNDA:0,conjure_oxide::utils::json::sort_json_variables
FNDA:1,conjure_oxide::utils::json::sort_json_object::{closure#0}
FNDA:1,conjure_oxide::utils::json::sort_json_object::{closure#1}
FNDA:0,conjure_oxide::utils::json::sort_json_object
FNDA:0,conjure_oxide::utils::json::sort_json_object
FNDA:0,conjure_oxide::utils::json::sort_json_variables
FNDA:0,conjure_oxide::utils::json::sort_json_object::{closure#2}
FNDA:0,conjure_oxide::utils::json::sort_json_object::{closure#1}
FNF:18
FNH:5
BRF:0
BRH:0
DA:7,409556
DA:8,409556
DA:9,0
DA:10,0
DA:11,0
DA:12,0
DA:13,0
DA:14,0
DA:15,0
DA:17,0
DA:18,0
DA:19,0
DA:20,0
DA:21,0
DA:22,0
DA:24,0
DA:26,409556
DA:28,409556
DA:32,0
DA:33,0
DA:34,0
DA:35,0
DA:36,0
DA:37,0
DA:39,0
DA:41,0
DA:48,1595174
DA:49,1595174
DA:50,820568
DA:51,820568
DA:52,820568
DA:53,1364650
DA:54,1364650
DA:55,0
DA:57,1364650
DA:59,1364650
DA:60,820568
DA:61,820568
DA:62,1290219
DA:63,820568
DA:65,70252
DA:66,70252
DA:67,70252
DA:68,226163
DA:69,70252
DA:70,70252
DA:71,70252
DA:72,27237
DA:73,43015
DA:75,70252
DA:77,704354
DA:79,1595174
LF:52
LH:29
end_of_record
SF:crates/conjure_core/src/ast/matrix.rs
FN:124,conjure_core::ast::matrix::index_domains::{closure#0}
FN:118,conjure_core::ast::matrix::index_domains
FN:124,conjure_core::ast::matrix::index_domains::{closure#0}
FN:87,conjure_core::ast::matrix::flatten_enumerate
FN:41,conjure_core::ast::matrix::enumerate_indices
FN:87,conjure_core::ast::matrix::flatten_enumerate
FN:60,conjure_core::ast::matrix::flatten
FN:96,conjure_core::ast::matrix::flatten_enumerate::{closure#0}
FN:60,conjure_core::ast::matrix::flatten
FN:68,conjure_core::ast::matrix::flatten_1
FN:44,conjure_core::ast::matrix::enumerate_indices::{closure#0}
FN:41,conjure_core::ast::matrix::enumerate_indices
FN:27,rust_out::main::_doctest_main_crates_conjure_core_src_ast_matrix_rs_26_0
FN:60,conjure_core::ast::matrix::flatten
FN:69,conjure_core::ast::matrix::flatten_1::{closure#0}
FN:96,conjure_core::ast::matrix::flatten_enumerate::{closure#0}
FN:118,conjure_core::ast::matrix::index_domains
FN:68,conjure_core::ast::matrix::flatten_1
FN:118,conjure_core::ast::matrix::index_domains
FN:96,conjure_core::ast::matrix::flatten_enumerate::{closure#0}
FN:27,rust_out::main
FN:68,conjure_core::ast::matrix::flatten_1
FN:41,conjure_core::ast::matrix::enumerate_indices
FN:124,conjure_core::ast::matrix::index_domains::{closure#0}
FN:69,conjure_core::ast::matrix::flatten_1::{closure#0}
FN:69,conjure_core::ast::matrix::flatten_1::{closure#0}
FN:44,conjure_core::ast::matrix::enumerate_indices::{closure#0}
FN:44,conjure_core::ast::matrix::enumerate_indices::{closure#0}
FN:87,conjure_core::ast::matrix::flatten_enumerate
FNDA:0,conjure_core::ast::matrix::index_domains::{closure#0}
FNDA:0,conjure_core::ast::matrix::index_domains
FNDA:0,conjure_core::ast::matrix::index_domains::{closure#0}
FNDA:0,conjure_core::ast::matrix::flatten_enumerate
FNDA:1,conjure_core::ast::matrix::enumerate_indices
FNDA:0,conjure_core::ast::matrix::flatten_enumerate
FNDA:0,conjure_core::ast::matrix::flatten
FNDA:1,conjure_core::ast::matrix::flatten_enumerate::{closure#0}
FNDA:1,conjure_core::ast::matrix::flatten
FNDA:0,conjure_core::ast::matrix::flatten_1
FNDA:0,conjure_core::ast::matrix::enumerate_indices::{closure#0}
FNDA:0,conjure_core::ast::matrix::enumerate_indices
FNDA:1,rust_out::main::_doctest_main_crates_conjure_core_src_ast_matrix_rs_26_0
FNDA:0,conjure_core::ast::matrix::flatten
FNDA:0,conjure_core::ast::matrix::flatten_1::{closure#0}
FNDA:0,conjure_core::ast::matrix::flatten_enumerate::{closure#0}
FNDA:0,conjure_core::ast::matrix::index_domains
FNDA:0,conjure_core::ast::matrix::flatten_1
FNDA:1,conjure_core::ast::matrix::index_domains
FNDA:0,conjure_core::ast::matrix::flatten_enumerate::{closure#0}
FNDA:1,rust_out::main
FNDA:1,conjure_core::ast::matrix::flatten_1
FNDA:0,conjure_core::ast::matrix::enumerate_indices
FNDA:1,conjure_core::ast::matrix::index_domains::{closure#0}
FNDA:0,conjure_core::ast::matrix::flatten_1::{closure#0}
FNDA:1,conjure_core::ast::matrix::flatten_1::{closure#0}
FNDA:1,conjure_core::ast::matrix::enumerate_indices::{closure#0}
FNDA:0,conjure_core::ast::matrix::enumerate_indices::{closure#0}
FNDA:1,conjure_core::ast::matrix::flatten_enumerate
FNF:29
FNH:11
BRF:0
BRH:0
DA:27,1
DA:29,1
DA:30,1
DA:31,1
DA:32,1
DA:33,1
DA:34,1
DA:35,1
DA:36,1
DA:37,1
DA:38,1
DA:39,1
DA:40,1
DA:41,307
DA:42,323
DA:43,323
DA:44,551
DA:45,551
DA:46,551
DA:47,551
DA:48,323
DA:49,323
DA:60,133
DA:61,133
DA:62,0
DA:65,133
DA:66,133
DA:68,190
DA:69,513
DA:70,133
DA:71,133
DA:73,380
DA:75,513
DA:76,190
DA:87,57
DA:88,57
DA:89,57
DA:90,57
DA:91,0
DA:94,57
DA:95,57
DA:96,114
DA:97,114
DA:98,114
DA:99,76
DA:100,0
DA:101,76
DA:102,76
DA:104,38
DA:105,114
DA:106,57
DA:107,57
DA:108,57
DA:109,57
DA:118,76
DA:119,76
DA:120,0
DA:123,76
DA:124,304
DA:125,304
DA:126,304
DA:127,0
DA:130,304
DA:131,304
DA:132,0
DA:133,304
DA:134,304
DA:135,304
DA:136,304
DA:139,304
DA:140,76
DA:141,76
LF:72
LH:66
end_of_record
SF:crates/conjure_core/src/ast/pretty.rs
FN:55,conjure_core::ast::pretty::pretty_vec::<conjure_core::ast::literals::Literal>
FN:55,conjure_core::ast::pretty::pretty_vec::<&conjure_core::ast::domains::Domain>
FN:55,conjure_core::ast::pretty::pretty_vec::<conjure_core::ast::literals::Literal>
FN:56,conjure_core::ast::pretty::pretty_vec::<conjure_core::ast::atom::Atom>::{closure#0}
FN:103,conjure_core::ast::pretty::pretty_domain_letting_declaration
FN:56,conjure_core::ast::pretty::pretty_vec::<&conjure_core::ast::domains::Domain>::{closure#0}
FN:55,conjure_core::ast::pretty::pretty_vec::<conjure_core::ast::atom::Atom>
FN:55,conjure_core::ast::pretty::pretty_vec::<conjure_core::ast::atom::Atom>
FN:56,conjure_core::ast::pretty::pretty_vec::<conjure_core::ast::expressions::Expression>::{closure#0}
FN:56,conjure_core::ast::pretty::pretty_vec::<&conjure_core::ast::domains::Domain>::{closure#0}
FN:25,conjure_core::ast::pretty::pretty_expressions_as_top_level::{closure#0}
FN:55,conjure_core::ast::pretty::pretty_vec::<conjure_core::ast::literals::Literal>
FN:25,conjure_core::ast::pretty::pretty_expressions_as_top_level::{closure#0}
FN:24,conjure_core::ast::pretty::pretty_expressions_as_top_level
FN:56,conjure_core::ast::pretty::pretty_vec::<&conjure_core::ast::domains::Domain>::{closure#0}
FN:25,conjure_core::ast::pretty::pretty_expressions_as_top_level::{closure#0}
FN:88,conjure_core::ast::pretty::pretty_value_letting_declaration
FN:55,conjure_core::ast::pretty::pretty_vec::<conjure_core::ast::atom::Atom>
FN:56,conjure_core::ast::pretty::pretty_vec::<conjure_core::ast::atom::Atom>::{closure#0}
FN:55,conjure_core::ast::pretty::pretty_vec::<&conjure_core::ast::domains::Domain>
FN:88,conjure_core::ast::pretty::pretty_value_letting_declaration
FN:103,conjure_core::ast::pretty::pretty_domain_letting_declaration
FN:55,conjure_core::ast::pretty::pretty_vec::<conjure_core::ast::expressions::Expression>
FN:55,conjure_core::ast::pretty::pretty_vec::<&conjure_core::ast::domains::Domain>
FN:38,conjure_core::ast::pretty::pretty_expressions_as_conjunction::{closure#0}
FN:37,conjure_core::ast::pretty::pretty_expressions_as_conjunction
FN:38,conjure_core::ast::pretty::pretty_expressions_as_conjunction::{closure#0}
FN:72,conjure_core::ast::pretty::pretty_variable_declaration
FN:72,conjure_core::ast::pretty::pretty_variable_declaration
FN:56,conjure_core::ast::pretty::pretty_vec::<conjure_core::ast::literals::Literal>::{closure#0}
FN:24,conjure_core::ast::pretty::pretty_expressions_as_top_level
FN:37,conjure_core::ast::pretty::pretty_expressions_as_conjunction
FN:24,conjure_core::ast::pretty::pretty_expressions_as_top_level
FN:56,conjure_core::ast::pretty::pretty_vec::<conjure_core::ast::atom::Atom>::{closure#0}
FN:37,conjure_core::ast::pretty::pretty_expressions_as_conjunction
FN:72,conjure_core::ast::pretty::pretty_variable_declaration
FN:88,conjure_core::ast::pretty::pretty_value_letting_declaration
FN:38,conjure_core::ast::pretty::pretty_expressions_as_conjunction::{closure#0}
FN:55,conjure_core::ast::pretty::pretty_vec::<conjure_core::ast::expressions::Expression>
FN:55,conjure_core::ast::pretty::pretty_vec::<conjure_core::ast::expressions::Expression>
FN:56,conjure_core::ast::pretty::pretty_vec::<conjure_core::ast::expressions::Expression>::{closure#0}
FN:56,conjure_core::ast::pretty::pretty_vec::<conjure_core::ast::expressions::Expression>::{closure#0}
FN:103,conjure_core::ast::pretty::pretty_domain_letting_declaration
FN:56,conjure_core::ast::pretty::pretty_vec::<conjure_core::ast::literals::Literal>::{closure#0}
FN:56,conjure_core::ast::pretty::pretty_vec::<conjure_core::ast::literals::Literal>::{closure#0}
FNDA:0,conjure_core::ast::pretty::pretty_vec::<conjure_core::ast::literals::Literal>
FNDA:0,conjure_core::ast::pretty::pretty_vec::<&conjure_core::ast::domains::Domain>
FNDA:0,conjure_core::ast::pretty::pretty_vec::<conjure_core::ast::literals::Literal>
FNDA:0,conjure_core::ast::pretty::pretty_vec::<conjure_core::ast::atom::Atom>::{closure#0}
FNDA:1,conjure_core::ast::pretty::pretty_domain_letting_declaration
FNDA:1,conjure_core::ast::pretty::pretty_vec::<&conjure_core::ast::domains::Domain>::{closure#0}
FNDA:0,conjure_core::ast::pretty::pretty_vec::<conjure_core::ast::atom::Atom>
FNDA:0,conjure_core::ast::pretty::pretty_vec::<conjure_core::ast::atom::Atom>
FNDA:0,conjure_core::ast::pretty::pretty_vec::<conjure_core::ast::expressions::Expression>::{closure#0}
FNDA:0,conjure_core::ast::pretty::pretty_vec::<&conjure_core::ast::domains::Domain>::{closure#0}
FNDA:1,conjure_core::ast::pretty::pretty_expressions_as_top_level::{closure#0}
FNDA:1,conjure_core::ast::pretty::pretty_vec::<conjure_core::ast::literals::Literal>
FNDA:0,conjure_core::ast::pretty::pretty_expressions_as_top_level::{closure#0}
FNDA:0,conjure_core::ast::pretty::pretty_expressions_as_top_level
FNDA:0,conjure_core::ast::pretty::pretty_vec::<&conjure_core::ast::domains::Domain>::{closure#0}
FNDA:0,conjure_core::ast::pretty::pretty_expressions_as_top_level::{closure#0}
FNDA:1,conjure_core::ast::pretty::pretty_value_letting_declaration
FNDA:1,conjure_core::ast::pretty::pretty_vec::<conjure_core::ast::atom::Atom>
FNDA:1,conjure_core::ast::pretty::pretty_vec::<conjure_core::ast::atom::Atom>::{closure#0}
FNDA:0,conjure_core::ast::pretty::pretty_vec::<&conjure_core::ast::domains::Domain>
FNDA:0,conjure_core::ast::pretty::pretty_value_letting_declaration
FNDA:0,conjure_core::ast::pretty::pretty_domain_letting_declaration
FNDA:0,conjure_core::ast::pretty::pretty_vec::<conjure_core::ast::expressions::Expression>
FNDA:1,conjure_core::ast::pretty::pretty_vec::<&conjure_core::ast::domains::Domain>
FNDA:0,conjure_core::ast::pretty::pretty_expressions_as_conjunction::{closure#0}
FNDA:0,conjure_core::ast::pretty::pretty_expressions_as_conjunction
FNDA:0,conjure_core::ast::pretty::pretty_expressions_as_conjunction::{closure#0}
FNDA:0,conjure_core::ast::pretty::pretty_variable_declaration
FNDA:1,conjure_core::ast::pretty::pretty_variable_declaration
FNDA:0,conjure_core::ast::pretty::pretty_vec::<conjure_core::ast::literals::Literal>::{closure#0}
FNDA:1,conjure_core::ast::pretty::pretty_expressions_as_top_level
FNDA:0,conjure_core::ast::pretty::pretty_expressions_as_conjunction
FNDA:0,conjure_core::ast::pretty::pretty_expressions_as_top_level
FNDA:0,conjure_core::ast::pretty::pretty_vec::<conjure_core::ast::atom::Atom>::{closure#0}
FNDA:0,conjure_core::ast::pretty::pretty_expressions_as_conjunction
FNDA:0,conjure_core::ast::pretty::pretty_variable_declaration
FNDA:0,conjure_core::ast::pretty::pretty_value_letting_declaration
FNDA:0,conjure_core::ast::pretty::pretty_expressions_as_conjunction::{closure#0}
FNDA:1,conjure_core::ast::pretty::pretty_vec::<conjure_core::ast::expressions::Expression>
FNDA:0,conjure_core::ast::pretty::pretty_vec::<conjure_core::ast::expressions::Expression>
FNDA:0,conjure_core::ast::pretty::pretty_vec::<conjure_core::ast::expressions::Expression>::{closure#0}
FNDA:1,conjure_core::ast::pretty::pretty_vec::<conjure_core::ast::expressions::Expression>::{closure#0}
FNDA:0,conjure_core::ast::pretty::pretty_domain_letting_declaration
FNDA:0,conjure_core::ast::pretty::pretty_vec::<conjure_core::ast::literals::Literal>::{closure#0}
FNDA:1,conjure_core::ast::pretty::pretty_vec::<conjure_core::ast::literals::Literal>::{closure#0}
FNF:45
FNH:13
BRF:0
BRH:0
DA:24,4522
DA:25,10906
DA:26,4522
DA:37,0
DA:38,0
DA:39,0
DA:40,0
DA:41,0
DA:42,0
DA:43,0
DA:44,0
DA:55,55176
DA:56,58501
DA:57,55176
DA:58,55176
DA:59,55176
DA:60,55176
DA:61,55176
DA:72,15998
DA:73,15998
DA:74,15998
DA:75,15998
DA:76,15998
DA:77,15998
DA:88,228
DA:89,228
DA:90,228
DA:91,228
DA:92,228
DA:103,190
DA:104,190
DA:105,190
DA:106,190
DA:107,190
DA:108,190
DA:109,190
DA:110,190
LF:37
LH:29
end_of_record
SF:crates/conjure_core/src/rule_engine/resolve_rules.rs
FN:165,conjure_core::rule_engine::resolve_rules::resolve_rule_sets
FN:48,<conjure_core::rule_engine::resolve_rules::RuleData as core::cmp::Ord>::cmp
FN:19,<conjure_core::rule_engine::resolve_rules::RuleData as core::fmt::Display>::fmt
FN:151,conjure_core::rule_engine::resolve_rules::get_rules_grouped::{closure#1}
FN:63,<conjure_core::rule_engine::resolve_rules::ResolveRulesError as core::fmt::Display>::fmt
FN:115,conjure_core::rule_engine::resolve_rules::get_rules
FN:33,<conjure_core::rule_engine::resolve_rules::RuleData as core::cmp::PartialEq>::eq
FN:165,conjure_core::rule_engine::resolve_rules::resolve_rule_sets
FN:33,<conjure_core::rule_engine::resolve_rules::RuleData as core::cmp::PartialEq>::eq
FN:48,<conjure_core::rule_engine::resolve_rules::RuleData as core::cmp::Ord>::cmp
FN:77,conjure_core::rule_engine::resolve_rules::get_rule_set
FN:115,conjure_core::rule_engine::resolve_rules::get_rules
FN:93,conjure_core::rule_engine::resolve_rules::rule_sets_by_names
FN:93,conjure_core::rule_engine::resolve_rules::rule_sets_by_names
FN:142,conjure_core::rule_engine::resolve_rules::get_rules_grouped
FN:148,conjure_core::rule_engine::resolve_rules::get_rules_grouped::{closure#0}
FN:42,<conjure_core::rule_engine::resolve_rules::RuleData as core::cmp::PartialOrd>::partial_cmp
FN:142,conjure_core::rule_engine::resolve_rules::get_rules_grouped
FN:63,<conjure_core::rule_engine::resolve_rules::ResolveRulesError as core::fmt::Display>::fmt
FN:148,conjure_core::rule_engine::resolve_rules::get_rules_grouped::{closure#0}
FN:63,<conjure_core::rule_engine::resolve_rules::ResolveRulesError as core::fmt::Display>::fmt
FN:148,conjure_core::rule_engine::resolve_rules::get_rules_grouped::{closure#0}
FN:42,<conjure_core::rule_engine::resolve_rules::RuleData as core::cmp::PartialOrd>::partial_cmp
FN:142,conjure_core::rule_engine::resolve_rules::get_rules_grouped
FN:165,conjure_core::rule_engine::resolve_rules::resolve_rule_sets
FN:48,<conjure_core::rule_engine::resolve_rules::RuleData as core::cmp::Ord>::cmp
FN:19,<conjure_core::rule_engine::resolve_rules::RuleData as core::fmt::Display>::fmt
FN:33,<conjure_core::rule_engine::resolve_rules::RuleData as core::cmp::PartialEq>::eq
FN:115,conjure_core::rule_engine::resolve_rules::get_rules
FN:42,<conjure_core::rule_engine::resolve_rules::RuleData as core::cmp::PartialOrd>::partial_cmp
FN:19,<conjure_core::rule_engine::resolve_rules::RuleData as core::fmt::Display>::fmt
FN:151,conjure_core::rule_engine::resolve_rules::get_rules_grouped::{closure#1}
FN:93,conjure_core::rule_engine::resolve_rules::rule_sets_by_names
FN:77,conjure_core::rule_engine::resolve_rules::get_rule_set
FN:151,conjure_core::rule_engine::resolve_rules::get_rules_grouped::{closure#1}
FN:77,conjure_core::rule_engine::resolve_rules::get_rule_set
FNDA:0,conjure_core::rule_engine::resolve_rules::resolve_rule_sets
FNDA:0,<conjure_core::rule_engine::resolve_rules::RuleData as core::cmp::Ord>::cmp
FNDA:0,<conjure_core::rule_engine::resolve_rules::RuleData as core::fmt::Display>::fmt
FNDA:0,conjure_core::rule_engine::resolve_rules::get_rules_grouped::{closure#1}
FNDA:0,<conjure_core::rule_engine::resolve_rules::ResolveRulesError as core::fmt::Display>::fmt
FNDA:0,conjure_core::rule_engine::resolve_rules::get_rules
FNDA:0,<conjure_core::rule_engine::resolve_rules::RuleData as core::cmp::PartialEq>::eq
FNDA:1,conjure_core::rule_engine::resolve_rules::resolve_rule_sets
FNDA:0,<conjure_core::rule_engine::resolve_rules::RuleData as core::cmp::PartialEq>::eq
FNDA:0,<conjure_core::rule_engine::resolve_rules::RuleData as core::cmp::Ord>::cmp
FNDA:0,conjure_core::rule_engine::resolve_rules::get_rule_set
FNDA:1,conjure_core::rule_engine::resolve_rules::get_rules
FNDA:0,conjure_core::rule_engine::resolve_rules::rule_sets_by_names
FNDA:1,conjure_core::rule_engine::resolve_rules::rule_sets_by_names
FNDA:0,conjure_core::rule_engine::resolve_rules::get_rules_grouped
FNDA:1,conjure_core::rule_engine::resolve_rules::get_rules_grouped::{closure#0}
FNDA:0,<conjure_core::rule_engine::resolve_rules::RuleData as core::cmp::PartialOrd>::partial_cmp
FNDA:1,conjure_core::rule_engine::resolve_rules::get_rules_grouped
FNDA:0,<conjure_core::rule_engine::resolve_rules::ResolveRulesError as core::fmt::Display>::fmt
FNDA:0,conjure_core::rule_engine::resolve_rules::get_rules_grouped::{closure#0}
FNDA:0,<conjure_core::rule_engine::resolve_rules::ResolveRulesError as core::fmt::Display>::fmt
FNDA:0,conjure_core::rule_engine::resolve_rules::get_rules_grouped::{closure#0}
FNDA:0,<conjure_core::rule_engine::resolve_rules::RuleData as core::cmp::PartialOrd>::partial_cmp
FNDA:0,conjure_core::rule_engine::resolve_rules::get_rules_grouped
FNDA:0,conjure_core::rule_engine::resolve_rules::resolve_rule_sets
FNDA:1,<conjure_core::rule_engine::resolve_rules::RuleData as core::cmp::Ord>::cmp
FNDA:0,<conjure_core::rule_engine::resolve_rules::RuleData as core::fmt::Display>::fmt
FNDA:0,<conjure_core::rule_engine::resolve_rules::RuleData as core::cmp::PartialEq>::eq
FNDA:0,conjure_core::rule_engine::resolve_rules::get_rules
FNDA:0,<conjure_core::rule_engine::resolve_rules::RuleData as core::cmp::PartialOrd>::partial_cmp
FNDA:0,<conjure_core::rule_engine::resolve_rules::RuleData as core::fmt::Display>::fmt
FNDA:1,conjure_core::rule_engine::resolve_rules::get_rules_grouped::{closure#1}
FNDA:0,conjure_core::rule_engine::resolve_rules::rule_sets_by_names
FNDA:1,conjure_core::rule_engine::resolve_rules::get_rule_set
FNDA:0,conjure_core::rule_engine::resolve_rules::get_rules_grouped::{closure#1}
FNDA:0,conjure_core::rule_engine::resolve_rules::get_rule_set
FNF:36
FNH:8
BRF:0
BRH:0
DA:19,0
DA:20,0
DA:21,0
DA:22,0
DA:23,0
DA:24,0
DA:25,0
DA:33,0
DA:34,0
DA:35,0
DA:42,0
DA:43,0
DA:44,0
DA:48,889751
DA:49,889751
DA:50,265791
DA:51,623960
DA:53,889751
DA:63,0
DA:64,0
DA:65,0
DA:66,0
DA:67,0
DA:77,6023
DA:78,6023
DA:79,6023
DA:80,0
DA:82,6023
DA:93,2071
DA:94,2071
DA:95,2071
DA:96,2071
DA:98,8094
DA:99,6023
DA:100,6023
DA:101,6023
DA:102,6023
DA:105,2071
DA:106,2071
DA:115,2033
DA:116,2033
DA:117,2033
DA:118,2033
DA:119,2033
DA:120,2033
DA:122,10108
DA:123,133779
DA:124,133779
DA:125,133779
DA:126,133779
DA:127,133779
DA:128,133779
DA:129,133779
DA:132,2033
DA:133,2033
DA:142,2033
DA:143,2033
DA:144,2033
DA:145,2033
DA:146,2033
DA:147,2033
DA:148,133779
DA:149,2033
DA:150,2033
DA:151,34561
DA:152,2033
DA:153,2033
DA:154,2033
DA:165,2071
DA:166,2071
DA:167,2071
DA:168,2071
DA:169,2071
DA:170,2071
DA:171,2071
DA:173,2071
DA:174,2071
DA:175,2071
DA:177,2071
DA:178,2071
DA:179,2071
LF:81
LH:62
end_of_record
SF:crates/tree_morph/src/commands.rs
FN:78,<tree_morph::commands::Commands<conjure_core::ast::expressions::Expression, conjure_core::ast::symbol_table::SymbolTable>>::transform
FN:46,rust_out::main::_doctest_main_crates_tree_morph_src_commands_rs_28_0::rule::{closure#1}
FN:95,<tree_morph::commands::Commands<mixed_fn_rules::Expr, ()>>::apply
FN:95,<tree_morph::commands::Commands<_, _>>::apply
FN:85,<tree_morph::commands::Commands<conjure_core::ast::expressions::Expression, conjure_core::ast::symbol_table::SymbolTable>>::mut_meta
FN:65,<tree_morph::commands::Commands<rust_out::main::_doctest_main_crates_tree_morph_src_rule_rs_111_0::Foo, ()>>::new
FN:65,<tree_morph::commands::Commands<rust_out::main::_doctest_main_crates_tree_morph_src_commands_rs_28_0::Expr, bool>>::new
FN:85,<tree_morph::commands::Commands<lambda_calc::Expr, u32>>::mut_meta
FN:90,<tree_morph::commands::Commands<_, _>>::clear
FN:41,rust_out::main::_doctest_main_crates_tree_morph_src_commands_rs_28_0::rule
FN:95,<tree_morph::commands::Commands<rust_out::main::_doctest_main_crates_tree_morph_src_rule_rs_111_0::Foo, ()>>::apply
FN:95,<tree_morph::commands::Commands<rule_groups::Expr, ()>>::apply
FN:95,<tree_morph::commands::Commands<shapes::Shape, ()>>::apply
FN:85,<tree_morph::commands::Commands<conjure_core::ast::expressions::Expression, conjure_core::ast::symbol_table::SymbolTable>>::mut_meta
FN:78,<tree_morph::commands::Commands<rust_out::main::_doctest_main_crates_tree_morph_src_commands_rs_28_0::Expr, bool>>::transform
FN:85,<tree_morph::commands::Commands<rust_out::main::_doctest_main_crates_tree_morph_src_engine_rs_32_0::Expr, i32>>::mut_meta
FN:85,<tree_morph::commands::Commands<_, _>>::mut_meta
FN:29,rust_out::main::_doctest_main_crates_tree_morph_src_commands_rs_28_0
FN:65,<tree_morph::commands::Commands<lambda_calc::Expr, u32>>::new
FN:65,<tree_morph::commands::Commands<rule_groups::Expr, ()>>::new
FN:78,<tree_morph::commands::Commands<_, _>>::transform
FN:95,<tree_morph::commands::Commands<enum_rules::Expr, enum_rules::Meta>>::apply
FN:95,<tree_morph::commands::Commands<conjure_core::ast::expressions::Expression, conjure_core::ast::symbol_table::SymbolTable>>::apply
FN:29,rust_out::main
FN:42,rust_out::main::_doctest_main_crates_tree_morph_src_commands_rs_28_0::rule::{closure#0}
FN:95,<tree_morph::commands::Commands<rust_out::main::_doctest_main_crates_tree_morph_src_rule_rs_38_0::Term, ()>>::apply
FN:65,<tree_morph::commands::Commands<conjure_core::ast::expressions::Expression, conjure_core::ast::symbol_table::SymbolTable>>::new
FN:78,<tree_morph::commands::Commands<conjure_core::ast::expressions::Expression, conjure_core::ast::symbol_table::SymbolTable>>::transform
FN:85,<tree_morph::commands::Commands<enum_rules::Expr, enum_rules::Meta>>::mut_meta
FN:65,<tree_morph::commands::Commands<shapes::Shape, ()>>::new
FN:65,<tree_morph::commands::Commands<rust_out::main::_doctest_main_crates_tree_morph_src_rule_rs_38_0::Term, ()>>::new
FN:95,<tree_morph::commands::Commands<lambda_calc::Expr, u32>>::apply
FN:95,<tree_morph::commands::Commands<rust_out::main::_doctest_main_crates_tree_morph_src_engine_rs_32_0::Expr, i32>>::apply
FN:85,<tree_morph::commands::Commands<rust_out::main::_doctest_main_crates_tree_morph_src_commands_rs_28_0::Expr, bool>>::mut_meta
FN:95,<tree_morph::commands::Commands<rust_out::main::_doctest_main_crates_tree_morph_src_commands_rs_28_0::Expr, bool>>::apply
FN:65,<tree_morph::commands::Commands<_, _>>::new
FN:65,<tree_morph::commands::Commands<mixed_fn_rules::Expr, ()>>::new
FN:65,<tree_morph::commands::Commands<enum_rules::Expr, enum_rules::Meta>>::new
FN:65,<tree_morph::commands::Commands<rust_out::main::_doctest_main_crates_tree_morph_src_engine_rs_32_0::Expr, i32>>::new
FNDA:0,<tree_morph::commands::Commands<conjure_core::ast::expressions::Expression, conjure_core::ast::symbol_table::SymbolTable>>::transform
FNDA:1,rust_out::main::_doctest_main_crates_tree_morph_src_commands_rs_28_0::rule::{closure#1}
FNDA:1,<tree_morph::commands::Commands<mixed_fn_rules::Expr, ()>>::apply
FNDA:0,<tree_morph::commands::Commands<_, _>>::apply
FNDA:0,<tree_morph::commands::Commands<conjure_core::ast::expressions::Expression, conjure_core::ast::symbol_table::SymbolTable>>::mut_meta
FNDA:1,<tree_morph::commands::Commands<rust_out::main::_doctest_main_crates_tree_morph_src_rule_rs_111_0::Foo, ()>>::new
FNDA:1,<tree_morph::commands::Commands<rust_out::main::_doctest_main_crates_tree_morph_src_commands_rs_28_0::Expr, bool>>::new
FNDA:1,<tree_morph::commands::Commands<lambda_calc::Expr, u32>>::mut_meta
FNDA:0,<tree_morph::commands::Commands<_, _>>::clear
FNDA:1,rust_out::main::_doctest_main_crates_tree_morph_src_commands_rs_28_0::rule
FNDA:0,<tree_morph::commands::Commands<rust_out::main::_doctest_main_crates_tree_morph_src_rule_rs_111_0::Foo, ()>>::apply
FNDA:1,<tree_morph::commands::Commands<rule_groups::Expr, ()>>::apply
FNDA:1,<tree_morph::commands::Commands<shapes::Shape, ()>>::apply
FNDA:0,<tree_morph::commands::Commands<conjure_core::ast::expressions::Expression, conjure_core::ast::symbol_table::SymbolTable>>::mut_meta
FNDA:1,<tree_morph::commands::Commands<rust_out::main::_doctest_main_crates_tree_morph_src_commands_rs_28_0::Expr, bool>>::transform
FNDA:1,<tree_morph::commands::Commands<rust_out::main::_doctest_main_crates_tree_morph_src_engine_rs_32_0::Expr, i32>>::mut_meta
FNDA:0,<tree_morph::commands::Commands<_, _>>::mut_meta
FNDA:1,rust_out::main::_doctest_main_crates_tree_morph_src_commands_rs_28_0
FNDA:1,<tree_morph::commands::Commands<lambda_calc::Expr, u32>>::new
FNDA:1,<tree_morph::commands::Commands<rule_groups::Expr, ()>>::new
FNDA:0,<tree_morph::commands::Commands<_, _>>::transform
FNDA:1,<tree_morph::commands::Commands<enum_rules::Expr, enum_rules::Meta>>::apply
FNDA:0,<tree_morph::commands::Commands<conjure_core::ast::expressions::Expression, conjure_core::ast::symbol_table::SymbolTable>>::apply
FNDA:1,rust_out::main
FNDA:1,rust_out::main::_doctest_main_crates_tree_morph_src_commands_rs_28_0::rule::{closure#0}
FNDA:1,<tree_morph::commands::Commands<rust_out::main::_doctest_main_crates_tree_morph_src_rule_rs_38_0::Term, ()>>::apply
FNDA:0,<tree_morph::commands::Commands<conjure_core::ast::expressions::Expression, conjure_core::ast::symbol_table::SymbolTable>>::new
FNDA:0,<tree_morph::commands::Commands<conjure_core::ast::expressions::Expression, conjure_core::ast::symbol_table::SymbolTable>>::transform
FNDA:1,<tree_morph::commands::Commands<enum_rules::Expr, enum_rules::Meta>>::mut_meta
FNDA:1,<tree_morph::commands::Commands<shapes::Shape, ()>>::new
FNDA:1,<tree_morph::commands::Commands<rust_out::main::_doctest_main_crates_tree_morph_src_rule_rs_38_0::Term, ()>>::new
FNDA:1,<tree_morph::commands::Commands<lambda_calc::Expr, u32>>::apply
FNDA:1,<tree_morph::commands::Commands<rust_out::main::_doctest_main_crates_tree_morph_src_engine_rs_32_0::Expr, i32>>::apply
FNDA:1,<tree_morph::commands::Commands<rust_out::main::_doctest_main_crates_tree_morph_src_commands_rs_28_0::Expr, bool>>::mut_meta
FNDA:1,<tree_morph::commands::Commands<rust_out::main::_doctest_main_crates_tree_morph_src_commands_rs_28_0::Expr, bool>>::apply
FNDA:0,<tree_morph::commands::Commands<_, _>>::new
FNDA:1,<tree_morph::commands::Commands<mixed_fn_rules::Expr, ()>>::new
FNDA:1,<tree_morph::commands::Commands<enum_rules::Expr, enum_rules::Meta>>::new
FNDA:1,<tree_morph::commands::Commands<rust_out::main::_doctest_main_crates_tree_morph_src_engine_rs_32_0::Expr, i32>>::new
FNF:39
FNH:27
BRF:0
BRH:0
DA:29,1
DA:41,2
DA:42,2
DA:43,1
DA:44,0
DA:45,2
DA:46,2
DA:47,2
DA:48,2
DA:49,1
DA:50,1
DA:52,2
DA:55,1
DA:56,1
DA:57,1
DA:58,1
DA:59,1
DA:60,1
DA:65,114
DA:66,114
DA:67,114
DA:68,114
DA:69,114
DA:78,2
DA:79,2
DA:80,2
DA:85,56
DA:86,56
DA:87,56
DA:90,0
DA:91,0
DA:92,0
DA:95,32
DA:96,54
DA:97,22
DA:98,1
DA:99,21
DA:102,32
DA:103,32
LF:39
LH:35
end_of_record
SF:crates/conjure_core/src/ast/variables.rs
FN:54,<conjure_core::ast::variables::DecisionVariable as conjure_core::ast::types::Typeable>::return_type
FN:60,<conjure_core::ast::variables::DecisionVariable as core::fmt::Display>::fmt
FN:54,<conjure_core::ast::variables::DecisionVariable as conjure_core::ast::types::Typeable>::return_type
FN:54,<conjure_core::ast::variables::DecisionVariable as conjure_core::ast::types::Typeable>::return_type
FN:45,<conjure_core::ast::variables::DecisionVariable>::new
FN:60,<conjure_core::ast::variables::DecisionVariable as core::fmt::Display>::fmt
FN:45,<conjure_core::ast::variables::DecisionVariable>::new
FN:32,<conjure_core::ast::variables::DecisionVariable as core::hash::Hash>::hash::<_>
FN:32,<conjure_core::ast::variables::DecisionVariable as core::hash::Hash>::hash::<_>
FN:60,<conjure_core::ast::variables::DecisionVariable as core::fmt::Display>::fmt
FN:45,<conjure_core::ast::variables::DecisionVariable>::new
FN:32,<conjure_core::ast::variables::DecisionVariable as core::hash::Hash>::hash::<_>
FNDA:0,<conjure_core::ast::variables::DecisionVariable as conjure_core::ast::types::Typeable>::return_type
FNDA:0,<conjure_core::ast::variables::DecisionVariable as core::fmt::Display>::fmt
FNDA:0,<conjure_core::ast::variables::DecisionVariable as conjure_core::ast::types::Typeable>::return_type
FNDA:0,<conjure_core::ast::variables::DecisionVariable as conjure_core::ast::types::Typeable>::return_type
FNDA:0,<conjure_core::ast::variables::DecisionVariable>::new
FNDA:0,<conjure_core::ast::variables::DecisionVariable as core::fmt::Display>::fmt
FNDA:1,<conjure_core::ast::variables::DecisionVariable>::new
FNDA:0,<conjure_core::ast::variables::DecisionVariable as core::hash::Hash>::hash::<_>
FNDA:0,<conjure_core::ast::variables::DecisionVariable as core::hash::Hash>::hash::<_>
FNDA:0,<conjure_core::ast::variables::DecisionVariable as core::fmt::Display>::fmt
FNDA:1,<conjure_core::ast::variables::DecisionVariable>::new
FNDA:0,<conjure_core::ast::variables::DecisionVariable as core::hash::Hash>::hash::<_>
FNF:12
FNH:2
BRF:0
BRH:0
DA:32,0
DA:45,12695
DA:46,12695
DA:47,12695
DA:48,12695
DA:49,12695
DA:50,12695
DA:54,0
DA:55,0
DA:60,0
DA:61,0
DA:62,0
LF:12
LH:6
end_of_record
SF:solvers/minion/src/error.rs
FN:47,<minion_rs::error::RuntimeError as core::convert::From<u32>>::from
FN:47,<minion_rs::error::RuntimeError as core::convert::From<u32>>::from
FNDA:0,<minion_rs::error::RuntimeError as core::convert::From<u32>>::from
FNDA:0,<minion_rs::error::RuntimeError as core::convert::From<u32>>::from
FNF:2
FNH:0
BRF:0
BRH:0
DA:47,0
DA:48,0
DA:50,0
DA:51,0
DA:53,0
LF:5
LH:0
end_of_record
SF:crates/conjure_core/src/ast/symbol_table.rs
FN:197,<conjure_core::ast::symbol_table::SymbolTable>::extend
FN:155,<conjure_core::ast::symbol_table::SymbolTable>::return_type::{closure#0}
FN:80,<<conjure_core::ast::symbol_table::SymbolTable as serde::de::Deserialize>::deserialize::__Visitor as serde::de::Visitor>::visit_seq::<serde_json::de::SeqAccess<serde_json::read::StrRead>>::{closure#0}
FN:234,<conjure_core::ast::symbol_table::SymbolTable>::get_representation
FN:80,<<conjure_core::ast::symbol_table::SymbolTable as serde::de::Deserialize>::deserialize::__Visitor as serde::de::Visitor>::visit_seq::<_>::{closure#0}
FN:80,<<conjure_core::ast::symbol_table::SymbolTable as serde::de::Deserialize>::deserialize::__Visitor as serde::de::Visitor>::visit_seq::<_>::{closure#1}
FN:429,<conjure_core::ast::symbol_table::SymbolTable as uniplate::traits::Biplate<conjure_core::ast::expressions::Expression>>::biplate
FN:424,<conjure_core::ast::symbol_table::SymbolTable as uniplate::traits::Uniplate>::uniplate::{closure#0}
FN:216,<conjure_core::ast::symbol_table::SymbolTable>::gensym
FN:167,<conjure_core::ast::symbol_table::SymbolTable>::domain
FN:225,<conjure_core::ast::symbol_table::SymbolTable>::parent_mut_unchecked
FN:387,<conjure_core::ast::symbol_table::SymbolTable as conjure_core::ast::serde::HasId>::id
FN:460,<conjure_core::ast::symbol_table::SymbolTable as uniplate::traits::Biplate<conjure_core::ast::comprehension::Comprehension>>::biplate
FN:80,<<conjure_core::ast::symbol_table::SymbolTable as serde::de::Deserialize>::deserialize::__Visitor as serde::de::Visitor>::visit_seq::<_>::{closure#1}
FN:439,<conjure_core::ast::symbol_table::SymbolTable as uniplate::traits::Biplate<conjure_core::ast::expressions::Expression>>::biplate::{closure#1}
FN:433,<conjure_core::ast::symbol_table::SymbolTable as uniplate::traits::Biplate<conjure_core::ast::expressions::Expression>>::biplate::{closure#0}
FN:119,<conjure_core::ast::symbol_table::SymbolTable>::lookup_local
FN:404,<conjure_core::ast::symbol_table::SymbolTable as core::clone::Clone>::clone
FN:148,<conjure_core::ast::symbol_table::SymbolTable>::update_insert
FN:80,<<conjure_core::ast::symbol_table::SymbolTable as serde::de::Deserialize>::deserialize::__Visitor as serde::de::Visitor>::visit_seq::<serde_json::de::SeqAccess<serde_json::read::StrRead>>::{closure#1}
FN:333,<conjure_core::ast::symbol_table::SymbolTable as core::iter::traits::collect::IntoIterator>::into_iter
FN:387,<conjure_core::ast::symbol_table::SymbolTable as conjure_core::ast::serde::HasId>::id
FN:106,<conjure_core::ast::symbol_table::SymbolTable>::new_inner
FN:255,<conjure_core::ast::symbol_table::SymbolTable>::get_representation::{closure#0}::{closure#0}
FN:439,<conjure_core::ast::symbol_table::SymbolTable as uniplate::traits::Biplate<conjure_core::ast::expressions::Expression>>::biplate::{closure#1}
FN:80,<<conjure_core::ast::symbol_table::SymbolTable as serde::de::Deserialize>::deserialize::__Visitor as serde::de::Visitor>::visit_seq::<&mut serde::de::value::SeqDeserializer<alloc::vec::into_iter::IntoIter<serde::__private::de::content::Content>, serde_json::error::Error>>::{closure#1}
FN:102,<conjure_core::ast::symbol_table::SymbolTable>::with_parent
FN:393,<conjure_core::ast::symbol_table::SymbolTable as conjure_core::ast::serde::DefaultWithId>::default_with_id
FN:160,<conjure_core::ast::symbol_table::SymbolTable>::return_type_local::{closure#0}
FN:286,<conjure_core::ast::symbol_table::SymbolTable>::get_or_add_representation
FN:80,<<conjure_core::ast::symbol_table::SymbolTable as serde::de::Deserialize>::deserialize::__Visitor as serde::de::Visitor>::visit_seq::<serde_json::de::SeqAccess<serde_json::read::StrRead>>::{closure#1}
FN:484,<conjure_core::ast::symbol_table::SymbolTable as uniplate::traits::Biplate<conjure_core::ast::submodel::SubModel>>::biplate
FN:167,<conjure_core::ast::symbol_table::SymbolTable>::domain
FN:415,<conjure_core::ast::symbol_table::SymbolTable as core::default::Default>::default
FN:429,<conjure_core::ast::symbol_table::SymbolTable as uniplate::traits::Biplate<conjure_core::ast::expressions::Expression>>::biplate
FN:154,<conjure_core::ast::symbol_table::SymbolTable>::return_type
FN:404,<conjure_core::ast::symbol_table::SymbolTable as core::clone::Clone>::clone
FN:286,<conjure_core::ast::symbol_table::SymbolTable>::get_or_add_representation
FN:333,<conjure_core::ast::symbol_table::SymbolTable as core::iter::traits::collect::IntoIterator>::into_iter
FN:154,<conjure_core::ast::symbol_table::SymbolTable>::return_type
FN:185,<conjure_core::ast::symbol_table::SymbolTable>::resolve_domain::{closure#0}
FN:127,<conjure_core::ast::symbol_table::SymbolTable>::lookup::{closure#0}
FN:216,<conjure_core::ast::symbol_table::SymbolTable>::gensym
FN:433,<conjure_core::ast::symbol_table::SymbolTable as uniplate::traits::Biplate<conjure_core::ast::expressions::Expression>>::biplate::{closure#0}
FN:267,<conjure_core::ast::symbol_table::SymbolTable>::representations_for::{closure#0}
FN:130,<conjure_core::ast::symbol_table::SymbolTable>::lookup::{closure#0}::{closure#0}
FN:159,<conjure_core::ast::symbol_table::SymbolTable>::return_type_local
FN:160,<conjure_core::ast::symbol_table::SymbolTable>::return_type_local::{closure#0}
FN:255,<conjure_core::ast::symbol_table::SymbolTable>::get_representation::{closure#0}::{closure#0}
FN:265,<conjure_core::ast::symbol_table::SymbolTable>::representations_for
FN:197,<conjure_core::ast::symbol_table::SymbolTable>::extend
FN:225,<conjure_core::ast::symbol_table::SymbolTable>::parent_mut_unchecked
FN:80,<<conjure_core::ast::symbol_table::SymbolTable as serde::de::Deserialize>::deserialize::__Visitor as serde::de::Visitor>::visit_seq::<_>::{closure#0}
FN:97,<conjure_core::ast::symbol_table::SymbolTable>::new
FN:424,<conjure_core::ast::symbol_table::SymbolTable as uniplate::traits::Uniplate>::uniplate::{closure#0}
FN:421,<conjure_core::ast::symbol_table::SymbolTable as uniplate::traits::Uniplate>::uniplate
FN:460,<conjure_core::ast::symbol_table::SymbolTable as uniplate::traits::Biplate<conjure_core::ast::comprehension::Comprehension>>::biplate
FN:296,<conjure_core::ast::symbol_table::SymbolTable>::get_or_add_representation::{closure#0}
FN:407,<conjure_core::ast::symbol_table::SymbolTable as core::clone::Clone>::clone::{closure#0}
FN:393,<conjure_core::ast::symbol_table::SymbolTable as conjure_core::ast::serde::DefaultWithId>::default_with_id
FN:154,<conjure_core::ast::symbol_table::SymbolTable>::return_type
FN:185,<conjure_core::ast::symbol_table::SymbolTable>::resolve_domain::{closure#0}
FN:184,<conjure_core::ast::symbol_table::SymbolTable>::resolve_domain
FN:404,<conjure_core::ast::symbol_table::SymbolTable as core::clone::Clone>::clone
FN:106,<conjure_core::ast::symbol_table::SymbolTable>::new_inner
FN:265,<conjure_core::ast::symbol_table::SymbolTable>::representations_for
FN:159,<conjure_core::ast::symbol_table::SymbolTable>::return_type_local
FN:167,<conjure_core::ast::symbol_table::SymbolTable>::domain
FN:80,<<conjure_core::ast::symbol_table::SymbolTable as serde::de::Deserialize>::deserialize::__Visitor as serde::de::Visitor>::visit_seq::<&mut serde::de::value::SeqDeserializer<alloc::vec::into_iter::IntoIter<serde::__private::de::content::Content>, serde_json::error::Error>>::{closure#1}
FN:472,<conjure_core::ast::symbol_table::SymbolTable as uniplate::traits::Biplate<conjure_core::ast::comprehension::Comprehension>>::biplate::{closure#0}
FN:216,<conjure_core::ast::symbol_table::SymbolTable>::gensym
FN:407,<conjure_core::ast::symbol_table::SymbolTable as core::clone::Clone>::clone::{closure#0}
FN:286,<conjure_core::ast::symbol_table::SymbolTable>::get_or_add_representation
FN:189,<conjure_core::ast::symbol_table::SymbolTable>::into_iter_local
FN:160,<conjure_core::ast::symbol_table::SymbolTable>::return_type_local::{closure#0}
FN:184,<conjure_core::ast::symbol_table::SymbolTable>::resolve_domain
FN:415,<conjure_core::ast::symbol_table::SymbolTable as core::default::Default>::default
FN:102,<conjure_core::ast::symbol_table::SymbolTable>::with_parent
FN:106,<conjure_core::ast::symbol_table::SymbolTable>::new_inner
FN:155,<conjure_core::ast::symbol_table::SymbolTable>::return_type::{closure#0}
FN:225,<conjure_core::ast::symbol_table::SymbolTable>::parent_mut_unchecked
FN:367,<conjure_core::ast::symbol_table::IntoIter as core::iter::traits::iterator::Iterator>::next
FN:189,<conjure_core::ast::symbol_table::SymbolTable>::into_iter_local
FN:137,<conjure_core::ast::symbol_table::SymbolTable>::insert
FN:148,<conjure_core::ast::symbol_table::SymbolTable>::update_insert
FN:189,<conjure_core::ast::symbol_table::SymbolTable>::into_iter_local
FN:299,<conjure_core::ast::symbol_table::SymbolTable>::get_or_add_representation::{closure#1}
FN:102,<conjure_core::ast::symbol_table::SymbolTable>::with_parent
FN:126,<conjure_core::ast::symbol_table::SymbolTable>::lookup
FN:484,<conjure_core::ast::symbol_table::SymbolTable as uniplate::traits::Biplate<conjure_core::ast::submodel::SubModel>>::biplate
FN:484,<conjure_core::ast::symbol_table::SymbolTable as uniplate::traits::Biplate<conjure_core::ast::submodel::SubModel>>::biplate
FN:367,<conjure_core::ast::symbol_table::IntoIter as core::iter::traits::iterator::Iterator>::next
FN:429,<conjure_core::ast::symbol_table::SymbolTable as uniplate::traits::Biplate<conjure_core::ast::expressions::Expression>>::biplate
FN:255,<conjure_core::ast::symbol_table::SymbolTable>::get_representation::{closure#0}::{closure#0}
FN:489,<conjure_core::ast::symbol_table::SymbolTable as uniplate::traits::Biplate<conjure_core::ast::submodel::SubModel>>::biplate::{closure#0}
FN:159,<conjure_core::ast::symbol_table::SymbolTable>::return_type_local
FN:127,<conjure_core::ast::symbol_table::SymbolTable>::lookup::{closure#0}
FN:255,<conjure_core::ast::symbol_table::SymbolTable>::get_representation::{closure#0}
FN:387,<conjure_core::ast::symbol_table::SymbolTable as conjure_core::ast::serde::HasId>::id
FN:489,<conjure_core::ast::symbol_table::SymbolTable as uniplate::traits::Biplate<conjure_core::ast::submodel::SubModel>>::biplate::{closure#0}
FN:350,<conjure_core::ast::symbol_table::LocalIntoIter as core::iter::traits::iterator::Iterator>::next
FN:255,<conjure_core::ast::symbol_table::SymbolTable>::get_representation::{closure#0}
FN:415,<conjure_core::ast::symbol_table::SymbolTable as core::default::Default>::default
FN:472,<conjure_core::ast::symbol_table::SymbolTable as uniplate::traits::Biplate<conjure_core::ast::comprehension::Comprehension>>::biplate::{closure#0}
FN:421,<conjure_core::ast::symbol_table::SymbolTable as uniplate::traits::Uniplate>::uniplate
FN:107,<conjure_core::ast::symbol_table::SymbolTable>::new_inner::{closure#0}
FN:299,<conjure_core::ast::symbol_table::SymbolTable>::get_or_add_representation::{closure#1}
FN:80,<<conjure_core::ast::symbol_table::SymbolTable as serde::de::Deserialize>::deserialize::__Visitor as serde::de::Visitor>::visit_seq::<serde_json::de::SeqAccess<serde_json::read::StrRead>>::{closure#0}
FN:267,<conjure_core::ast::symbol_table::SymbolTable>::representations_for::{closure#0}
FN:126,<conjure_core::ast::symbol_table::SymbolTable>::lookup
FN:137,<conjure_core::ast::symbol_table::SymbolTable>::insert
FN:265,<conjure_core::ast::symbol_table::SymbolTable>::representations_for
FN:296,<conjure_core::ast::symbol_table::SymbolTable>::get_or_add_representation::{closure#0}::{closure#0}
FN:119,<conjure_core::ast::symbol_table::SymbolTable>::lookup_local
FN:267,<conjure_core::ast::symbol_table::SymbolTable>::representations_for::{closure#0}
FN:107,<conjure_core::ast::symbol_table::SymbolTable>::new_inner::{closure#0}
FN:296,<conjure_core::ast::symbol_table::SymbolTable>::get_or_add_representation::{closure#0}
FN:433,<conjure_core::ast::symbol_table::SymbolTable as uniplate::traits::Biplate<conjure_core::ast::expressions::Expression>>::biplate::{closure#0}
FN:421,<conjure_core::ast::symbol_table::SymbolTable as uniplate::traits::Uniplate>::uniplate
FN:126,<conjure_core::ast::symbol_table::SymbolTable>::lookup
FN:350,<conjure_core::ast::symbol_table::LocalIntoIter as core::iter::traits::iterator::Iterator>::next
FN:472,<conjure_core::ast::symbol_table::SymbolTable as uniplate::traits::Biplate<conjure_core::ast::comprehension::Comprehension>>::biplate::{closure#0}
FN:407,<conjure_core::ast::symbol_table::SymbolTable as core::clone::Clone>::clone::{closure#0}
FN:439,<conjure_core::ast::symbol_table::SymbolTable as uniplate::traits::Biplate<conjure_core::ast::expressions::Expression>>::biplate::{closure#1}
FN:317,<conjure_core::ast::symbol_table::SymbolTable>::get_or_add_representation::{closure#1}::{closure#0}
FN:255,<conjure_core::ast::symbol_table::SymbolTable>::get_representation::{closure#0}
FN:367,<conjure_core::ast::symbol_table::IntoIter as core::iter::traits::iterator::Iterator>::next
FN:350,<conjure_core::ast::symbol_table::LocalIntoIter as core::iter::traits::iterator::Iterator>::next
FN:296,<conjure_core::ast::symbol_table::SymbolTable>::get_or_add_representation::{closure#0}::{closure#0}
FN:234,<conjure_core::ast::symbol_table::SymbolTable>::get_representation
FN:130,<conjure_core::ast::symbol_table::SymbolTable>::lookup::{closure#0}::{closure#0}
FN:97,<conjure_core::ast::symbol_table::SymbolTable>::new
[...]
DA:126,0
DA:127,0
DA:128,0
DA:131,0
DA:133,0
DA:134,0
DA:135,0
DA:136,0
DA:140,29032
DA:141,29032
DA:142,29032
DA:143,29032
DA:144,29032
DA:145,26999
DA:146,0
DA:149,26999
DA:150,26999
DA:151,26999
DA:152,29032
DA:153,29032
DA:154,29032
DA:155,29032
DA:159,3952
DA:160,3952
DA:161,3952
DA:178,5966
DA:179,5966
DA:180,5966
DA:181,5966
DA:182,5966
DA:183,5966
DA:184,5966
DA:185,5966
DA:186,5966
DA:187,5966
DA:190,6118
DA:191,6118
DA:192,6118
DA:193,6118
DA:194,6118
DA:195,6118
DA:196,6118
DA:197,6118
DA:201,6118
DA:202,6118
DA:203,6118
DA:206,6118
DA:207,152
DA:208,152
DA:209,152
DA:210,5966
DA:213,5966
DA:214,5966
DA:215,5966
DA:216,5966
DA:217,5966
DA:218,5966
DA:222,3971
DA:223,3971
DA:224,3971
DA:225,3971
DA:226,3971
DA:227,3971
DA:231,0
DA:232,0
DA:233,0
LF:128
LH:70
end_of_record
SF:crates/conjure_core/src/stats/mod.rs
FN:20,<conjure_core::stats::Stats>::new
FN:24,<conjure_core::stats::Stats>::add_solver_run
FN:20,<conjure_core::stats::Stats>::new
FN:28,<conjure_core::stats::Stats>::add_rewriter_run
FN:28,<conjure_core::stats::Stats>::add_rewriter_run
FN:24,<conjure_core::stats::Stats>::add_solver_run
FN:20,<conjure_core::stats::Stats>::new
FN:28,<conjure_core::stats::Stats>::add_rewriter_run
FN:24,<conjure_core::stats::Stats>::add_solver_run
FNDA:0,<conjure_core::stats::Stats>::new
FNDA:1,<conjure_core::stats::Stats>::add_solver_run
FNDA:0,<conjure_core::stats::Stats>::new
FNDA:0,<conjure_core::stats::Stats>::add_rewriter_run
FNDA:1,<conjure_core::stats::Stats>::add_rewriter_run
FNDA:0,<conjure_core::stats::Stats>::add_solver_run
FNDA:0,<conjure_core::stats::Stats>::new
FNDA:0,<conjure_core::stats::Stats>::add_rewriter_run
FNDA:0,<conjure_core::stats::Stats>::add_solver_run
FNF:9
FNH:2
BRF:0
BRH:0
DA:20,0
DA:21,0
DA:22,0
DA:24,1957
DA:25,1957
DA:26,1957
DA:28,2033
DA:29,2033
DA:30,2033
LF:9
LH:6
end_of_record
SF:crates/conjure_core/src/metadata.rs
FN:22,<conjure_core::metadata::Metadata>::clone_dirty
FN:31,<conjure_core::metadata::Metadata as core::fmt::Display>::fmt
FN:22,<conjure_core::metadata::Metadata>::clone_dirty
FN:22,<conjure_core::metadata::Metadata>::clone_dirty
FN:15,<conjure_core::metadata::Metadata>::new
FN:15,<conjure_core::metadata::Metadata>::new
FN:15,<conjure_core::metadata::Metadata>::new
FN:31,<conjure_core::metadata::Metadata as core::fmt::Display>::fmt
FN:31,<conjure_core::metadata::Metadata as core::fmt::Display>::fmt
FNDA:0,<conjure_core::metadata::Metadata>::clone_dirty
FNDA:0,<conjure_core::metadata::Metadata as core::fmt::Display>::fmt
FNDA:1,<conjure_core::metadata::Metadata>::clone_dirty
FNDA:0,<conjure_core::metadata::Metadata>::clone_dirty
FNDA:1,<conjure_core::metadata::Metadata>::new
FNDA:1,<conjure_core::metadata::Metadata>::new
FNDA:0,<conjure_core::metadata::Metadata>::new
FNDA:0,<conjure_core::metadata::Metadata as core::fmt::Display>::fmt
FNDA:0,<conjure_core::metadata::Metadata as core::fmt::Display>::fmt
FNF:9
FNH:3
BRF:0
BRH:0
DA:15,97065
DA:16,97065
DA:17,97065
DA:18,97065
DA:19,97065
DA:20,97065
DA:22,2774
DA:23,2774
DA:24,2774
DA:25,2774
DA:26,2774
DA:27,2774
DA:31,0
DA:32,0
DA:33,0
LF:15
LH:12
end_of_record
SF:conjure_oxide/src/utils/testing.rs
FN:172,conjure_oxide::utils::testing::read_rule_trace
FN:87,conjure_oxide::utils::testing::read_model_json
FN:172,conjure_oxide::utils::testing::read_rule_trace
FN:44,conjure_oxide::utils::testing::serialise_model
FN:142,conjure_oxide::utils::testing::save_minion_solutions_json
FN:69,conjure_oxide::utils::testing::save_stats_json
FN:156,conjure_oxide::utils::testing::read_minion_solutions_json
FN:69,conjure_oxide::utils::testing::save_stats_json
FN:87,conjure_oxide::utils::testing::read_model_json
FN:103,conjure_oxide::utils::testing::minion_solutions_from_json
FN:205,conjure_oxide::utils::testing::read_human_rule_trace
FN:23,conjure_oxide::utils::testing::assert_eq_any_order::<_>
FN:103,conjure_oxide::utils::testing::minion_solutions_from_json
FN:23,conjure_oxide::utils::testing::assert_eq_any_order::<_>
FN:103,conjure_oxide::utils::testing::minion_solutions_from_json
FN:57,conjure_oxide::utils::testing::save_model_json
FN:205,conjure_oxide::utils::testing::read_human_rule_trace
FN:156,conjure_oxide::utils::testing::read_minion_solutions_json
FN:44,conjure_oxide::utils::testing::serialise_model
FN:44,conjure_oxide::utils::testing::serialise_model
FN:57,conjure_oxide::utils::testing::save_model_json
FN:156,conjure_oxide::utils::testing::read_minion_solutions_json
FN:23,conjure_oxide::utils::testing::assert_eq_any_order::<_>
FN:69,conjure_oxide::utils::testing::save_stats_json
FN:172,conjure_oxide::utils::testing::read_rule_trace
FN:57,conjure_oxide::utils::testing::save_model_json
FN:142,conjure_oxide::utils::testing::save_minion_solutions_json
FN:142,conjure_oxide::utils::testing::save_minion_solutions_json
FN:87,conjure_oxide::utils::testing::read_model_json
FN:205,conjure_oxide::utils::testing::read_human_rule_trace
FNDA:0,conjure_oxide::utils::testing::read_rule_trace
FNDA:0,conjure_oxide::utils::testing::read_model_json
FNDA:0,conjure_oxide::utils::testing::read_rule_trace
FNDA:0,conjure_oxide::utils::testing::serialise_model
FNDA:1,conjure_oxide::utils::testing::save_minion_solutions_json
FNDA:1,conjure_oxide::utils::testing::save_stats_json
FNDA:1,conjure_oxide::utils::testing::read_minion_solutions_json
FNDA:0,conjure_oxide::utils::testing::save_stats_json
FNDA:0,conjure_oxide::utils::testing::read_model_json
FNDA:0,conjure_oxide::utils::testing::minion_solutions_from_json
FNDA:0,conjure_oxide::utils::testing::read_human_rule_trace
FNDA:0,conjure_oxide::utils::testing::assert_eq_any_order::<_>
FNDA:0,conjure_oxide::utils::testing::minion_solutions_from_json
FNDA:0,conjure_oxide::utils::testing::assert_eq_any_order::<_>
FNDA:0,conjure_oxide::utils::testing::minion_solutions_from_json
FNDA:1,conjure_oxide::utils::testing::save_model_json
FNDA:0,conjure_oxide::utils::testing::read_human_rule_trace
FNDA:0,conjure_oxide::utils::testing::read_minion_solutions_json
FNDA:0,conjure_oxide::utils::testing::serialise_model
FNDA:1,conjure_oxide::utils::testing::serialise_model
FNDA:0,conjure_oxide::utils::testing::save_model_json
FNDA:0,conjure_oxide::utils::testing::read_minion_solutions_json
FNDA:0,conjure_oxide::utils::testing::assert_eq_any_order::<_>
FNDA:0,conjure_oxide::utils::testing::save_stats_json
FNDA:0,conjure_oxide::utils::testing::read_rule_trace
FNDA:0,conjure_oxide::utils::testing::save_model_json
FNDA:0,conjure_oxide::utils::testing::save_minion_solutions_json
FNDA:0,conjure_oxide::utils::testing::save_minion_solutions_json
FNDA:1,conjure_oxide::utils::testing::read_model_json
FNDA:0,conjure_oxide::utils::testing::read_human_rule_trace
FNF:30
FNH:6
BRF:0
BRH:0
DA:23,0
DA:24,0
DA:26,0
DA:27,0
DA:28,0
DA:29,0
DA:30,0
DA:32,0
DA:33,0
DA:34,0
DA:35,0
DA:36,0
DA:38,0
DA:39,0
DA:40,0
DA:42,0
DA:44,1463
DA:45,1463
DA:46,1463
DA:47,1463
DA:48,1463
DA:49,1463
DA:52,1463
DA:54,1463
DA:55,1463
DA:57,1463
DA:58,1463
DA:59,1463
DA:60,1463
DA:61,1463
DA:62,1463
DA:63,1463
DA:64,1463
DA:65,1463
DA:66,1463
DA:67,1463
DA:69,735
DA:70,735
DA:71,735
DA:72,735
DA:73,735
DA:74,735
DA:75,735
DA:76,735
DA:79,735
DA:81,735
DA:82,735
DA:84,735
DA:85,735
DA:87,2198
DA:88,2198
DA:89,2198
DA:90,2198
DA:91,2198
DA:92,2198
DA:93,2198
DA:94,2198
DA:95,2198
DA:96,2198
DA:97,2198
DA:98,2198
DA:100,2198
DA:101,2198
DA:103,0
DA:104,0
DA:105,0
DA:106,0
DA:108,0
DA:109,0
DA:110,0
DA:112,0
DA:114,0
DA:115,0
DA:116,0
DA:117,0
DA:118,0
DA:120,0
DA:121,0
DA:122,0
DA:123,0
DA:124,0
DA:125,0
DA:126,0
DA:128,0
DA:129,0
DA:132,0
DA:135,0
DA:138,0
DA:139,0
DA:142,721
DA:143,721
DA:144,721
DA:145,721
DA:146,721
DA:147,721
DA:148,721
DA:150,721
DA:151,721
DA:153,721
DA:154,721
DA:156,721
DA:157,721
DA:158,721
DA:159,721
DA:160,721
DA:161,721
DA:162,721
DA:164,721
DA:165,721
DA:167,721
DA:168,721
DA:172,0
DA:173,0
DA:174,0
DA:175,0
DA:176,0
DA:177,0
DA:178,0
DA:179,0
DA:180,0
DA:181,0
DA:182,0
DA:183,0
DA:184,0
DA:185,0
DA:186,0
DA:187,0
DA:188,0
DA:189,0
DA:190,0
DA:191,0
DA:194,0
DA:195,0
DA:196,0
DA:197,0
DA:198,0
DA:199,0
DA:201,0
DA:202,0
DA:205,0
DA:206,0
DA:207,0
DA:208,0
DA:209,0
DA:210,0
DA:211,0
DA:212,0
DA:213,0
DA:214,0
DA:215,0
DA:216,0
DA:217,0
LF:152
LH:69
end_of_record
SF:crates/tree_morph/tests/enum_rules.rs
FN:85,enum_rules::mul_one
FN:24,enum_rules::rule_eval_mul
FN:41,<enum_rules::MyRule as tree_morph::rule::Rule<enum_rules::Expr, enum_rules::Meta>>::apply::{closure#0}
FN:101,enum_rules::eval_add
FN:40,<enum_rules::MyRule as tree_morph::rule::Rule<enum_rules::Expr, enum_rules::Meta>>::apply
FN:117,enum_rules::eval_nested
FN:69,enum_rules::add_zero
FN:53,enum_rules::single_var
FN:14,enum_rules::rule_eval_add
FNDA:1,enum_rules::mul_one
FNDA:1,enum_rules::rule_eval_mul
FNDA:1,<enum_rules::MyRule as tree_morph::rule::Rule<enum_rules::Expr, enum_rules::Meta>>::apply::{closure#0}
FNDA:1,enum_rules::eval_add
FNDA:1,<enum_rules::MyRule as tree_morph::rule::Rule<enum_rules::Expr, enum_rules::Meta>>::apply
FNDA:1,enum_rules::eval_nested
FNDA:1,enum_rules::add_zero
FNDA:1,enum_rules::single_var
FNDA:1,enum_rules::rule_eval_add
FNF:9
FNH:9
BRF:0
BRH:0
DA:14,11
DA:15,11
DA:16,3
DA:17,3
DA:18,0
DA:20,8
DA:22,11
DA:24,11
DA:25,11
DA:26,3
DA:27,2
DA:28,1
DA:30,8
DA:32,11
DA:40,22
DA:41,22
DA:42,22
DA:43,11
DA:44,11
DA:46,22
DA:53,1
DA:54,1
DA:55,1
DA:56,1
DA:57,1
DA:58,1
DA:59,1
DA:60,1
DA:61,1
DA:62,1
DA:63,1
DA:64,1
DA:65,1
DA:66,1
DA:69,1
DA:70,1
DA:71,1
DA:72,1
DA:73,1
DA:74,1
DA:75,1
DA:76,1
DA:77,1
DA:78,1
DA:79,1
DA:80,1
DA:81,1
DA:82,1
DA:85,1
DA:86,1
DA:87,1
DA:88,1
DA:89,1
DA:90,1
DA:91,1
DA:92,1
DA:93,1
DA:94,1
DA:95,1
DA:96,1
DA:97,1
DA:98,1
DA:101,1
DA:102,1
DA:103,1
DA:104,1
DA:105,1
DA:106,1
DA:107,1
DA:108,1
DA:109,1
DA:110,1
DA:111,1
DA:112,1
DA:113,1
DA:114,1
DA:117,1
DA:118,1
DA:119,1
DA:120,1
DA:121,1
DA:122,1
DA:123,1
DA:124,1
DA:125,1
DA:126,1
DA:127,1
DA:128,1
DA:129,1
DA:130,1
DA:131,1
DA:132,1
DA:133,1
LF:93
LH:92
end_of_record
SF:crates/conjure_core/src/ast/domains.rs
FN:264,<conjure_core::ast::domains::Domain as core::fmt::Display>::fmt::{closure#0}
FN:80,<conjure_core::ast::domains::Domain>::contains
FN:185,<conjure_core::ast::domains::Domain>::apply_i32
FN:176,<conjure_core::ast::domains::Domain>::length::{closure#0}
FN:39,<conjure_core::ast::domains::Range<i32> as core::fmt::Display>::fmt
FN:90,<conjure_core::ast::domains::Domain>::contains::{closure#0}
FN:211,<conjure_core::ast::domains::Domain>::is_finite::{closure#0}
FN:211,<conjure_core::ast::domains::Domain>::is_finite::{closure#0}
FN:141,<conjure_core::ast::domains::Domain>::values_i32::{closure#0}
FN:162,<conjure_core::ast::domains::Domain>::values::{closure#0}
FN:176,<conjure_core::ast::domains::Domain>::length::{closure#0}
FN:136,<conjure_core::ast::domains::Domain>::values_i32
FN:176,<conjure_core::ast::domains::Domain>::length::{closure#0}
FN:90,<conjure_core::ast::domains::Domain>::contains::{closure#0}
FN:232,<conjure_core::ast::domains::Domain>::resolve
FN:258,<conjure_core::ast::domains::Domain as core::fmt::Display>::fmt
FN:28,<conjure_core::ast::domains::Range<i32>>::contains
FN:162,<conjure_core::ast::domains::Domain>::values::{closure#0}
FN:162,<conjure_core::ast::domains::Domain>::values::{closure#0}::{closure#0}
FN:141,<conjure_core::ast::domains::Domain>::values_i32::{closure#0}
FN:185,<conjure_core::ast::domains::Domain>::apply_i32
FN:175,<conjure_core::ast::domains::Domain>::length
FN:288,<conjure_core::ast::domains::Domain as conjure_core::ast::types::Typeable>::return_type
FN:317,conjure_core::ast::domains::tests::test_negative_div
FN:162,<conjure_core::ast::domains::Domain>::values::{closure#0}
FN:28,<conjure_core::ast::domains::Range<i32>>::contains
FN:157,<conjure_core::ast::domains::Domain>::values
FN:321,conjure_core::ast::domains::tests::test_negative_div::{closure#0}
FN:232,<conjure_core::ast::domains::Domain>::resolve
FN:232,<conjure_core::ast::domains::Domain>::resolve
FN:175,<conjure_core::ast::domains::Domain>::length
FN:175,<conjure_core::ast::domains::Domain>::length
FN:297,conjure_core::ast::domains::tests::test_negative_product
FN:28,<conjure_core::ast::domains::Range<i32>>::contains
FN:288,<conjure_core::ast::domains::Domain as conjure_core::ast::types::Typeable>::return_type
FN:264,<conjure_core::ast::domains::Domain as core::fmt::Display>::fmt::{closure#0}
FN:39,<conjure_core::ast::domains::Range<i32> as core::fmt::Display>::fmt
FN:202,<conjure_core::ast::domains::Domain>::is_finite
FN:141,<conjure_core::ast::domains::Domain>::values_i32::{closure#0}
FN:288,<conjure_core::ast::domains::Domain as conjure_core::ast::types::Typeable>::return_type
FN:300,conjure_core::ast::domains::tests::test_negative_product::{closure#0}
FN:136,<conjure_core::ast::domains::Domain>::values_i32
FN:202,<conjure_core::ast::domains::Domain>::is_finite
FN:90,<conjure_core::ast::domains::Domain>::contains::{closure#0}
FN:162,<conjure_core::ast::domains::Domain>::values::{closure#0}::{closure#0}
FN:136,<conjure_core::ast::domains::Domain>::values_i32
FN:80,<conjure_core::ast::domains::Domain>::contains
FN:258,<conjure_core::ast::domains::Domain as core::fmt::Display>::fmt
FN:185,<conjure_core::ast::domains::Domain>::apply_i32
FN:211,<conjure_core::ast::domains::Domain>::is_finite::{closure#0}
FN:162,<conjure_core::ast::domains::Domain>::values::{closure#0}::{closure#0}
FN:264,<conjure_core::ast::domains::Domain as core::fmt::Display>::fmt::{closure#0}
FN:202,<conjure_core::ast::domains::Domain>::is_finite
FN:39,<conjure_core::ast::domains::Range<i32> as core::fmt::Display>::fmt
FN:157,<conjure_core::ast::domains::Domain>::values
FN:258,<conjure_core::ast::domains::Domain as core::fmt::Display>::fmt
FN:157,<conjure_core::ast::domains::Domain>::values
FN:80,<conjure_core::ast::domains::Domain>::contains
FNDA:1,<conjure_core::ast::domains::Domain as core::fmt::Display>::fmt::{closure#0}
FNDA:0,<conjure_core::ast::domains::Domain>::contains
FNDA:1,<conjure_core::ast::domains::Domain>::apply_i32
FNDA:0,<conjure_core::ast::domains::Domain>::length::{closure#0}
FNDA:0,<conjure_core::ast::domains::Range<i32> as core::fmt::Display>::fmt
FNDA:0,<conjure_core::ast::domains::Domain>::contains::{closure#0}
FNDA:1,<conjure_core::ast::domains::Domain>::is_finite::{closure#0}
FNDA:0,<conjure_core::ast::domains::Domain>::is_finite::{closure#0}
FNDA:1,<conjure_core::ast::domains::Domain>::values_i32::{closure#0}
FNDA:1,<conjure_core::ast::domains::Domain>::values::{closure#0}
FNDA:0,<conjure_core::ast::domains::Domain>::length::{closure#0}
FNDA:1,<conjure_core::ast::domains::Domain>::values_i32
FNDA:0,<conjure_core::ast::domains::Domain>::length::{closure#0}
FNDA:0,<conjure_core::ast::domains::Domain>::contains::{closure#0}
FNDA:1,<conjure_core::ast::domains::Domain>::resolve
FNDA:0,<conjure_core::ast::domains::Domain as core::fmt::Display>::fmt
FNDA:0,<conjure_core::ast::domains::Range<i32>>::contains
FNDA:0,<conjure_core::ast::domains::Domain>::values::{closure#0}
FNDA:0,<conjure_core::ast::domains::Domain>::values::{closure#0}::{closure#0}
FNDA:1,<conjure_core::ast::domains::Domain>::values_i32::{closure#0}
FNDA:1,<conjure_core::ast::domains::Domain>::apply_i32
FNDA:0,<conjure_core::ast::domains::Domain>::length
FNDA:0,<conjure_core::ast::domains::Domain as conjure_core::ast::types::Typeable>::return_type
FNDA:1,conjure_core::ast::domains::tests::test_negative_div
FNDA:0,<conjure_core::ast::domains::Domain>::values::{closure#0}
FNDA:0,<conjure_core::ast::domains::Range<i32>>::contains
FNDA:0,<conjure_core::ast::domains::Domain>::values
FNDA:1,conjure_core::ast::domains::tests::test_negative_div::{closure#0}
FNDA:0,<conjure_core::ast::domains::Domain>::resolve
FNDA:1,<conjure_core::ast::domains::Domain>::resolve
FNDA:0,<conjure_core::ast::domains::Domain>::length
FNDA:0,<conjure_core::ast::domains::Domain>::length
FNDA:1,conjure_core::ast::domains::tests::test_negative_product
FNDA:1,<conjure_core::ast::domains::Range<i32>>::contains
FNDA:0,<conjure_core::ast::domains::Domain as conjure_core::ast::types::Typeable>::return_type
FNDA:0,<conjure_core::ast::domains::Domain as core::fmt::Display>::fmt::{closure#0}
FNDA:1,<conjure_core::ast::domains::Range<i32> as core::fmt::Display>::fmt
FNDA:0,<conjure_core::ast::domains::Domain>::is_finite
FNDA:0,<conjure_core::ast::domains::Domain>::values_i32::{closure#0}
FNDA:0,<conjure_core::ast::domains::Domain as conjure_core::ast::types::Typeable>::return_type
FNDA:1,conjure_core::ast::domains::tests::test_negative_product::{closure#0}
FNDA:0,<conjure_core::ast::domains::Domain>::values_i32
FNDA:0,<conjure_core::ast::domains::Domain>::is_finite
FNDA:1,<conjure_core::ast::domains::Domain>::contains::{closure#0}
FNDA:0,<conjure_core::ast::domains::Domain>::values::{closure#0}::{closure#0}
FNDA:1,<conjure_core::ast::domains::Domain>::values_i32
FNDA:0,<conjure_core::ast::domains::Domain>::contains
FNDA:1,<conjure_core::ast::domains::Domain as core::fmt::Display>::fmt
FNDA:0,<conjure_core::ast::domains::Domain>::apply_i32
FNDA:0,<conjure_core::ast::domains::Domain>::is_finite::{closure#0}
FNDA:1,<conjure_core::ast::domains::Domain>::values::{closure#0}::{closure#0}
FNDA:0,<conjure_core::ast::domains::Domain as core::fmt::Display>::fmt::{closure#0}
FNDA:1,<conjure_core::ast::domains::Domain>::is_finite
FNDA:0,<conjure_core::ast::domains::Range<i32> as core::fmt::Display>::fmt
FNDA:1,<conjure_core::ast::domains::Domain>::values
FNDA:0,<conjure_core::ast::domains::Domain as core::fmt::Display>::fmt
FNDA:0,<conjure_core::ast::domains::Domain>::values
FNDA:1,<conjure_core::ast::domains::Domain>::contains
FNF:58
FNH:23
BRF:0
BRH:0
DA:28,1444
DA:29,1444
DA:30,0
DA:31,1444
DA:32,0
DA:33,0
DA:35,1444
DA:39,45885
DA:40,45885
DA:41,1254
DA:42,20292
DA:43,24339
DA:44,0
DA:46,45885
DA:80,1444
DA:81,1444
DA:82,1444
DA:83,1444
DA:84,1444
DA:85,1444
DA:86,1444
DA:87,0
DA:88,1444
DA:89,1444
DA:90,1444
DA:92,0
DA:93,0
DA:94,0
DA:95,0
DA:98,0
DA:99,0
DA:100,0
DA:101,0
DA:102,0
DA:103,0
DA:104,0
DA:105,0
DA:107,0
DA:108,0
DA:112,0
DA:113,0
DA:115,0
DA:118,0
DA:119,0
DA:120,0
DA:121,0
DA:124,0
DA:126,0
DA:128,0
DA:130,0
DA:132,1444
DA:136,13369
DA:137,13369
DA:138,13368
DA:139,13368
DA:140,13368
DA:141,16674
DA:142,4280
DA:143,12394
DA:144,0
DA:145,0
DA:146,16674
DA:147,13368
DA:148,13368
DA:149,13368
DA:150,13368
DA:151,1
DA:153,13369
DA:157,8322
DA:158,8322
DA:159,19
DA:160,8303
DA:161,8303
DA:162,35530
DA:166,0
DA:167,0
DA:168,0
DA:170,8322
DA:175,0
DA:176,0
DA:177,0
DA:185,2533
DA:186,2533
DA:188,2532
DA:189,99598
DA:190,99598
DA:191,94084
DA:192,5514
DA:194,2532
DA:195,1
DA:196,1
DA:197,2533
DA:202,209
DA:203,741
DA:204,741
DA:205,513
DA:206,0
DA:207,513
DA:208,513
DA:209,513
DA:210,513
DA:211,513
DA:213,0
DA:214,513
DA:215,228
DA:216,0
DA:217,228
DA:219,209
DA:220,209
DA:232,114119
DA:233,114119
DA:234,114119
DA:235,114119
DA:236,114119
DA:237,114119
DA:238,114119
DA:239,114119
DA:240,114119
DA:241,229435
DA:242,115316
DA:243,140643
DA:244,140643
DA:245,1197
DA:246,1197
DA:247,1197
DA:248,1197
DA:249,1197
DA:250,139446
DA:253,114119
DA:254,114119
DA:258,48830
DA:259,48830
DA:261,3059
DA:263,45201
DA:264,45885
DA:265,45201
DA:266,45201
DA:267,0
DA:269,45201
DA:272,95
DA:273,0
DA:274,0
DA:276,475
DA:277,475
DA:278,475
DA:279,475
DA:280,475
DA:281,475
DA:284,48830
DA:288,0
DA:289,0
DA:297,1
DA:298,1
DA:299,1
DA:300,16
DA:301,1
DA:302,1
DA:303,1
DA:304,1
DA:305,1
DA:306,1
DA:307,1
DA:308,1
DA:309,1
DA:310,1
DA:311,1
DA:312,1
DA:313,0
DA:314,1
DA:317,1
DA:318,1
DA:319,1
DA:320,1
DA:321,16
DA:322,1
DA:323,1
DA:324,1
DA:325,1
DA:326,1
DA:327,1
DA:328,1
DA:329,1
DA:330,1
DA:331,1
DA:332,1
DA:333,1
DA:334,1
DA:335,0
DA:336,1
LF:189
LH:141
end_of_record
SF:conjure_oxide/tests/model_tests.rs
FN:9,mod::model_tests::modify_domain
FN:9,model_tests::modify_domain
FNDA:1,mod::model_tests::modify_domain
FNDA:1,model_tests::modify_domain
FNF:2
FNH:2
BRF:0
BRH:0
DA:9,2
DA:10,2
DA:11,2
DA:12,2
DA:13,2
DA:14,2
DA:15,2
DA:16,2
DA:17,2
DA:18,2
DA:19,2
DA:20,2
DA:21,2
DA:22,2
DA:23,2
DA:25,2
DA:26,2
DA:27,2
DA:28,2
DA:29,2
DA:30,2
DA:31,2
DA:32,2
LF:23
LH:23
end_of_record
