TN:
SF:crates/conjure_core/src/context.rs
FN:74,<conjure_core::context::Context as core::fmt::Debug>::fmt::{closure#1}
FN:74,<conjure_core::context::Context as core::fmt::Debug>::fmt::{closure#1}
FN:73,<conjure_core::context::Context as core::fmt::Debug>::fmt::{closure#0}
FN:54,<conjure_core::context::Context>::new_ptr
FN:73,<conjure_core::context::Context as core::fmt::Debug>::fmt::{closure#0}
FN:36,<conjure_core::context::Context>::new
FN:36,<conjure_core::context::Context>::new
FN:54,<conjure_core::context::Context>::new_ptr
FN:70,<conjure_core::context::Context as core::fmt::Debug>::fmt
FN:73,<conjure_core::context::Context as core::fmt::Debug>::fmt::{closure#0}
FN:70,<conjure_core::context::Context as core::fmt::Debug>::fmt
FN:54,<conjure_core::context::Context>::new_ptr
FN:70,<conjure_core::context::Context as core::fmt::Debug>::fmt
FN:74,<conjure_core::context::Context as core::fmt::Debug>::fmt::{closure#1}
FN:36,<conjure_core::context::Context>::new
FNDA:0,<conjure_core::context::Context as core::fmt::Debug>::fmt::{closure#1}
FNDA:0,<conjure_core::context::Context as core::fmt::Debug>::fmt::{closure#1}
FNDA:0,<conjure_core::context::Context as core::fmt::Debug>::fmt::{closure#0}
FNDA:0,<conjure_core::context::Context>::new_ptr
FNDA:0,<conjure_core::context::Context as core::fmt::Debug>::fmt::{closure#0}
FNDA:0,<conjure_core::context::Context>::new
FNDA:1,<conjure_core::context::Context>::new
FNDA:0,<conjure_core::context::Context>::new_ptr
FNDA:0,<conjure_core::context::Context as core::fmt::Debug>::fmt
FNDA:0,<conjure_core::context::Context as core::fmt::Debug>::fmt::{closure#0}
FNDA:0,<conjure_core::context::Context as core::fmt::Debug>::fmt
FNDA:1,<conjure_core::context::Context>::new_ptr
FNDA:0,<conjure_core::context::Context as core::fmt::Debug>::fmt
FNDA:0,<conjure_core::context::Context as core::fmt::Debug>::fmt::{closure#1}
FNDA:0,<conjure_core::context::Context>::new
FNF:15
FNH:2
BRF:0
BRH:0
DA:36,60
DA:37,60
DA:38,60
DA:39,60
DA:40,60
DA:41,60
DA:42,60
DA:43,60
DA:44,60
DA:45,60
DA:46,60
DA:47,60
DA:48,60
DA:49,60
DA:50,60
DA:54,60
DA:55,60
DA:56,60
DA:57,60
DA:58,60
DA:59,60
DA:60,60
DA:61,60
DA:62,60
DA:63,60
DA:64,60
DA:65,60
DA:66,60
DA:70,0
DA:71,0
DA:72,0
DA:73,0
DA:74,0
DA:75,0
DA:76,0
DA:77,0
DA:78,0
DA:79,0
DA:80,0
DA:81,0
DA:82,0
DA:83,0
DA:84,0
DA:85,0
DA:86,0
LF:45
LH:28
end_of_record
SF:crates/conjure_core/src/rules/subsitute_lettings.rs
FN:32,conjure_core::rules::subsitute_lettings::substitute_domain_lettings
FN:18,conjure_core::rules::subsitute_lettings::CONJURE_GEN_RULE_SUBSTITUTE_VALUE_LETTINGS::__typecheck::{closure#0}::{closure#0}
FN:32,conjure_core::rules::subsitute_lettings::substitute_domain_lettings
FN:31,conjure_core::rules::subsitute_lettings::CONJURE_GEN_RULE_SUBSTITUTE_DOMAIN_LETTINGS::__typecheck::{closure#0}::{closure#0}
FN:19,conjure_core::rules::subsitute_lettings::substitute_value_lettings
FN:32,conjure_core::rules::subsitute_lettings::substitute_domain_lettings
FN:19,conjure_core::rules::subsitute_lettings::substitute_value_lettings
FN:18,conjure_core::rules::subsitute_lettings::CONJURE_GEN_RULE_SUBSTITUTE_VALUE_LETTINGS::__typecheck::{closure#0}::{closure#0}
FN:31,conjure_core::rules::subsitute_lettings::CONJURE_GEN_RULE_SUBSTITUTE_DOMAIN_LETTINGS::__typecheck::{closure#0}::{closure#0}
FN:19,conjure_core::rules::subsitute_lettings::substitute_value_lettings
FN:31,conjure_core::rules::subsitute_lettings::CONJURE_GEN_RULE_SUBSTITUTE_DOMAIN_LETTINGS::__typecheck::{closure#0}::{closure#0}
FN:18,conjure_core::rules::subsitute_lettings::CONJURE_GEN_RULE_SUBSTITUTE_VALUE_LETTINGS::__typecheck::{closure#0}::{closure#0}
FNDA:0,conjure_core::rules::subsitute_lettings::substitute_domain_lettings
FNDA:0,conjure_core::rules::subsitute_lettings::CONJURE_GEN_RULE_SUBSTITUTE_VALUE_LETTINGS::__typecheck::{closure#0}::{closure#0}
FNDA:0,conjure_core::rules::subsitute_lettings::substitute_domain_lettings
FNDA:0,conjure_core::rules::subsitute_lettings::CONJURE_GEN_RULE_SUBSTITUTE_DOMAIN_LETTINGS::__typecheck::{closure#0}::{closure#0}
FNDA:0,conjure_core::rules::subsitute_lettings::substitute_value_lettings
FNDA:1,conjure_core::rules::subsitute_lettings::substitute_domain_lettings
FNDA:1,conjure_core::rules::subsitute_lettings::substitute_value_lettings
FNDA:0,conjure_core::rules::subsitute_lettings::CONJURE_GEN_RULE_SUBSTITUTE_VALUE_LETTINGS::__typecheck::{closure#0}::{closure#0}
FNDA:0,conjure_core::rules::subsitute_lettings::CONJURE_GEN_RULE_SUBSTITUTE_DOMAIN_LETTINGS::__typecheck::{closure#0}::{closure#0}
FNDA:0,conjure_core::rules::subsitute_lettings::substitute_value_lettings
FNDA:0,conjure_core::rules::subsitute_lettings::CONJURE_GEN_RULE_SUBSTITUTE_DOMAIN_LETTINGS::__typecheck::{closure#0}::{closure#0}
FNDA:0,conjure_core::rules::subsitute_lettings::CONJURE_GEN_RULE_SUBSTITUTE_VALUE_LETTINGS::__typecheck::{closure#0}::{closure#0}
FNF:12
FNH:2
BRF:0
BRH:0
DA:19,748260
DA:20,320320
DA:21,562160
DA:24,186100
DA:25,131060
DA:27,420
DA:28,748260
DA:32,748260
DA:33,748260
DA:34,731980
DA:37,16280
DA:38,16280
DA:40,217740
DA:41,217740
DA:42,5520
DA:45,212220
DA:46,212220
DA:47,212220
DA:48,240
DA:49,240
DA:50,240
DA:51,211980
DA:53,16280
DA:54,180
DA:56,16100
DA:58,748260
LF:26
LH:26
end_of_record
SF:crates/conjure_core/src/solver/adaptors/rustsat/convs.rs
FN:48,conjure_core::solver::adaptors::rustsat::convs::handle_atom
FN:32,conjure_core::solver::adaptors::rustsat::convs::handle_not
FN:32,conjure_core::solver::adaptors::rustsat::convs::handle_not
FN:91,conjure_core::solver::adaptors::rustsat::convs::handle_disjn
FN:111,conjure_core::solver::adaptors::rustsat::convs::handle_cnf
FN:16,conjure_core::solver::adaptors::rustsat::convs::handle_lit
FN:16,conjure_core::solver::adaptors::rustsat::convs::handle_lit
FN:16,conjure_core::solver::adaptors::rustsat::convs::handle_lit
FN:48,conjure_core::solver::adaptors::rustsat::convs::handle_atom
FN:32,conjure_core::solver::adaptors::rustsat::convs::handle_not
FN:111,conjure_core::solver::adaptors::rustsat::convs::handle_cnf
FN:91,conjure_core::solver::adaptors::rustsat::convs::handle_disjn
FN:80,conjure_core::solver::adaptors::rustsat::convs::fetch_lit
FN:80,conjure_core::solver::adaptors::rustsat::convs::fetch_lit
FN:80,conjure_core::solver::adaptors::rustsat::convs::fetch_lit
FN:111,conjure_core::solver::adaptors::rustsat::convs::handle_cnf
FN:48,conjure_core::solver::adaptors::rustsat::convs::handle_atom
FN:91,conjure_core::solver::adaptors::rustsat::convs::handle_disjn
FNDA:1,conjure_core::solver::adaptors::rustsat::convs::handle_atom
FNDA:0,conjure_core::solver::adaptors::rustsat::convs::handle_not
FNDA:1,conjure_core::solver::adaptors::rustsat::convs::handle_not
FNDA:0,conjure_core::solver::adaptors::rustsat::convs::handle_disjn
FNDA:1,conjure_core::solver::adaptors::rustsat::convs::handle_cnf
FNDA:0,conjure_core::solver::adaptors::rustsat::convs::handle_lit
FNDA:1,conjure_core::solver::adaptors::rustsat::convs::handle_lit
FNDA:0,conjure_core::solver::adaptors::rustsat::convs::handle_lit
FNDA:0,conjure_core::solver::adaptors::rustsat::convs::handle_atom
FNDA:0,conjure_core::solver::adaptors::rustsat::convs::handle_not
FNDA:0,conjure_core::solver::adaptors::rustsat::convs::handle_cnf
FNDA:1,conjure_core::solver::adaptors::rustsat::convs::handle_disjn
FNDA:1,conjure_core::solver::adaptors::rustsat::convs::fetch_lit
FNDA:0,conjure_core::solver::adaptors::rustsat::convs::fetch_lit
FNDA:0,conjure_core::solver::adaptors::rustsat::convs::fetch_lit
FNDA:0,conjure_core::solver::adaptors::rustsat::convs::handle_cnf
FNDA:0,conjure_core::solver::adaptors::rustsat::convs::handle_atom
FNDA:0,conjure_core::solver::adaptors::rustsat::convs::handle_disjn
FNF:18
FNH:6
BRF:0
BRH:0
DA:16,240
DA:17,240
DA:18,240
DA:19,240
DA:20,240
DA:21,240
DA:24,160
DA:26,80
DA:28,0
DA:30,240
DA:32,80
DA:33,80
DA:34,80
DA:35,80
DA:36,80
DA:37,80
DA:38,80
DA:39,80
DA:40,80
DA:41,80
DA:42,80
DA:44,0
DA:46,80
DA:48,240
DA:49,240
DA:50,240
DA:51,240
DA:52,240
DA:53,240
DA:54,240
DA:55,240
DA:56,240
DA:57,0
DA:58,0
DA:60,240
DA:61,240
DA:62,240
DA:63,240
DA:64,240
DA:65,240
DA:66,160
DA:68,80
DA:72,0
DA:76,0
DA:78,240
DA:80,240
DA:81,240
DA:82,240
DA:83,240
DA:84,240
DA:85,240
DA:86,100
DA:87,140
DA:88,240
DA:89,240
DA:91,120
DA:92,120
DA:93,120
DA:94,120
DA:95,120
DA:96,120
DA:97,120
DA:98,0
DA:100,120
DA:101,120
DA:102,120
DA:103,120
DA:104,120
DA:105,120
DA:106,120
DA:107,120
DA:108,120
DA:109,120
DA:111,40
DA:112,40
DA:113,160
DA:114,120
DA:115,120
DA:116,40
DA:117,40
LF:80
LH:73
end_of_record
SF:conjure_oxide/src/solve.rs
FN:182,conjure_oxide::solve::parse::{closure#2}
FN:116,conjure_oxide::solve::init_context::{closure#0}
FN:50,<conjure_oxide::solve::Args as clap_builder::derive::FromArgMatches>::from_arg_matches_mut::{closure#2}
FN:35,<conjure_oxide::solve::Args as clap_builder::derive::FromArgMatches>::update_from_arg_matches_mut::{closure#0}
FN:49,<conjure_oxide::solve::Args as clap_builder::derive::Args>::augment_args::{closure#1}
FN:46,<conjure_oxide::solve::Args as clap_builder::derive::FromArgMatches>::from_arg_matches_mut::{closure#1}
FN:135,conjure_oxide::solve::init_context::{closure#1}
FN:131,conjure_oxide::solve::init_context::{closure#6}
FN:131,conjure_oxide::solve::init_context::{closure#6}
FN:135,conjure_oxide::solve::init_context::{closure#1}
FN:50,<conjure_oxide::solve::Args as clap_builder::derive::FromArgMatches>::from_arg_matches_mut::{closure#2}
FN:186,conjure_oxide::solve::rewrite
FN:186,conjure_oxide::solve::rewrite
FN:45,<conjure_oxide::solve::Args as clap_builder::derive::Args>::augment_args::{closure#0}
FN:46,<conjure_oxide::solve::Args as clap_builder::derive::FromArgMatches>::update_from_arg_matches_mut::{closure#1}
FN:240,conjure_oxide::solve::run_sat_solver
FN:49,<conjure_oxide::solve::Args as clap_builder::derive::Args>::augment_args::{closure#1}
FN:35,<conjure_oxide::solve::Args as clap_builder::derive::FromArgMatches>::update_from_arg_matches_mut::{closure#0}
FN:50,<conjure_oxide::solve::Args as clap_builder::derive::FromArgMatches>::update_from_arg_matches_mut::{closure#2}
FN:57,conjure_oxide::solve::run_solve_command
FN:45,<conjure_oxide::solve::Args as clap_builder::derive::Args>::augment_args_for_update::{closure#0}
FN:49,<conjure_oxide::solve::Args as clap_builder::derive::Args>::augment_args_for_update::{closure#1}
FN:145,conjure_oxide::solve::parse
FN:116,conjure_oxide::solve::init_context::{closure#0}
FN:46,<conjure_oxide::solve::Args as clap_builder::derive::FromArgMatches>::update_from_arg_matches_mut::{closure#1}
FN:49,<conjure_oxide::solve::Args as clap_builder::derive::Args>::augment_args_for_update::{closure#1}
FN:35,<conjure_oxide::solve::Args as clap_builder::derive::FromArgMatches>::update_from_arg_matches_mut::{closure#0}
FN:161,conjure_oxide::solve::parse::{closure#1}
FN:49,<conjure_oxide::solve::Args as clap_builder::derive::Args>::augment_args_for_update::{closure#1}
FN:145,conjure_oxide::solve::parse
FN:158,conjure_oxide::solve::parse::{closure#0}
FN:207,conjure_oxide::solve::run_minion
FN:116,conjure_oxide::solve::init_context::{closure#0}
FN:131,conjure_oxide::solve::init_context::{closure#6}
FN:207,conjure_oxide::solve::run_minion
FN:50,<conjure_oxide::solve::Args as clap_builder::derive::FromArgMatches>::update_from_arg_matches_mut::{closure#2}
FN:50,<conjure_oxide::solve::Args as clap_builder::derive::FromArgMatches>::from_arg_matches_mut::{closure#2}
FN:158,conjure_oxide::solve::parse::{closure#0}
FN:35,<conjure_oxide::solve::Args as clap_builder::derive::FromArgMatches>::from_arg_matches_mut::{closure#0}
FN:91,conjure_oxide::solve::init_context
FN:46,<conjure_oxide::solve::Args as clap_builder::derive::FromArgMatches>::from_arg_matches_mut::{closure#1}
FN:49,<conjure_oxide::solve::Args as clap_builder::derive::Args>::augment_args::{closure#1}
FN:182,conjure_oxide::solve::parse::{closure#2}
FN:240,conjure_oxide::solve::run_sat_solver
FN:161,conjure_oxide::solve::parse::{closure#1}
FN:145,conjure_oxide::solve::parse
FN:158,conjure_oxide::solve::parse::{closure#0}
FN:240,conjure_oxide::solve::run_sat_solver
FN:135,conjure_oxide::solve::init_context::{closure#1}
FN:186,conjure_oxide::solve::rewrite
FN:161,conjure_oxide::solve::parse::{closure#1}
FN:91,conjure_oxide::solve::init_context
FN:57,conjure_oxide::solve::run_solve_command
FN:45,<conjure_oxide::solve::Args as clap_builder::derive::Args>::augment_args_for_update::{closure#0}
FN:57,conjure_oxide::solve::run_solve_command
FN:46,<conjure_oxide::solve::Args as clap_builder::derive::FromArgMatches>::from_arg_matches_mut::{closure#1}
FN:182,conjure_oxide::solve::parse::{closure#2}
FN:35,<conjure_oxide::solve::Args as clap_builder::derive::FromArgMatches>::from_arg_matches_mut::{closure#0}
FN:45,<conjure_oxide::solve::Args as clap_builder::derive::Args>::augment_args::{closure#0}
FN:50,<conjure_oxide::solve::Args as clap_builder::derive::FromArgMatches>::update_from_arg_matches_mut::{closure#2}
FN:46,<conjure_oxide::solve::Args as clap_builder::derive::FromArgMatches>::update_from_arg_matches_mut::{closure#1}
FN:35,<conjure_oxide::solve::Args as clap_builder::derive::FromArgMatches>::from_arg_matches_mut::{closure#0}
FN:45,<conjure_oxide::solve::Args as clap_builder::derive::Args>::augment_args::{closure#0}
FN:207,conjure_oxide::solve::run_minion
FN:45,<conjure_oxide::solve::Args as clap_builder::derive::Args>::augment_args_for_update::{closure#0}
FN:91,conjure_oxide::solve::init_context
FNDA:0,conjure_oxide::solve::parse::{closure#2}
FNDA:0,conjure_oxide::solve::init_context::{closure#0}
FNDA:0,<conjure_oxide::solve::Args as clap_builder::derive::FromArgMatches>::from_arg_matches_mut::{closure#2}
FNDA:0,<conjure_oxide::solve::Args as clap_builder::derive::FromArgMatches>::update_from_arg_matches_mut::{closure#0}
FNDA:1,<conjure_oxide::solve::Args as clap_builder::derive::Args>::augment_args::{closure#1}
FNDA:0,<conjure_oxide::solve::Args as clap_builder::derive::FromArgMatches>::from_arg_matches_mut::{closure#1}
FNDA:0,conjure_oxide::solve::init_context::{closure#1}
FNDA:0,conjure_oxide::solve::init_context::{closure#6}
FNDA:1,conjure_oxide::solve::init_context::{closure#6}
FNDA:0,conjure_oxide::solve::init_context::{closure#1}
FNDA:0,<conjure_oxide::solve::Args as clap_builder::derive::FromArgMatches>::from_arg_matches_mut::{closure#2}
FNDA:0,conjure_oxide::solve::rewrite
FNDA:0,conjure_oxide::solve::rewrite
FNDA:1,<conjure_oxide::solve::Args as clap_builder::derive::Args>::augment_args::{closure#0}
FNDA:0,<conjure_oxide::solve::Args as clap_builder::derive::FromArgMatches>::update_from_arg_matches_mut::{closure#1}
FNDA:0,conjure_oxide::solve::run_sat_solver
FNDA:0,<conjure_oxide::solve::Args as clap_builder::derive::Args>::augment_args::{closure#1}
FNDA:0,<conjure_oxide::solve::Args as clap_builder::derive::FromArgMatches>::update_from_arg_matches_mut::{closure#0}
FNDA:0,<conjure_oxide::solve::Args as clap_builder::derive::FromArgMatches>::update_from_arg_matches_mut::{closure#2}
FNDA:1,conjure_oxide::solve::run_solve_command
FNDA:0,<conjure_oxide::solve::Args as clap_builder::derive::Args>::augment_args_for_update::{closure#0}
FNDA:0,<conjure_oxide::solve::Args as clap_builder::derive::Args>::augment_args_for_update::{closure#1}
FNDA:0,conjure_oxide::solve::parse
FNDA:1,conjure_oxide::solve::init_context::{closure#0}
FNDA:0,<conjure_oxide::solve::Args as clap_builder::derive::FromArgMatches>::update_from_arg_matches_mut::{closure#1}
FNDA:0,<conjure_oxide::solve::Args as clap_builder::derive::Args>::augment_args_for_update::{closure#1}
FNDA:0,<conjure_oxide::solve::Args as clap_builder::derive::FromArgMatches>::update_from_arg_matches_mut::{closure#0}
FNDA:0,conjure_oxide::solve::parse::{closure#1}
FNDA:0,<conjure_oxide::solve::Args as clap_builder::derive::Args>::augment_args_for_update::{closure#1}
FNDA:1,conjure_oxide::solve::parse
FNDA:0,conjure_oxide::solve::parse::{closure#0}
FNDA:0,conjure_oxide::solve::run_minion
FNDA:0,conjure_oxide::solve::init_context::{closure#0}
FNDA:0,conjure_oxide::solve::init_context::{closure#6}
FNDA:0,conjure_oxide::solve::run_minion
FNDA:0,<conjure_oxide::solve::Args as clap_builder::derive::FromArgMatches>::update_from_arg_matches_mut::{closure#2}
FNDA:0,<conjure_oxide::solve::Args as clap_builder::derive::FromArgMatches>::from_arg_matches_mut::{closure#2}
FNDA:0,conjure_oxide::solve::parse::{closure#0}
FNDA:0,<conjure_oxide::solve::Args as clap_builder::derive::FromArgMatches>::from_arg_matches_mut::{closure#0}
FNDA:1,conjure_oxide::solve::init_context
FNDA:0,<conjure_oxide::solve::Args as clap_builder::derive::FromArgMatches>::from_arg_matches_mut::{closure#1}
FNDA:0,<conjure_oxide::solve::Args as clap_builder::derive::Args>::augment_args::{closure#1}
FNDA:0,conjure_oxide::solve::parse::{closure#2}
FNDA:0,conjure_oxide::solve::run_sat_solver
FNDA:0,conjure_oxide::solve::parse::{closure#1}
FNDA:0,conjure_oxide::solve::parse
FNDA:0,conjure_oxide::solve::parse::{closure#0}
FNDA:0,conjure_oxide::solve::run_sat_solver
FNDA:1,conjure_oxide::solve::init_context::{closure#1}
FNDA:1,conjure_oxide::solve::rewrite
FNDA:0,conjure_oxide::solve::parse::{closure#1}
FNDA:0,conjure_oxide::solve::init_context
FNDA:0,conjure_oxide::solve::run_solve_command
FNDA:0,<conjure_oxide::solve::Args as clap_builder::derive::Args>::augment_args_for_update::{closure#0}
FNDA:0,conjure_oxide::solve::run_solve_command
FNDA:0,<conjure_oxide::solve::Args as clap_builder::derive::FromArgMatches>::from_arg_matches_mut::{closure#1}
FNDA:0,conjure_oxide::solve::parse::{closure#2}
FNDA:0,<conjure_oxide::solve::Args as clap_builder::derive::FromArgMatches>::from_arg_matches_mut::{closure#0}
FNDA:0,<conjure_oxide::solve::Args as clap_builder::derive::Args>::augment_args::{closure#0}
FNDA:0,<conjure_oxide::solve::Args as clap_builder::derive::FromArgMatches>::update_from_arg_matches_mut::{closure#2}
FNDA:0,<conjure_oxide::solve::Args as clap_builder::derive::FromArgMatches>::update_from_arg_matches_mut::{closure#1}
FNDA:0,<conjure_oxide::solve::Args as clap_builder::derive::FromArgMatches>::from_arg_matches_mut::{closure#0}
FNDA:0,<conjure_oxide::solve::Args as clap_builder::derive::Args>::augment_args::{closure#0}
FNDA:1,conjure_oxide::solve::run_minion
FNDA:0,<conjure_oxide::solve::Args as clap_builder::derive::Args>::augment_args_for_update::{closure#0}
FNDA:0,conjure_oxide::solve::init_context
FNF:66
FNH:10
BRF:0
BRH:0
DA:35,0
DA:45,6
DA:46,0
DA:49,6
DA:50,0
DA:57,6
DA:58,6
DA:63,6
DA:64,6
DA:65,2
DA:67,2
DA:68,0
DA:69,0
DA:70,2
DA:72,0
DA:75,2
DA:81,2
DA:82,0
DA:83,0
DA:84,0
DA:85,0
DA:86,2
DA:87,2
DA:88,6
DA:91,6
DA:92,6
DA:93,6
DA:94,6
DA:95,6
DA:96,6
DA:97,6
DA:98,0
DA:99,0
DA:101,6
DA:102,6
DA:103,0
DA:106,6
DA:107,6
DA:108,0
DA:109,0
DA:110,0
DA:114,6
DA:115,6
DA:116,24
DA:117,6
DA:118,6
DA:119,6
DA:120,6
DA:121,6
DA:123,6
DA:127,6
DA:128,6
DA:130,6
DA:131,396
DA:133,6
DA:134,6
DA:135,18
DA:136,6
DA:137,6
DA:138,6
DA:139,6
DA:140,6
DA:141,6
DA:142,6
DA:143,6
DA:145,6
DA:146,6
DA:147,6
DA:148,6
DA:149,6
DA:150,6
DA:151,6
DA:152,6
DA:153,6
DA:154,6
DA:155,6
DA:156,6
DA:157,6
DA:158,0
DA:160,6
DA:161,6
DA:163,6
DA:164,6
DA:165,6
DA:166,6
DA:167,6
DA:168,6
DA:170,6
DA:172,6
DA:174,2
DA:176,2
DA:177,2
DA:179,0
DA:182,2
DA:184,6
DA:186,2
DA:187,2
DA:188,2
DA:189,2
DA:190,2
DA:191,2
DA:193,2
DA:195,2
DA:196,2
DA:197,2
DA:198,2
DA:199,2
DA:200,2
DA:201,0
DA:203,2
DA:204,2
DA:205,2
DA:207,2
DA:208,2
DA:209,2
DA:210,0
DA:211,0
DA:212,0
DA:213,0
DA:214,0
DA:215,0
DA:219,2
DA:220,2
DA:222,2
DA:223,2
DA:224,2
DA:225,2
DA:226,2
DA:227,2
DA:228,2
DA:229,0
DA:230,0
DA:231,0
DA:232,0
DA:233,0
DA:237,2
DA:238,2
DA:240,0
DA:241,0
DA:242,0
DA:243,0
DA:244,0
DA:245,0
DA:246,0
DA:247,0
DA:248,0
DA:252,0
DA:253,0
DA:255,0
DA:256,0
DA:257,0
DA:258,0
DA:259,0
DA:260,0
DA:261,0
DA:262,0
DA:263,0
DA:264,0
DA:265,0
DA:266,0
DA:270,0
DA:271,0
LF:162
LH:107
end_of_record
SF:crates/conjure_core/src/representations/matrix_to_atom.rs
FN:175,<conjure_core::representations::matrix_to_atom::MatrixToAtom as conjure_core::representation::Representation>::expression_down::{closure#0}
FN:136,<conjure_core::representations::matrix_to_atom::MatrixToAtom as conjure_core::representation::Representation>::value_up
FN:92,<conjure_core::representations::matrix_to_atom::MatrixToAtom as conjure_core::representation::Representation>::init
FN:31,<conjure_core::representations::matrix_to_atom::MatrixToAtom>::indices_to_name
FN:195,<conjure_core::representations::matrix_to_atom::MatrixToAtom as conjure_core::representation::Representation>::box_clone
FN:116,<conjure_core::representations::matrix_to_atom::MatrixToAtom as conjure_core::representation::Representation>::variable_name
FN:152,<conjure_core::representations::matrix_to_atom::MatrixToAtom as conjure_core::representation::Representation>::value_up::inner::{closure#0}
FN:191,<conjure_core::representations::matrix_to_atom::MatrixToAtom as conjure_core::representation::Representation>::repr_name
FN:31,<conjure_core::representations::matrix_to_atom::MatrixToAtom>::indices_to_name
FN:26,<conjure_core::representations::matrix_to_atom::MatrixToAtom>::names
FN:191,<conjure_core::representations::matrix_to_atom::MatrixToAtom as conjure_core::representation::Representation>::repr_name
FN:152,<conjure_core::representations::matrix_to_atom::MatrixToAtom as conjure_core::representation::Representation>::value_up::inner::{closure#0}
FN:195,<conjure_core::representations::matrix_to_atom::MatrixToAtom as conjure_core::representation::Representation>::box_clone
FN:187,<conjure_core::representations::matrix_to_atom::MatrixToAtom as conjure_core::representation::Representation>::declaration_down::{closure#0}
FN:27,<conjure_core::representations::matrix_to_atom::MatrixToAtom>::names::{closure#0}
FN:27,<conjure_core::representations::matrix_to_atom::MatrixToAtom>::names::{closure#0}
FN:120,<conjure_core::representations::matrix_to_atom::MatrixToAtom as conjure_core::representation::Representation>::value_down
FN:152,<conjure_core::representations::matrix_to_atom::MatrixToAtom as conjure_core::representation::Representation>::value_up::inner::{closure#0}
FN:92,<conjure_core::representations::matrix_to_atom::MatrixToAtom as conjure_core::representation::Representation>::init
FN:169,<conjure_core::representations::matrix_to_atom::MatrixToAtom as conjure_core::representation::Representation>::expression_down
FN:191,<conjure_core::representations::matrix_to_atom::MatrixToAtom as conjure_core::representation::Representation>::repr_name
FN:187,<conjure_core::representations::matrix_to_atom::MatrixToAtom as conjure_core::representation::Representation>::declaration_down::{closure#0}
FN:140,<conjure_core::representations::matrix_to_atom::MatrixToAtom as conjure_core::representation::Representation>::value_up::inner
FN:120,<conjure_core::representations::matrix_to_atom::MatrixToAtom as conjure_core::representation::Representation>::value_down
FN:26,<conjure_core::representations::matrix_to_atom::MatrixToAtom>::names
FN:184,<conjure_core::representations::matrix_to_atom::MatrixToAtom as conjure_core::representation::Representation>::declaration_down
FN:68,<conjure_core::representations::matrix_to_atom::MatrixToAtom>::name_to_indices::{closure#0}
FN:140,<conjure_core::representations::matrix_to_atom::MatrixToAtom as conjure_core::representation::Representation>::value_up::inner
FN:140,<conjure_core::representations::matrix_to_atom::MatrixToAtom as conjure_core::representation::Representation>::value_up::inner
FN:41,<conjure_core::representations::matrix_to_atom::MatrixToAtom>::name_to_indices
FN:175,<conjure_core::representations::matrix_to_atom::MatrixToAtom as conjure_core::representation::Representation>::expression_down::{closure#0}
FN:68,<conjure_core::representations::matrix_to_atom::MatrixToAtom>::name_to_indices::{closure#0}
FN:169,<conjure_core::representations::matrix_to_atom::MatrixToAtom as conjure_core::representation::Representation>::expression_down
FN:26,<conjure_core::representations::matrix_to_atom::MatrixToAtom>::names
FN:120,<conjure_core::representations::matrix_to_atom::MatrixToAtom as conjure_core::representation::Representation>::value_down
FN:41,<conjure_core::representations::matrix_to_atom::MatrixToAtom>::name_to_indices
FN:184,<conjure_core::representations::matrix_to_atom::MatrixToAtom as conjure_core::representation::Representation>::declaration_down
FN:175,<conjure_core::representations::matrix_to_atom::MatrixToAtom as conjure_core::representation::Representation>::expression_down::{closure#0}
FN:184,<conjure_core::representations::matrix_to_atom::MatrixToAtom as conjure_core::representation::Representation>::declaration_down
FN:31,<conjure_core::representations::matrix_to_atom::MatrixToAtom>::indices_to_name
FN:68,<conjure_core::representations::matrix_to_atom::MatrixToAtom>::name_to_indices::{closure#0}
FN:41,<conjure_core::representations::matrix_to_atom::MatrixToAtom>::name_to_indices
FN:169,<conjure_core::representations::matrix_to_atom::MatrixToAtom as conjure_core::representation::Representation>::expression_down
FN:187,<conjure_core::representations::matrix_to_atom::MatrixToAtom as conjure_core::representation::Representation>::declaration_down::{closure#0}
FN:116,<conjure_core::representations::matrix_to_atom::MatrixToAtom as conjure_core::representation::Representation>::variable_name
FN:136,<conjure_core::representations::matrix_to_atom::MatrixToAtom as conjure_core::representation::Representation>::value_up
FN:27,<conjure_core::representations::matrix_to_atom::MatrixToAtom>::names::{closure#0}
FN:116,<conjure_core::representations::matrix_to_atom::MatrixToAtom as conjure_core::representation::Representation>::variable_name
FN:136,<conjure_core::representations::matrix_to_atom::MatrixToAtom as conjure_core::representation::Representation>::value_up
FN:92,<conjure_core::representations::matrix_to_atom::MatrixToAtom as conjure_core::representation::Representation>::init
FN:195,<conjure_core::representations::matrix_to_atom::MatrixToAtom as conjure_core::representation::Representation>::box_clone
FNDA:0,<conjure_core::representations::matrix_to_atom::MatrixToAtom as conjure_core::representation::Representation>::expression_down::{closure#0}
FNDA:0,<conjure_core::representations::matrix_to_atom::MatrixToAtom as conjure_core::representation::Representation>::value_up
FNDA:1,<conjure_core::representations::matrix_to_atom::MatrixToAtom as conjure_core::representation::Representation>::init
FNDA:0,<conjure_core::representations::matrix_to_atom::MatrixToAtom>::indices_to_name
FNDA:0,<conjure_core::representations::matrix_to_atom::MatrixToAtom as conjure_core::representation::Representation>::box_clone
FNDA:0,<conjure_core::representations::matrix_to_atom::MatrixToAtom as conjure_core::representation::Representation>::variable_name
FNDA:0,<conjure_core::representations::matrix_to_atom::MatrixToAtom as conjure_core::representation::Representation>::value_up::inner::{closure#0}
FNDA:1,<conjure_core::representations::matrix_to_atom::MatrixToAtom as conjure_core::representation::Representation>::repr_name
FNDA:1,<conjure_core::representations::matrix_to_atom::MatrixToAtom>::indices_to_name
FNDA:0,<conjure_core::representations::matrix_to_atom::MatrixToAtom>::names
FNDA:0,<conjure_core::representations::matrix_to_atom::MatrixToAtom as conjure_core::representation::Representation>::repr_name
FNDA:1,<conjure_core::representations::matrix_to_atom::MatrixToAtom as conjure_core::representation::Representation>::value_up::inner::{closure#0}
FNDA:1,<conjure_core::representations::matrix_to_atom::MatrixToAtom as conjure_core::representation::Representation>::box_clone
FNDA:1,<conjure_core::representations::matrix_to_atom::MatrixToAtom as conjure_core::representation::Representation>::declaration_down::{closure#0}
FNDA:0,<conjure_core::representations::matrix_to_atom::MatrixToAtom>::names::{closure#0}
FNDA:0,<conjure_core::representations::matrix_to_atom::MatrixToAtom>::names::{closure#0}
FNDA:0,<conjure_core::representations::matrix_to_atom::MatrixToAtom as conjure_core::representation::Representation>::value_down
FNDA:0,<conjure_core::representations::matrix_to_atom::MatrixToAtom as conjure_core::representation::Representation>::value_up::inner::{closure#0}
FNDA:0,<conjure_core::representations::matrix_to_atom::MatrixToAtom as conjure_core::representation::Representation>::init
FNDA:0,<conjure_core::representations::matrix_to_atom::MatrixToAtom as conjure_core::representation::Representation>::expression_down
FNDA:0,<conjure_core::representations::matrix_to_atom::MatrixToAtom as conjure_core::representation::Representation>::repr_name
FNDA:0,<conjure_core::representations::matrix_to_atom::MatrixToAtom as conjure_core::representation::Representation>::declaration_down::{closure#0}
FNDA:0,<conjure_core::representations::matrix_to_atom::MatrixToAtom as conjure_core::representation::Representation>::value_up::inner
FNDA:0,<conjure_core::representations::matrix_to_atom::MatrixToAtom as conjure_core::representation::Representation>::value_down
FNDA:1,<conjure_core::representations::matrix_to_atom::MatrixToAtom>::names
FNDA:0,<conjure_core::representations::matrix_to_atom::MatrixToAtom as conjure_core::representation::Representation>::declaration_down
FNDA:0,<conjure_core::representations::matrix_to_atom::MatrixToAtom>::name_to_indices::{closure#0}
FNDA:0,<conjure_core::representations::matrix_to_atom::MatrixToAtom as conjure_core::representation::Representation>::value_up::inner
FNDA:1,<conjure_core::representations::matrix_to_atom::MatrixToAtom as conjure_core::representation::Representation>::value_up::inner
FNDA:0,<conjure_core::representations::matrix_to_atom::MatrixToAtom>::name_to_indices
FNDA:1,<conjure_core::representations::matrix_to_atom::MatrixToAtom as conjure_core::representation::Representation>::expression_down::{closure#0}
FNDA:0,<conjure_core::representations::matrix_to_atom::MatrixToAtom>::name_to_indices::{closure#0}
FNDA:0,<conjure_core::representations::matrix_to_atom::MatrixToAtom as conjure_core::representation::Representation>::expression_down
FNDA:0,<conjure_core::representations::matrix_to_atom::MatrixToAtom>::names
FNDA:0,<conjure_core::representations::matrix_to_atom::MatrixToAtom as conjure_core::representation::Representation>::value_down
FNDA:0,<conjure_core::representations::matrix_to_atom::MatrixToAtom>::name_to_indices
FNDA:1,<conjure_core::representations::matrix_to_atom::MatrixToAtom as conjure_core::representation::Representation>::declaration_down
FNDA:0,<conjure_core::representations::matrix_to_atom::MatrixToAtom as conjure_core::representation::Representation>::expression_down::{closure#0}
FNDA:0,<conjure_core::representations::matrix_to_atom::MatrixToAtom as conjure_core::representation::Representation>::declaration_down
FNDA:0,<conjure_core::representations::matrix_to_atom::MatrixToAtom>::indices_to_name
FNDA:0,<conjure_core::representations::matrix_to_atom::MatrixToAtom>::name_to_indices::{closure#0}
FNDA:0,<conjure_core::representations::matrix_to_atom::MatrixToAtom>::name_to_indices
FNDA:1,<conjure_core::representations::matrix_to_atom::MatrixToAtom as conjure_core::representation::Representation>::expression_down
FNDA:0,<conjure_core::representations::matrix_to_atom::MatrixToAtom as conjure_core::representation::Representation>::declaration_down::{closure#0}
FNDA:0,<conjure_core::representations::matrix_to_atom::MatrixToAtom as conjure_core::representation::Representation>::variable_name
FNDA:1,<conjure_core::representations::matrix_to_atom::MatrixToAtom as conjure_core::representation::Representation>::value_up
FNDA:1,<conjure_core::representations::matrix_to_atom::MatrixToAtom>::names::{closure#0}
FNDA:0,<conjure_core::representations::matrix_to_atom::MatrixToAtom as conjure_core::representation::Representation>::variable_name
FNDA:0,<conjure_core::representations::matrix_to_atom::MatrixToAtom as conjure_core::representation::Representation>::value_up
FNDA:0,<conjure_core::representations::matrix_to_atom::MatrixToAtom as conjure_core::representation::Representation>::init
FNDA:0,<conjure_core::representations::matrix_to_atom::MatrixToAtom as conjure_core::representation::Representation>::box_clone
FNF:51
FNH:13
BRF:0
BRH:0
DA:26,2900
DA:27,18300
DA:28,2900
DA:31,158200
DA:32,158200
DA:33,158200
DA:34,158200
DA:35,158200
DA:36,158200
DA:37,158200
DA:41,0
DA:42,0
DA:46,0
DA:47,0
DA:48,0
DA:49,0
DA:51,0
DA:52,0
DA:53,0
DA:54,0
DA:59,0
DA:60,0
DA:61,0
DA:62,0
DA:63,0
DA:66,0
DA:67,0
DA:68,0
DA:69,0
DA:70,0
DA:71,0
DA:72,0
DA:73,0
DA:74,0
DA:75,0
DA:79,0
DA:80,0
DA:81,0
DA:82,0
DA:83,0
DA:84,0
DA:87,0
DA:88,0
DA:92,420
DA:93,420
DA:95,420
DA:96,420
DA:97,420
DA:99,0
DA:100,420
DA:102,420
DA:103,0
DA:106,420
DA:107,420
DA:108,420
DA:109,420
DA:110,420
DA:111,420
DA:112,420
DA:113,420
DA:114,420
DA:116,0
DA:117,0
DA:118,0
DA:120,0
DA:121,0
DA:122,0
DA:125,0
DA:126,0
DA:129,0
DA:130,0
DA:131,0
DA:132,0
DA:133,0
DA:134,0
DA:136,23700
DA:137,23700
DA:138,23700
DA:139,23700
DA:140,165040
DA:141,165040
DA:142,165040
DA:143,165040
DA:144,165040
DA:145,165040
DA:146,165040
DA:147,165040
DA:148,25140
DA:149,25140
DA:150,25140
DA:151,25140
DA:152,141340
DA:153,141340
DA:154,141340
DA:155,141340
DA:156,141340
DA:157,25140
DA:159,139900
DA:160,139900
DA:161,139900
DA:162,139900
DA:164,165040
DA:166,23700
DA:167,23700
DA:169,2480
DA:170,2480
DA:171,2480
DA:172,2480
DA:173,2480
DA:174,2480
DA:175,15880
DA:176,15880
DA:177,15880
DA:178,15880
DA:179,15880
DA:180,15880
DA:181,2480
DA:182,2480
DA:184,420
DA:185,420
DA:186,420
DA:187,2420
DA:188,420
DA:189,420
DA:191,165840
DA:192,165840
DA:193,165840
DA:195,85560
DA:196,85560
DA:197,85560
LF:130
LH:81
end_of_record
SF:crates/conjure_core/src/stats/rewriter_stats.rs
FN:76,<conjure_core::stats::rewriter_stats::RewriterStats>::new
FN:76,<conjure_core::stats::rewriter_stats::RewriterStats>::new
FN:76,<conjure_core::stats::rewriter_stats::RewriterStats>::new
FNDA:1,<conjure_core::stats::rewriter_stats::RewriterStats>::new
FNDA:0,<conjure_core::stats::rewriter_stats::RewriterStats>::new
FNDA:0,<conjure_core::stats::rewriter_stats::RewriterStats>::new
FNF:3
FNH:1
BRF:0
BRH:0
DA:76,2360
DA:77,2360
DA:78,2360
DA:79,2360
DA:80,2360
DA:81,2360
DA:82,2360
DA:83,2360
LF:8
LH:8
end_of_record
SF:crates/conjure_core/src/ast/declaration.rs
FN:167,<conjure_core::ast::declaration::Declaration as conjure_core::ast::serde::HasId>::id
FN:121,<conjure_core::ast::declaration::Declaration>::as_var_mut
FN:183,<conjure_core::ast::declaration::Declaration as core::clone::Clone>::clone
FN:102,<conjure_core::ast::declaration::Declaration>::domain
FN:56,<conjure_core::ast::declaration::Declaration>::new
FN:130,<conjure_core::ast::declaration::Declaration>::as_domain_letting
FN:193,<conjure_core::ast::declaration::Declaration as conjure_core::ast::types::Typeable>::return_type
FN:139,<conjure_core::ast::declaration::Declaration>::as_domain_letting_mut
FN:139,<conjure_core::ast::declaration::Declaration>::as_domain_letting_mut
FN:92,<conjure_core::ast::declaration::Declaration>::name
FN:167,<conjure_core::ast::declaration::Declaration as conjure_core::ast::serde::HasId>::id
FN:40,<conjure_core::ast::declaration::DeclarationKind as uniplate::traits::Biplate<conjure_core::ast::declaration::Declaration>>::biplate::{closure#0}
FN:38,<conjure_core::ast::declaration::DeclarationKind as uniplate::traits::Biplate<conjure_core::ast::declaration::Declaration>>::biplate
FN:92,<conjure_core::ast::declaration::Declaration>::name
FN:148,<conjure_core::ast::declaration::Declaration>::as_value_letting
FN:97,<conjure_core::ast::declaration::Declaration>::kind
FN:38,<conjure_core::ast::declaration::DeclarationKind as uniplate::traits::Biplate<conjure_core::ast::declaration::Declaration>>::biplate
FN:72,<conjure_core::ast::declaration::Declaration>::new_domain_letting
FN:112,<conjure_core::ast::declaration::Declaration>::as_var
FN:82,<conjure_core::ast::declaration::Declaration>::new_value_letting
FN:193,<conjure_core::ast::declaration::Declaration as conjure_core::ast::types::Typeable>::return_type
FN:92,<conjure_core::ast::declaration::Declaration>::name
FN:157,<conjure_core::ast::declaration::Declaration>::as_value_letting_mut
FN:97,<conjure_core::ast::declaration::Declaration>::kind
FN:97,<conjure_core::ast::declaration::Declaration>::kind
FN:121,<conjure_core::ast::declaration::Declaration>::as_var_mut
FN:157,<conjure_core::ast::declaration::Declaration>::as_value_letting_mut
FN:40,<conjure_core::ast::declaration::DeclarationKind as uniplate::traits::Biplate<conjure_core::ast::declaration::Declaration>>::biplate::{closure#0}
FN:173,<conjure_core::ast::declaration::Declaration as conjure_core::ast::serde::DefaultWithId>::default_with_id
FN:82,<conjure_core::ast::declaration::Declaration>::new_value_letting
FN:183,<conjure_core::ast::declaration::Declaration as core::clone::Clone>::clone
FN:139,<conjure_core::ast::declaration::Declaration>::as_domain_letting_mut
FN:167,<conjure_core::ast::declaration::Declaration as conjure_core::ast::serde::HasId>::id
FN:72,<conjure_core::ast::declaration::Declaration>::new_domain_letting
FN:102,<conjure_core::ast::declaration::Declaration>::domain
FN:112,<conjure_core::ast::declaration::Declaration>::as_var
FN:40,<conjure_core::ast::declaration::DeclarationKind as uniplate::traits::Biplate<conjure_core::ast::declaration::Declaration>>::biplate::{closure#0}
FN:148,<conjure_core::ast::declaration::Declaration>::as_value_letting
FN:121,<conjure_core::ast::declaration::Declaration>::as_var_mut
FN:38,<conjure_core::ast::declaration::DeclarationKind as uniplate::traits::Biplate<conjure_core::ast::declaration::Declaration>>::biplate
FN:130,<conjure_core::ast::declaration::Declaration>::as_domain_letting
FN:130,<conjure_core::ast::declaration::Declaration>::as_domain_letting
FN:62,<conjure_core::ast::declaration::Declaration>::new_var
FN:173,<conjure_core::ast::declaration::Declaration as conjure_core::ast::serde::DefaultWithId>::default_with_id
FN:62,<conjure_core::ast::declaration::Declaration>::new_var
FN:62,<conjure_core::ast::declaration::Declaration>::new_var
FN:112,<conjure_core::ast::declaration::Declaration>::as_var
FN:56,<conjure_core::ast::declaration::Declaration>::new
FN:157,<conjure_core::ast::declaration::Declaration>::as_value_letting_mut
FN:173,<conjure_core::ast::declaration::Declaration as conjure_core::ast::serde::DefaultWithId>::default_with_id
FN:72,<conjure_core::ast::declaration::Declaration>::new_domain_letting
FN:193,<conjure_core::ast::declaration::Declaration as conjure_core::ast::types::Typeable>::return_type
FN:56,<conjure_core::ast::declaration::Declaration>::new
FN:183,<conjure_core::ast::declaration::Declaration as core::clone::Clone>::clone
FN:102,<conjure_core::ast::declaration::Declaration>::domain
FN:148,<conjure_core::ast::declaration::Declaration>::as_value_letting
FN:82,<conjure_core::ast::declaration::Declaration>::new_value_letting
FNDA:0,<conjure_core::ast::declaration::Declaration as conjure_core::ast::serde::HasId>::id
FNDA:0,<conjure_core::ast::declaration::Declaration>::as_var_mut
FNDA:1,<conjure_core::ast::declaration::Declaration as core::clone::Clone>::clone
FNDA:1,<conjure_core::ast::declaration::Declaration>::domain
FNDA:0,<conjure_core::ast::declaration::Declaration>::new
FNDA:0,<conjure_core::ast::declaration::Declaration>::as_domain_letting
FNDA:0,<conjure_core::ast::declaration::Declaration as conjure_core::ast::types::Typeable>::return_type
FNDA:0,<conjure_core::ast::declaration::Declaration>::as_domain_letting_mut
FNDA:0,<conjure_core::ast::declaration::Declaration>::as_domain_letting_mut
FNDA:1,<conjure_core::ast::declaration::Declaration>::name
FNDA:0,<conjure_core::ast::declaration::Declaration as conjure_core::ast::serde::HasId>::id
FNDA:0,<conjure_core::ast::declaration::DeclarationKind as uniplate::traits::Biplate<conjure_core::ast::declaration::Declaration>>::biplate::{closure#0}
FNDA:0,<conjure_core::ast::declaration::DeclarationKind as uniplate::traits::Biplate<conjure_core::ast::declaration::Declaration>>::biplate
FNDA:0,<conjure_core::ast::declaration::Declaration>::name
FNDA:0,<conjure_core::ast::declaration::Declaration>::as_value_letting
FNDA:1,<conjure_core::ast::declaration::Declaration>::kind
FNDA:0,<conjure_core::ast::declaration::DeclarationKind as uniplate::traits::Biplate<conjure_core::ast::declaration::Declaration>>::biplate
FNDA:0,<conjure_core::ast::declaration::Declaration>::new_domain_letting
FNDA:1,<conjure_core::ast::declaration::Declaration>::as_var
FNDA:0,<conjure_core::ast::declaration::Declaration>::new_value_letting
FNDA:0,<conjure_core::ast::declaration::Declaration as conjure_core::ast::types::Typeable>::return_type
FNDA:1,<conjure_core::ast::declaration::Declaration>::name
FNDA:0,<conjure_core::ast::declaration::Declaration>::as_value_letting_mut
FNDA:1,<conjure_core::ast::declaration::Declaration>::kind
FNDA:0,<conjure_core::ast::declaration::Declaration>::kind
FNDA:1,<conjure_core::ast::declaration::Declaration>::as_var_mut
FNDA:0,<conjure_core::ast::declaration::Declaration>::as_value_letting_mut
FNDA:0,<conjure_core::ast::declaration::DeclarationKind as uniplate::traits::Biplate<conjure_core::ast::declaration::Declaration>>::biplate::{closure#0}
FNDA:0,<conjure_core::ast::declaration::Declaration as conjure_core::ast::serde::DefaultWithId>::default_with_id
FNDA:1,<conjure_core::ast::declaration::Declaration>::new_value_letting
FNDA:0,<conjure_core::ast::declaration::Declaration as core::clone::Clone>::clone
FNDA:0,<conjure_core::ast::declaration::Declaration>::as_domain_letting_mut
FNDA:0,<conjure_core::ast::declaration::Declaration as conjure_core::ast::serde::HasId>::id
FNDA:1,<conjure_core::ast::declaration::Declaration>::new_domain_letting
FNDA:0,<conjure_core::ast::declaration::Declaration>::domain
FNDA:0,<conjure_core::ast::declaration::Declaration>::as_var
FNDA:0,<conjure_core::ast::declaration::DeclarationKind as uniplate::traits::Biplate<conjure_core::ast::declaration::Declaration>>::biplate::{closure#0}
FNDA:1,<conjure_core::ast::declaration::Declaration>::as_value_letting
FNDA:0,<conjure_core::ast::declaration::Declaration>::as_var_mut
FNDA:0,<conjure_core::ast::declaration::DeclarationKind as uniplate::traits::Biplate<conjure_core::ast::declaration::Declaration>>::biplate
FNDA:1,<conjure_core::ast::declaration::Declaration>::as_domain_letting
FNDA:0,<conjure_core::ast::declaration::Declaration>::as_domain_letting
FNDA:1,<conjure_core::ast::declaration::Declaration>::new_var
FNDA:0,<conjure_core::ast::declaration::Declaration as conjure_core::ast::serde::DefaultWithId>::default_with_id
FNDA:1,<conjure_core::ast::declaration::Declaration>::new_var
FNDA:0,<conjure_core::ast::declaration::Declaration>::new_var
FNDA:0,<conjure_core::ast::declaration::Declaration>::as_var
FNDA:0,<conjure_core::ast::declaration::Declaration>::new
FNDA:0,<conjure_core::ast::declaration::Declaration>::as_value_letting_mut
FNDA:0,<conjure_core::ast::declaration::Declaration as conjure_core::ast::serde::DefaultWithId>::default_with_id
FNDA:0,<conjure_core::ast::declaration::Declaration>::new_domain_letting
FNDA:0,<conjure_core::ast::declaration::Declaration as conjure_core::ast::types::Typeable>::return_type
FNDA:0,<conjure_core::ast::declaration::Declaration>::new
FNDA:0,<conjure_core::ast::declaration::Declaration as core::clone::Clone>::clone
FNDA:1,<conjure_core::ast::declaration::Declaration>::domain
FNDA:0,<conjure_core::ast::declaration::Declaration>::as_value_letting
FNDA:0,<conjure_core::ast::declaration::Declaration>::new_value_letting
FNF:57
FNH:15
BRF:0
BRH:0
DA:38,0
DA:39,0
DA:40,0
DA:41,0
DA:56,0
DA:57,0
DA:58,0
DA:59,0
DA:62,20103
DA:63,20103
DA:64,20103
DA:65,20103
DA:66,20103
DA:67,20103
DA:68,20103
DA:69,20103
DA:72,160
DA:73,160
DA:74,160
DA:75,160
DA:76,160
DA:77,160
DA:78,160
DA:79,160
DA:82,340
DA:83,340
DA:84,340
DA:85,340
DA:86,340
DA:87,340
DA:88,340
DA:89,340
DA:92,21303
DA:93,21303
DA:94,21303
DA:97,627325
DA:98,627325
DA:99,627325
DA:102,176225
DA:103,176225
DA:104,173365
DA:106,920
DA:107,1940
DA:109,176225
DA:112,432960
DA:113,432960
DA:114,423740
DA:116,9220
DA:118,432960
DA:121,700
DA:122,700
DA:123,700
DA:125,0
DA:127,700
DA:130,320
DA:131,320
DA:132,320
DA:134,0
DA:136,320
DA:139,0
DA:140,0
DA:141,0
DA:143,0
DA:145,0
DA:148,131540
DA:149,131540
DA:150,900
DA:152,130640
DA:154,131540
DA:157,0
DA:158,0
DA:159,0
DA:161,0
DA:163,0
DA:167,0
DA:168,0
DA:169,0
DA:173,0
DA:174,0
DA:175,0
DA:176,0
DA:177,0
DA:178,0
DA:179,0
DA:183,3120
DA:184,3120
DA:185,3120
DA:186,3120
DA:187,3120
DA:188,3120
DA:189,3120
DA:193,0
DA:194,0
DA:195,0
DA:196,0
DA:197,0
DA:199,0
LF:97
LH:61
end_of_record
SF:crates/conjure_core/src/rules/partial_eval.rs
FN:14,conjure_core::rules::partial_eval::CONJURE_GEN_RULE_PARTIAL_EVALUATOR::__typecheck::{closure#0}::{closure#0}
FN:15,conjure_core::rules::partial_eval::partial_evaluator
FN:15,conjure_core::rules::partial_eval::partial_evaluator
FN:14,conjure_core::rules::partial_eval::CONJURE_GEN_RULE_PARTIAL_EVALUATOR::__typecheck::{closure#0}::{closure#0}
FN:15,conjure_core::rules::partial_eval::partial_evaluator
FN:14,conjure_core::rules::partial_eval::CONJURE_GEN_RULE_PARTIAL_EVALUATOR::__typecheck::{closure#0}::{closure#0}
FN:394,conjure_core::rules::partial_eval::check_pairwise_or_tautologies
FN:394,conjure_core::rules::partial_eval::check_pairwise_or_tautologies
FN:394,conjure_core::rules::partial_eval::check_pairwise_or_tautologies
FNDA:0,conjure_core::rules::partial_eval::CONJURE_GEN_RULE_PARTIAL_EVALUATOR::__typecheck::{closure#0}::{closure#0}
FNDA:0,conjure_core::rules::partial_eval::partial_evaluator
FNDA:1,conjure_core::rules::partial_eval::partial_evaluator
FNDA:0,conjure_core::rules::partial_eval::CONJURE_GEN_RULE_PARTIAL_EVALUATOR::__typecheck::{closure#0}::{closure#0}
FNDA:0,conjure_core::rules::partial_eval::partial_evaluator
FNDA:0,conjure_core::rules::partial_eval::CONJURE_GEN_RULE_PARTIAL_EVALUATOR::__typecheck::{closure#0}::{closure#0}
FNDA:1,conjure_core::rules::partial_eval::check_pairwise_or_tautologies
FNDA:0,conjure_core::rules::partial_eval::check_pairwise_or_tautologies
FNDA:0,conjure_core::rules::partial_eval::check_pairwise_or_tautologies
FNF:9
FNH:2
BRF:0
BRH:0
DA:15,2342940
DA:22,2342940
DA:23,193940
DA:24,1420
DA:25,0
DA:26,0
DA:27,120700
DA:28,5420
DA:29,146240
DA:30,5440
DA:31,2620
DA:32,9740
DA:33,1064200
DA:34,0
DA:35,1240
DA:36,40
DA:37,1200
DA:39,109500
DA:40,109500
DA:41,47560
DA:42,47560
DA:43,47560
DA:44,147380
DA:45,46020
DA:46,46020
DA:47,46020
DA:48,53800
DA:49,53800
DA:50,53800
DA:52,47560
DA:53,38760
DA:54,38760
DA:56,47560
DA:57,47380
DA:59,180
DA:60,180
DA:61,180
DA:62,180
DA:66,9860
DA:67,9860
DA:68,9860
DA:69,9860
DA:70,30160
DA:71,4240
DA:72,4240
DA:73,4240
DA:74,16060
DA:75,16060
DA:76,16060
DA:79,9860
DA:80,5680
DA:81,4180
DA:82,4180
DA:83,4180
DA:84,4180
DA:85,4180
DA:86,4180
DA:89,0
DA:90,0
DA:91,0
DA:92,0
DA:93,0
DA:95,0
DA:97,4180
DA:99,4140
DA:102,40
DA:106,300
DA:107,300
DA:108,180
DA:110,120
DA:111,120
DA:112,120
DA:113,360
DA:114,0
DA:115,0
DA:116,0
DA:117,0
DA:118,0
DA:119,0
DA:121,0
DA:124,0
DA:126,240
DA:127,240
DA:128,240
DA:131,120
DA:132,0
DA:133,120
DA:135,120
DA:136,120
DA:138,0
DA:139,0
DA:140,0
DA:141,0
DA:145,240
DA:146,240
DA:147,180
DA:150,60
DA:151,60
DA:152,60
DA:153,180
DA:154,20
DA:155,20
DA:156,20
DA:157,0
DA:158,0
DA:159,0
DA:161,0
DA:164,20
DA:166,100
DA:167,100
DA:168,100
DA:171,60
DA:172,20
DA:173,40
DA:175,60
DA:176,60
DA:178,0
DA:179,0
DA:180,0
DA:181,0
DA:184,10620
DA:185,28020
DA:186,28020
DA:187,24060
DA:190,3960
DA:191,3960
DA:192,3960
DA:193,3960
DA:194,12500
DA:195,180
DA:196,180
DA:197,180
DA:198,180
DA:199,180
DA:200,180
DA:201,140
DA:202,40
DA:203,8500
DA:204,8500
DA:205,8500
DA:209,3820
DA:210,0
DA:211,3820
DA:212,3820
DA:213,3820
DA:214,3820
DA:215,0
DA:216,3820
DA:217,3820
DA:218,3820
DA:219,3780
DA:220,40
DA:221,40
DA:222,40
DA:223,40
DA:224,40
DA:225,40
DA:227,58180
DA:228,58180
DA:229,51860
DA:231,6320
DA:232,6320
DA:233,15460
DA:234,1460
DA:235,1460
DA:236,1460
DA:237,0
DA:238,0
DA:239,0
DA:240,0
DA:241,1460
DA:242,7680
DA:243,7680
DA:244,7680
DA:247,6320
DA:248,4860
DA:250,1460
DA:251,1460
DA:252,1460
DA:253,1460
DA:258,44880
DA:259,44880
DA:260,44880
DA:262,44880
DA:264,7720
DA:265,36060
DA:266,7720
DA:268,37160
DA:269,37160
DA:270,409780
DA:271,1860
DA:272,1860
DA:273,1860
DA:274,1860
DA:276,40
DA:277,40
DA:278,40
DA:279,40
DA:280,1820
DA:285,62760
DA:286,5000
DA:287,5000
DA:288,5000
DA:289,5000
DA:290,57760
DA:292,308040
DA:296,37120
DA:297,30500
DA:299,6620
DA:300,0
DA:301,6620
DA:302,6620
DA:305,34760
DA:306,40
DA:307,40
DA:309,40
DA:312,0
DA:314,34720
DA:315,34720
DA:316,34720
DA:317,34720
DA:318,34720
DA:319,34720
DA:320,34720
DA:321,34720
DA:322,34720
DA:323,40
DA:324,34680
DA:325,34680
DA:326,34680
DA:328,201840
DA:329,8780
DA:330,1680
DA:331,33860
DA:332,60
DA:333,2680
DA:334,10460
DA:335,5400
DA:336,12360
DA:337,12360
DA:338,11960
DA:341,400
DA:344,1980
DA:345,0
DA:346,0
DA:347,0
DA:348,0
DA:349,1580
DA:353,400
DA:355,13880
DA:356,40140
DA:357,4280
DA:358,12820
DA:359,1080
DA:360,3200
DA:361,1140
DA:365,29880
DA:366,340
DA:367,14320
DA:368,860
DA:369,140
DA:370,19960
DA:371,20080
DA:372,1540
DA:373,3260
DA:374,3180
DA:375,3620
DA:376,6660
DA:377,540
DA:378,20000
DA:379,16260
DA:380,1200
DA:381,120
DA:383,2342940
DA:394,3820
DA:395,3820
DA:396,3820
DA:397,3820
DA:398,3820
DA:399,3820
DA:400,3820
DA:401,3820
DA:402,3820
DA:404,8360
DA:405,8360
DA:409,0
DA:410,0
DA:411,0
DA:412,0
DA:413,0
DA:414,8360
DA:418,3820
DA:419,0
DA:420,0
DA:421,0
DA:425,3820
DA:426,0
DA:427,0
DA:428,0
DA:431,3820
DA:432,3820
LF:301
LH:248
end_of_record
SF:crates/tree_morph/tests/dirty_clean.rs
FN:62,dirty_clean::left_branch_clean
FN:17,dirty_clean::rule_eval_add
FN:48,<dirty_clean::MyRule as tree_morph::rule::Rule<dirty_clean::Expr, dirty_clean::Meta>>::apply::{closure#0}
FN:27,dirty_clean::rule_eval_mul
FN:47,<dirty_clean::MyRule as tree_morph::rule::Rule<dirty_clean::Expr, dirty_clean::Meta>>::apply
FNDA:1,dirty_clean::left_branch_clean
FNDA:1,dirty_clean::rule_eval_add
FNDA:1,<dirty_clean::MyRule as tree_morph::rule::Rule<dirty_clean::Expr, dirty_clean::Meta>>::apply::{closure#0}
FNDA:1,dirty_clean::rule_eval_mul
FNDA:1,<dirty_clean::MyRule as tree_morph::rule::Rule<dirty_clean::Expr, dirty_clean::Meta>>::apply
FNF:5
FNH:5
BRF:0
BRH:0
DA:17,7
DA:18,7
DA:19,2
DA:20,0
DA:21,2
DA:23,5
DA:25,7
DA:27,7
DA:28,7
DA:29,1
DA:30,1
DA:31,0
DA:33,6
DA:35,7
DA:47,14
DA:48,14
DA:51,14
DA:52,14
DA:53,14
DA:54,14
DA:55,7
DA:56,7
DA:58,14
DA:62,1
DA:63,1
DA:64,1
DA:65,1
DA:66,1
DA:67,1
DA:68,1
DA:69,1
DA:70,1
DA:71,1
DA:72,1
DA:73,1
DA:74,1
DA:75,1
DA:76,1
DA:77,1
DA:78,1
DA:79,1
DA:80,1
DA:81,1
DA:82,1
DA:83,1
DA:84,1
DA:85,1
DA:86,1
DA:87,1
DA:88,1
DA:89,1
DA:90,1
DA:91,1
DA:92,1
DA:93,1
DA:94,1
DA:95,1
DA:96,1
DA:97,1
LF:59
LH:57
end_of_record
SF:conjure_oxide/src/utils/json.rs
FN:32,conjure_oxide::utils::json::sort_json_variables
FN:32,conjure_oxide::utils::json::sort_json_variables
FN:48,conjure_oxide::utils::json::sort_json_object
FN:53,conjure_oxide::utils::json::sort_json_object::{closure#0}
FN:68,conjure_oxide::utils::json::sort_json_object::{closure#2}
FN:68,conjure_oxide::utils::json::sort_json_object::{closure#2}
FN:53,conjure_oxide::utils::json::sort_json_object::{closure#0}
FN:53,conjure_oxide::utils::json::sort_json_object::{closure#0}
FN:62,conjure_oxide::utils::json::sort_json_object::{closure#1}
FN:48,conjure_oxide::utils::json::sort_json_object
FN:7,conjure_oxide::utils::json::json_value_cmp
FN:48,conjure_oxide::utils::json::sort_json_object
FN:62,conjure_oxide::utils::json::sort_json_object::{closure#1}
FN:7,conjure_oxide::utils::json::json_value_cmp
FN:68,conjure_oxide::utils::json::sort_json_object::{closure#2}
FN:62,conjure_oxide::utils::json::sort_json_object::{closure#1}
FN:7,conjure_oxide::utils::json::json_value_cmp
FN:32,conjure_oxide::utils::json::sort_json_variables
FNDA:0,conjure_oxide::utils::json::sort_json_variables
FNDA:0,conjure_oxide::utils::json::sort_json_variables
FNDA:1,conjure_oxide::utils::json::sort_json_object
FNDA:0,conjure_oxide::utils::json::sort_json_object::{closure#0}
FNDA:1,conjure_oxide::utils::json::sort_json_object::{closure#2}
FNDA:0,conjure_oxide::utils::json::sort_json_object::{closure#2}
FNDA:0,conjure_oxide::utils::json::sort_json_object::{closure#0}
FNDA:1,conjure_oxide::utils::json::sort_json_object::{closure#0}
FNDA:0,conjure_oxide::utils::json::sort_json_object::{closure#1}
FNDA:0,conjure_oxide::utils::json::sort_json_object
FNDA:1,conjure_oxide::utils::json::json_value_cmp
FNDA:0,conjure_oxide::utils::json::sort_json_object
FNDA:0,conjure_oxide::utils::json::sort_json_object::{closure#1}
FNDA:0,conjure_oxide::utils::json::json_value_cmp
FNDA:0,conjure_oxide::utils::json::sort_json_object::{closure#2}
FNDA:1,conjure_oxide::utils::json::sort_json_object::{closure#1}
FNDA:0,conjure_oxide::utils::json::json_value_cmp
FNDA:0,conjure_oxide::utils::json::sort_json_variables
FNF:18
FNH:5
BRF:0
BRH:0
DA:7,715136
DA:8,715136
DA:9,0
DA:10,0
DA:11,0
DA:12,0
DA:13,0
DA:14,0
DA:15,0
DA:17,0
DA:18,0
DA:19,0
DA:20,0
DA:21,0
DA:22,0
DA:24,0
DA:26,715136
DA:28,715136
DA:32,0
DA:33,0
DA:34,0
DA:35,0
DA:36,0
DA:37,0
DA:39,0
DA:41,0
DA:48,2609960
DA:49,2609960
DA:50,1329544
DA:51,1329544
DA:52,1329544
DA:53,2120528
DA:54,2120528
DA:55,0
DA:57,2120528
DA:59,2120528
DA:60,1329544
DA:61,1329544
DA:62,2105568
DA:63,1329544
DA:65,154792
DA:66,154792
DA:67,154792
DA:68,483952
DA:69,154792
DA:70,154792
DA:71,154792
DA:72,93232
DA:73,93232
DA:75,154792
DA:77,1125624
DA:79,2609960
LF:52
LH:29
end_of_record
SF:crates/conjure_core/src/ast/matrix.rs
FN:124,conjure_core::ast::matrix::index_domains::{closure#0}
FN:68,conjure_core::ast::matrix::flatten_1
FN:118,conjure_core::ast::matrix::index_domains
FN:87,conjure_core::ast::matrix::flatten_enumerate
FN:68,conjure_core::ast::matrix::flatten_1
FN:69,conjure_core::ast::matrix::flatten_1::{closure#0}
FN:87,conjure_core::ast::matrix::flatten_enumerate
FN:60,conjure_core::ast::matrix::flatten
FN:41,conjure_core::ast::matrix::enumerate_indices
FN:44,conjure_core::ast::matrix::enumerate_indices::{closure#0}
FN:44,conjure_core::ast::matrix::enumerate_indices::{closure#0}
FN:41,conjure_core::ast::matrix::enumerate_indices
FN:96,conjure_core::ast::matrix::flatten_enumerate::{closure#0}
FN:118,conjure_core::ast::matrix::index_domains
FN:27,rust_out::main::_doctest_main_crates_conjure_core_src_ast_matrix_rs_26_0
FN:118,conjure_core::ast::matrix::index_domains
FN:69,conjure_core::ast::matrix::flatten_1::{closure#0}
FN:60,conjure_core::ast::matrix::flatten
FN:87,conjure_core::ast::matrix::flatten_enumerate
FN:27,rust_out::main
FN:68,conjure_core::ast::matrix::flatten_1
FN:96,conjure_core::ast::matrix::flatten_enumerate::{closure#0}
FN:124,conjure_core::ast::matrix::index_domains::{closure#0}
FN:124,conjure_core::ast::matrix::index_domains::{closure#0}
FN:41,conjure_core::ast::matrix::enumerate_indices
FN:69,conjure_core::ast::matrix::flatten_1::{closure#0}
FN:96,conjure_core::ast::matrix::flatten_enumerate::{closure#0}
FN:44,conjure_core::ast::matrix::enumerate_indices::{closure#0}
FN:60,conjure_core::ast::matrix::flatten
FNDA:1,conjure_core::ast::matrix::index_domains::{closure#0}
FNDA:0,conjure_core::ast::matrix::flatten_1
FNDA:1,conjure_core::ast::matrix::index_domains
FNDA:0,conjure_core::ast::matrix::flatten_enumerate
FNDA:0,conjure_core::ast::matrix::flatten_1
FNDA:0,conjure_core::ast::matrix::flatten_1::{closure#0}
FNDA:1,conjure_core::ast::matrix::flatten_enumerate
FNDA:0,conjure_core::ast::matrix::flatten
FNDA:1,conjure_core::ast::matrix::enumerate_indices
FNDA:0,conjure_core::ast::matrix::enumerate_indices::{closure#0}
FNDA:1,conjure_core::ast::matrix::enumerate_indices::{closure#0}
FNDA:0,conjure_core::ast::matrix::enumerate_indices
FNDA:0,conjure_core::ast::matrix::flatten_enumerate::{closure#0}
FNDA:0,conjure_core::ast::matrix::index_domains
FNDA:1,rust_out::main::_doctest_main_crates_conjure_core_src_ast_matrix_rs_26_0
FNDA:0,conjure_core::ast::matrix::index_domains
FNDA:0,conjure_core::ast::matrix::flatten_1::{closure#0}
FNDA:1,conjure_core::ast::matrix::flatten
FNDA:0,conjure_core::ast::matrix::flatten_enumerate
FNDA:1,rust_out::main
FNDA:1,conjure_core::ast::matrix::flatten_1
FNDA:0,conjure_core::ast::matrix::flatten_enumerate::{closure#0}
FNDA:0,conjure_core::ast::matrix::index_domains::{closure#0}
FNDA:0,conjure_core::ast::matrix::index_domains::{closure#0}
FNDA:0,conjure_core::ast::matrix::enumerate_indices
FNDA:1,conjure_core::ast::matrix::flatten_1::{closure#0}
FNDA:1,conjure_core::ast::matrix::flatten_enumerate::{closure#0}
FNDA:0,conjure_core::ast::matrix::enumerate_indices::{closure#0}
FNDA:0,conjure_core::ast::matrix::flatten
FNF:29
FNH:11
BRF:0
BRH:0
DA:27,1
DA:29,1
DA:30,1
DA:31,1
DA:32,1
DA:33,1
DA:34,1
DA:35,1
DA:36,1
DA:37,1
DA:38,1
DA:39,1
DA:40,1
DA:41,913
DA:42,960
DA:43,960
DA:44,1200
DA:45,1200
DA:46,1200
DA:47,1200
DA:48,960
DA:49,960
DA:60,140
DA:61,140
DA:62,0
DA:65,140
DA:66,140
DA:68,480
DA:69,1420
DA:70,140
DA:71,140
DA:73,1280
DA:75,1420
DA:76,480
DA:87,340
DA:88,340
DA:89,340
DA:90,340
DA:91,0
DA:94,340
DA:95,340
DA:96,400
DA:97,400
DA:98,400
DA:99,360
DA:100,0
DA:101,360
DA:102,360
DA:104,40
DA:105,400
DA:106,340
DA:107,340
DA:108,340
DA:109,340
DA:118,360
DA:119,360
DA:120,0
DA:123,360
DA:124,600
DA:125,600
DA:126,600
DA:127,0
DA:130,600
DA:131,600
DA:132,0
DA:133,600
DA:134,600
DA:135,600
DA:136,600
DA:139,600
DA:141,360
LF:71
LH:65
end_of_record
SF:crates/conjure_core/src/ast/pretty.rs
FN:37,conjure_core::ast::pretty::pretty_expressions_as_conjunction
FN:56,conjure_core::ast::pretty::pretty_vec::<conjure_core::ast::atom::Atom>::{closure#0}
FN:56,conjure_core::ast::pretty::pretty_vec::<conjure_core::ast::expressions::Expression>::{closure#0}
FN:24,conjure_core::ast::pretty::pretty_expressions_as_top_level
FN:55,conjure_core::ast::pretty::pretty_vec::<conjure_core::ast::literals::Literal>
FN:56,conjure_core::ast::pretty::pretty_vec::<&conjure_core::ast::domains::Domain>::{closure#0}
FN:55,conjure_core::ast::pretty::pretty_vec::<conjure_core::ast::atom::Atom>
FN:56,conjure_core::ast::pretty::pretty_vec::<conjure_core::ast::literals::Literal>::{closure#0}
FN:55,conjure_core::ast::pretty::pretty_vec::<conjure_core::ast::literals::Literal>
FN:56,conjure_core::ast::pretty::pretty_vec::<&conjure_core::ast::domains::Domain>::{closure#0}
FN:55,conjure_core::ast::pretty::pretty_vec::<conjure_core::ast::atom::Atom>
FN:24,conjure_core::ast::pretty::pretty_expressions_as_top_level
FN:55,conjure_core::ast::pretty::pretty_vec::<&conjure_core::ast::domains::Domain>
FN:25,conjure_core::ast::pretty::pretty_expressions_as_top_level::{closure#0}
FN:55,conjure_core::ast::pretty::pretty_vec::<conjure_core::ast::expressions::Expression>
FN:56,conjure_core::ast::pretty::pretty_vec::<&conjure_core::ast::domains::Domain>::{closure#0}
FN:88,conjure_core::ast::pretty::pretty_value_letting_declaration
FN:56,conjure_core::ast::pretty::pretty_vec::<conjure_core::ast::literals::Literal>::{closure#0}
FN:25,conjure_core::ast::pretty::pretty_expressions_as_top_level::{closure#0}
FN:38,conjure_core::ast::pretty::pretty_expressions_as_conjunction::{closure#0}
FN:72,conjure_core::ast::pretty::pretty_variable_declaration
FN:55,conjure_core::ast::pretty::pretty_vec::<&conjure_core::ast::domains::Domain>
FN:55,conjure_core::ast::pretty::pretty_vec::<conjure_core::ast::expressions::Expression>
FN:56,conjure_core::ast::pretty::pretty_vec::<conjure_core::ast::literals::Literal>::{closure#0}
FN:103,conjure_core::ast::pretty::pretty_domain_letting_declaration
FN:103,conjure_core::ast::pretty::pretty_domain_letting_declaration
FN:37,conjure_core::ast::pretty::pretty_expressions_as_conjunction
FN:55,conjure_core::ast::pretty::pretty_vec::<conjure_core::ast::atom::Atom>
FN:88,conjure_core::ast::pretty::pretty_value_letting_declaration
FN:72,conjure_core::ast::pretty::pretty_variable_declaration
FN:24,conjure_core::ast::pretty::pretty_expressions_as_top_level
FN:55,conjure_core::ast::pretty::pretty_vec::<conjure_core::ast::literals::Literal>
FN:56,conjure_core::ast::pretty::pretty_vec::<conjure_core::ast::expressions::Expression>::{closure#0}
FN:56,conjure_core::ast::pretty::pretty_vec::<conjure_core::ast::atom::Atom>::{closure#0}
FN:103,conjure_core::ast::pretty::pretty_domain_letting_declaration
FN:37,conjure_core::ast::pretty::pretty_expressions_as_conjunction
FN:72,conjure_core::ast::pretty::pretty_variable_declaration
FN:56,conjure_core::ast::pretty::pretty_vec::<conjure_core::ast::expressions::Expression>::{closure#0}
FN:38,conjure_core::ast::pretty::pretty_expressions_as_conjunction::{closure#0}
FN:56,conjure_core::ast::pretty::pretty_vec::<conjure_core::ast::atom::Atom>::{closure#0}
FN:55,conjure_core::ast::pretty::pretty_vec::<&conjure_core::ast::domains::Domain>
FN:38,conjure_core::ast::pretty::pretty_expressions_as_conjunction::{closure#0}
FN:25,conjure_core::ast::pretty::pretty_expressions_as_top_level::{closure#0}
FN:55,conjure_core::ast::pretty::pretty_vec::<conjure_core::ast::expressions::Expression>
FN:88,conjure_core::ast::pretty::pretty_value_letting_declaration
FNDA:0,conjure_core::ast::pretty::pretty_expressions_as_conjunction
FNDA:0,conjure_core::ast::pretty::pretty_vec::<conjure_core::ast::atom::Atom>::{closure#0}
FNDA:1,conjure_core::ast::pretty::pretty_vec::<conjure_core::ast::expressions::Expression>::{closure#0}
FNDA:1,conjure_core::ast::pretty::pretty_expressions_as_top_level
FNDA:1,conjure_core::ast::pretty::pretty_vec::<conjure_core::ast::literals::Literal>
FNDA:1,conjure_core::ast::pretty::pretty_vec::<&conjure_core::ast::domains::Domain>::{closure#0}
FNDA:1,conjure_core::ast::pretty::pretty_vec::<conjure_core::ast::atom::Atom>
FNDA:0,conjure_core::ast::pretty::pretty_vec::<conjure_core::ast::literals::Literal>::{closure#0}
FNDA:0,conjure_core::ast::pretty::pretty_vec::<conjure_core::ast::literals::Literal>
FNDA:0,conjure_core::ast::pretty::pretty_vec::<&conjure_core::ast::domains::Domain>::{closure#0}
FNDA:0,conjure_core::ast::pretty::pretty_vec::<conjure_core::ast::atom::Atom>
FNDA:0,conjure_core::ast::pretty::pretty_expressions_as_top_level
FNDA:0,conjure_core::ast::pretty::pretty_vec::<&conjure_core::ast::domains::Domain>
FNDA:0,conjure_core::ast::pretty::pretty_expressions_as_top_level::{closure#0}
FNDA:0,conjure_core::ast::pretty::pretty_vec::<conjure_core::ast::expressions::Expression>
FNDA:0,conjure_core::ast::pretty::pretty_vec::<&conjure_core::ast::domains::Domain>::{closure#0}
FNDA:0,conjure_core::ast::pretty::pretty_value_letting_declaration
FNDA:1,conjure_core::ast::pretty::pretty_vec::<conjure_core::ast::literals::Literal>::{closure#0}
FNDA:1,conjure_core::ast::pretty::pretty_expressions_as_top_level::{closure#0}
FNDA:0,conjure_core::ast::pretty::pretty_expressions_as_conjunction::{closure#0}
FNDA:0,conjure_core::ast::pretty::pretty_variable_declaration
FNDA:1,conjure_core::ast::pretty::pretty_vec::<&conjure_core::ast::domains::Domain>
FNDA:1,conjure_core::ast::pretty::pretty_vec::<conjure_core::ast::expressions::Expression>
FNDA:0,conjure_core::ast::pretty::pretty_vec::<conjure_core::ast::literals::Literal>::{closure#0}
FNDA:0,conjure_core::ast::pretty::pretty_domain_letting_declaration
FNDA:1,conjure_core::ast::pretty::pretty_domain_letting_declaration
FNDA:0,conjure_core::ast::pretty::pretty_expressions_as_conjunction
FNDA:0,conjure_core::ast::pretty::pretty_vec::<conjure_core::ast::atom::Atom>
FNDA:0,conjure_core::ast::pretty::pretty_value_letting_declaration
FNDA:1,conjure_core::ast::pretty::pretty_variable_declaration
FNDA:0,conjure_core::ast::pretty::pretty_expressions_as_top_level
FNDA:0,conjure_core::ast::pretty::pretty_vec::<conjure_core::ast::literals::Literal>
FNDA:0,conjure_core::ast::pretty::pretty_vec::<conjure_core::ast::expressions::Expression>::{closure#0}
FNDA:1,conjure_core::ast::pretty::pretty_vec::<conjure_core::ast::atom::Atom>::{closure#0}
FNDA:0,conjure_core::ast::pretty::pretty_domain_letting_declaration
FNDA:0,conjure_core::ast::pretty::pretty_expressions_as_conjunction
FNDA:0,conjure_core::ast::pretty::pretty_variable_declaration
FNDA:0,conjure_core::ast::pretty::pretty_vec::<conjure_core::ast::expressions::Expression>::{closure#0}
FNDA:0,conjure_core::ast::pretty::pretty_expressions_as_conjunction::{closure#0}
FNDA:0,conjure_core::ast::pretty::pretty_vec::<conjure_core::ast::atom::Atom>::{closure#0}
FNDA:0,conjure_core::ast::pretty::pretty_vec::<&conjure_core::ast::domains::Domain>
FNDA:0,conjure_core::ast::pretty::pretty_expressions_as_conjunction::{closure#0}
FNDA:0,conjure_core::ast::pretty::pretty_expressions_as_top_level::{closure#0}
FNDA:0,conjure_core::ast::pretty::pretty_vec::<conjure_core::ast::expressions::Expression>
FNDA:1,conjure_core::ast::pretty::pretty_value_letting_declaration
FNF:45
FNH:13
BRF:0
BRH:0
DA:24,21320
DA:25,132220
DA:26,21320
DA:37,0
DA:38,0
DA:39,0
DA:40,0
DA:41,0
DA:42,0
DA:43,0
DA:44,0
DA:55,235280
DA:56,297240
DA:57,235280
DA:58,235280
DA:59,235280
DA:60,235280
DA:61,235280
DA:72,22480
DA:73,22480
DA:74,22480
DA:75,22480
DA:76,22480
DA:77,22480
DA:88,480
DA:89,480
DA:90,480
DA:91,480
DA:92,480
DA:103,320
DA:104,320
DA:105,320
DA:106,320
DA:107,320
DA:108,320
DA:109,320
DA:110,320
LF:37
LH:29
end_of_record
SF:crates/conjure_core/src/rule_engine/resolve_rules.rs
FN:93,conjure_core::rule_engine::resolve_rules::rule_sets_by_names
FN:148,conjure_core::rule_engine::resolve_rules::get_rules_grouped::{closure#0}
FN:48,<conjure_core::rule_engine::resolve_rules::RuleData as core::cmp::Ord>::cmp
FN:148,conjure_core::rule_engine::resolve_rules::get_rules_grouped::{closure#0}
FN:165,conjure_core::rule_engine::resolve_rules::resolve_rule_sets
FN:33,<conjure_core::rule_engine::resolve_rules::RuleData as core::cmp::PartialEq>::eq
FN:48,<conjure_core::rule_engine::resolve_rules::RuleData as core::cmp::Ord>::cmp
FN:151,conjure_core::rule_engine::resolve_rules::get_rules_grouped::{closure#1}
FN:77,conjure_core::rule_engine::resolve_rules::get_rule_set
FN:165,conjure_core::rule_engine::resolve_rules::resolve_rule_sets
FN:151,conjure_core::rule_engine::resolve_rules::get_rules_grouped::{closure#1}
FN:142,conjure_core::rule_engine::resolve_rules::get_rules_grouped
FN:165,conjure_core::rule_engine::resolve_rules::resolve_rule_sets
FN:42,<conjure_core::rule_engine::resolve_rules::RuleData as core::cmp::PartialOrd>::partial_cmp
FN:63,<conjure_core::rule_engine::resolve_rules::ResolveRulesError as core::fmt::Display>::fmt
FN:33,<conjure_core::rule_engine::resolve_rules::RuleData as core::cmp::PartialEq>::eq
FN:93,conjure_core::rule_engine::resolve_rules::rule_sets_by_names
FN:42,<conjure_core::rule_engine::resolve_rules::RuleData as core::cmp::PartialOrd>::partial_cmp
FN:77,conjure_core::rule_engine::resolve_rules::get_rule_set
FN:151,conjure_core::rule_engine::resolve_rules::get_rules_grouped::{closure#1}
FN:19,<conjure_core::rule_engine::resolve_rules::RuleData as core::fmt::Display>::fmt
FN:19,<conjure_core::rule_engine::resolve_rules::RuleData as core::fmt::Display>::fmt
FN:115,conjure_core::rule_engine::resolve_rules::get_rules
FN:42,<conjure_core::rule_engine::resolve_rules::RuleData as core::cmp::PartialOrd>::partial_cmp
FN:142,conjure_core::rule_engine::resolve_rules::get_rules_grouped
FN:77,conjure_core::rule_engine::resolve_rules::get_rule_set
FN:48,<conjure_core::rule_engine::resolve_rules::RuleData as core::cmp::Ord>::cmp
FN:33,<conjure_core::rule_engine::resolve_rules::RuleData as core::cmp::PartialEq>::eq
FN:19,<conjure_core::rule_engine::resolve_rules::RuleData as core::fmt::Display>::fmt
FN:115,conjure_core::rule_engine::resolve_rules::get_rules
FN:148,conjure_core::rule_engine::resolve_rules::get_rules_grouped::{closure#0}
FN:142,conjure_core::rule_engine::resolve_rules::get_rules_grouped
FN:93,conjure_core::rule_engine::resolve_rules::rule_sets_by_names
FN:115,conjure_core::rule_engine::resolve_rules::get_rules
FN:63,<conjure_core::rule_engine::resolve_rules::ResolveRulesError as core::fmt::Display>::fmt
FN:63,<conjure_core::rule_engine::resolve_rules::ResolveRulesError as core::fmt::Display>::fmt
FNDA:0,conjure_core::rule_engine::resolve_rules::rule_sets_by_names
FNDA:1,conjure_core::rule_engine::resolve_rules::get_rules_grouped::{closure#0}
FNDA:0,<conjure_core::rule_engine::resolve_rules::RuleData as core::cmp::Ord>::cmp
FNDA:0,conjure_core::rule_engine::resolve_rules::get_rules_grouped::{closure#0}
FNDA:1,conjure_core::rule_engine::resolve_rules::resolve_rule_sets
FNDA:0,<conjure_core::rule_engine::resolve_rules::RuleData as core::cmp::PartialEq>::eq
FNDA:0,<conjure_core::rule_engine::resolve_rules::RuleData as core::cmp::Ord>::cmp
FNDA:1,conjure_core::rule_engine::resolve_rules::get_rules_grouped::{closure#1}
FNDA:0,conjure_core::rule_engine::resolve_rules::get_rule_set
FNDA:0,conjure_core::rule_engine::resolve_rules::resolve_rule_sets
FNDA:0,conjure_core::rule_engine::resolve_rules::get_rules_grouped::{closure#1}
FNDA:1,conjure_core::rule_engine::resolve_rules::get_rules_grouped
FNDA:0,conjure_core::rule_engine::resolve_rules::resolve_rule_sets
FNDA:0,<conjure_core::rule_engine::resolve_rules::RuleData as core::cmp::PartialOrd>::partial_cmp
FNDA:0,<conjure_core::rule_engine::resolve_rules::ResolveRulesError as core::fmt::Display>::fmt
FNDA:0,<conjure_core::rule_engine::resolve_rules::RuleData as core::cmp::PartialEq>::eq
FNDA:0,conjure_core::rule_engine::resolve_rules::rule_sets_by_names
FNDA:0,<conjure_core::rule_engine::resolve_rules::RuleData as core::cmp::PartialOrd>::partial_cmp
FNDA:1,conjure_core::rule_engine::resolve_rules::get_rule_set
FNDA:0,conjure_core::rule_engine::resolve_rules::get_rules_grouped::{closure#1}
FNDA:0,<conjure_core::rule_engine::resolve_rules::RuleData as core::fmt::Display>::fmt
FNDA:0,<conjure_core::rule_engine::resolve_rules::RuleData as core::fmt::Display>::fmt
FNDA:1,conjure_core::rule_engine::resolve_rules::get_rules
FNDA:0,<conjure_core::rule_engine::resolve_rules::RuleData as core::cmp::PartialOrd>::partial_cmp
FNDA:0,conjure_core::rule_engine::resolve_rules::get_rules_grouped
FNDA:0,conjure_core::rule_engine::resolve_rules::get_rule_set
FNDA:1,<conjure_core::rule_engine::resolve_rules::RuleData as core::cmp::Ord>::cmp
FNDA:0,<conjure_core::rule_engine::resolve_rules::RuleData as core::cmp::PartialEq>::eq
FNDA:1,<conjure_core::rule_engine::resolve_rules::RuleData as core::fmt::Display>::fmt
FNDA:0,conjure_core::rule_engine::resolve_rules::get_rules
FNDA:0,conjure_core::rule_engine::resolve_rules::get_rules_grouped::{closure#0}
FNDA:0,conjure_core::rule_engine::resolve_rules::get_rules_grouped
FNDA:1,conjure_core::rule_engine::resolve_rules::rule_sets_by_names
FNDA:0,conjure_core::rule_engine::resolve_rules::get_rules
FNDA:0,<conjure_core::rule_engine::resolve_rules::ResolveRulesError as core::fmt::Display>::fmt
FNDA:0,<conjure_core::rule_engine::resolve_rules::ResolveRulesError as core::fmt::Display>::fmt
FNF:36
FNH:9
BRF:0
BRH:0
DA:19,3960
DA:20,3960
DA:21,3960
DA:22,3960
DA:23,3960
DA:24,3960
DA:25,3960
DA:33,0
DA:34,0
DA:35,0
DA:42,0
DA:43,0
DA:44,0
DA:48,1023040
DA:49,1023040
DA:50,278620
DA:51,744420
DA:53,1023040
DA:63,0
DA:64,0
DA:65,0
DA:66,0
DA:67,0
DA:77,7120
DA:78,7120
DA:79,7120
DA:80,0
DA:82,7120
DA:93,2440
DA:94,2440
DA:95,2440
DA:96,2440
DA:98,9560
DA:99,7120
DA:100,7120
DA:101,7120
DA:102,7120
DA:105,2440
DA:106,2440
DA:115,2420
DA:116,2420
DA:117,2420
DA:118,2420
DA:119,2420
DA:120,2420
DA:122,12040
DA:123,158340
DA:124,158340
DA:125,158340
DA:126,158340
DA:127,158340
DA:128,158340
DA:129,158340
DA:132,2420
DA:133,2420
DA:142,2360
DA:143,2360
DA:144,2360
DA:145,2360
DA:146,2360
DA:147,2360
DA:148,154380
DA:149,2360
DA:150,2360
DA:151,39840
DA:152,2360
DA:153,2360
DA:154,2360
DA:165,2440
DA:166,2440
DA:167,2440
DA:168,2440
DA:169,2440
DA:170,2440
DA:171,2440
DA:173,2440
DA:174,2440
DA:175,2440
DA:177,2440
DA:178,2440
DA:179,2440
LF:81
LH:69
end_of_record
SF:crates/tree_morph/src/commands.rs
FN:65,<tree_morph::commands::Commands<rust_out::main::_doctest_main_crates_tree_morph_src_engine_rs_41_0::Expr, i32>>::new
FN:85,<tree_morph::commands::Commands<rust_out::main::_doctest_main_crates_tree_morph_src_commands_rs_28_0::Expr, bool>>::mut_meta
FN:95,<tree_morph::commands::Commands<rust_out::main::_doctest_main_crates_tree_morph_src_commands_rs_28_0::Expr, bool>>::apply
FN:65,<tree_morph::commands::Commands<lambda_calc::Expr, u32>>::new
FN:95,<tree_morph::commands::Commands<_, _>>::apply
FN:78,<tree_morph::commands::Commands<_, _>>::transform
FN:65,<tree_morph::commands::Commands<dirty_clean::Expr, dirty_clean::Meta>>::new
FN:65,<tree_morph::commands::Commands<rule_groups::Expr, ()>>::new
FN:95,<tree_morph::commands::Commands<rule_groups::Expr, ()>>::apply
FN:85,<tree_morph::commands::Commands<lambda_calc::Expr, u32>>::mut_meta
FN:65,<tree_morph::commands::Commands<_, _>>::new
FN:90,<tree_morph::commands::Commands<_, _>>::clear
FN:95,<tree_morph::commands::Commands<mixed_fn_rules::Expr, ()>>::apply
FN:85,<tree_morph::commands::Commands<enum_rules::Expr, enum_rules::Meta>>::mut_meta
FN:95,<tree_morph::commands::Commands<enum_rules::Expr, enum_rules::Meta>>::apply
FN:65,<tree_morph::commands::Commands<conjure_core::ast::expressions::Expression, conjure_core::ast::symbol_table::SymbolTable>>::new
FN:65,<tree_morph::commands::Commands<rust_out::main::_doctest_main_crates_tree_morph_src_rule_rs_111_0::Foo, ()>>::new
FN:95,<tree_morph::commands::Commands<rust_out::main::_doctest_main_crates_tree_morph_src_engine_rs_41_0::Expr, i32>>::apply
FN:41,rust_out::main::_doctest_main_crates_tree_morph_src_commands_rs_28_0::rule
FN:42,rust_out::main::_doctest_main_crates_tree_morph_src_commands_rs_28_0::rule::{closure#0}
FN:78,<tree_morph::commands::Commands<_, _>>::transform
FN:46,rust_out::main::_doctest_main_crates_tree_morph_src_commands_rs_28_0::rule::{closure#1}
FN:95,<tree_morph::commands::Commands<_, _>>::apply
FN:65,<tree_morph::commands::Commands<rust_out::main::_doctest_main_crates_tree_morph_src_rule_rs_38_0::Term, ()>>::new
FN:85,<tree_morph::commands::Commands<conjure_core::ast::expressions::Expression, conjure_core::ast::symbol_table::SymbolTable>>::mut_meta
FN:65,<tree_morph::commands::Commands<_, _>>::new
FN:85,<tree_morph::commands::Commands<_, _>>::mut_meta
FN:78,<tree_morph::commands::Commands<conjure_core::ast::expressions::Expression, conjure_core::ast::symbol_table::SymbolTable>>::transform
FN:65,<tree_morph::commands::Commands<mixed_fn_rules::Expr, ()>>::new
FN:29,rust_out::main::_doctest_main_crates_tree_morph_src_commands_rs_28_0
FN:85,<tree_morph::commands::Commands<_, _>>::mut_meta
FN:29,rust_out::main
FN:78,<tree_morph::commands::Commands<rust_out::main::_doctest_main_crates_tree_morph_src_commands_rs_28_0::Expr, bool>>::transform
FN:85,<tree_morph::commands::Commands<conjure_core::ast::expressions::Expression, conjure_core::ast::symbol_table::SymbolTable>>::mut_meta
FN:78,<tree_morph::commands::Commands<conjure_core::ast::expressions::Expression, conjure_core::ast::symbol_table::SymbolTable>>::transform
FN:95,<tree_morph::commands::Commands<rust_out::main::_doctest_main_crates_tree_morph_src_rule_rs_111_0::Foo, ()>>::apply
FN:65,<tree_morph::commands::Commands<enum_rules::Expr, enum_rules::Meta>>::new
FN:90,<tree_morph::commands::Commands<_, _>>::clear
FN:65,<tree_morph::commands::Commands<rust_out::main::_doctest_main_crates_tree_morph_src_commands_rs_28_0::Expr, bool>>::new
FN:95,<tree_morph::commands::Commands<lambda_calc::Expr, u32>>::apply
FN:95,<tree_morph::commands::Commands<shapes::Shape, ()>>::apply
FN:95,<tree_morph::commands::Commands<conjure_core::ast::expressions::Expression, conjure_core::ast::symbol_table::SymbolTable>>::apply
FN:65,<tree_morph::commands::Commands<shapes::Shape, ()>>::new
FN:85,<tree_morph::commands::Commands<rust_out::main::_doctest_main_crates_tree_morph_src_engine_rs_41_0::Expr, i32>>::mut_meta
FN:95,<tree_morph::commands::Commands<dirty_clean::Expr, dirty_clean::Meta>>::apply
FN:85,<tree_morph::commands::Commands<dirty_clean::Expr, dirty_clean::Meta>>::mut_meta
FN:95,<tree_morph::commands::Commands<rust_out::main::_doctest_main_crates_tree_morph_src_rule_rs_38_0::Term, ()>>::apply
FNDA:1,<tree_morph::commands::Commands<rust_out::main::_doctest_main_crates_tree_morph_src_engine_rs_41_0::Expr, i32>>::new
FNDA:1,<tree_morph::commands::Commands<rust_out::main::_doctest_main_crates_tree_morph_src_commands_rs_28_0::Expr, bool>>::mut_meta
FNDA:1,<tree_morph::commands::Commands<rust_out::main::_doctest_main_crates_tree_morph_src_commands_rs_28_0::Expr, bool>>::apply
FNDA:1,<tree_morph::commands::Commands<lambda_calc::Expr, u32>>::new
FNDA:0,<tree_morph::commands::Commands<_, _>>::apply
FNDA:0,<tree_morph::commands::Commands<_, _>>::transform
FNDA:1,<tree_morph::commands::Commands<dirty_clean::Expr, dirty_clean::Meta>>::new
FNDA:1,<tree_morph::commands::Commands<rule_groups::Expr, ()>>::new
FNDA:1,<tree_morph::commands::Commands<rule_groups::Expr, ()>>::apply
FNDA:1,<tree_morph::commands::Commands<lambda_calc::Expr, u32>>::mut_meta
FNDA:0,<tree_morph::commands::Commands<_, _>>::new
FNDA:0,<tree_morph::commands::Commands<_, _>>::clear
FNDA:1,<tree_morph::commands::Commands<mixed_fn_rules::Expr, ()>>::apply
FNDA:1,<tree_morph::commands::Commands<enum_rules::Expr, enum_rules::Meta>>::mut_meta
FNDA:1,<tree_morph::commands::Commands<enum_rules::Expr, enum_rules::Meta>>::apply
FNDA:0,<tree_morph::commands::Commands<conjure_core::ast::expressions::Expression, conjure_core::ast::symbol_table::SymbolTable>>::new
FNDA:1,<tree_morph::commands::Commands<rust_out::main::_doctest_main_crates_tree_morph_src_rule_rs_111_0::Foo, ()>>::new
FNDA:1,<tree_morph::commands::Commands<rust_out::main::_doctest_main_crates_tree_morph_src_engine_rs_41_0::Expr, i32>>::apply
FNDA:1,rust_out::main::_doctest_main_crates_tree_morph_src_commands_rs_28_0::rule
FNDA:1,rust_out::main::_doctest_main_crates_tree_morph_src_commands_rs_28_0::rule::{closure#0}
FNDA:0,<tree_morph::commands::Commands<_, _>>::transform
FNDA:1,rust_out::main::_doctest_main_crates_tree_morph_src_commands_rs_28_0::rule::{closure#1}
FNDA:0,<tree_morph::commands::Commands<_, _>>::apply
FNDA:1,<tree_morph::commands::Commands<rust_out::main::_doctest_main_crates_tree_morph_src_rule_rs_38_0::Term, ()>>::new
FNDA:0,<tree_morph::commands::Commands<conjure_core::ast::expressions::Expression, conjure_core::ast::symbol_table::SymbolTable>>::mut_meta
FNDA:0,<tree_morph::commands::Commands<_, _>>::new
FNDA:0,<tree_morph::commands::Commands<_, _>>::mut_meta
FNDA:0,<tree_morph::commands::Commands<conjure_core::ast::expressions::Expression, conjure_core::ast::symbol_table::SymbolTable>>::transform
FNDA:1,<tree_morph::commands::Commands<mixed_fn_rules::Expr, ()>>::new
FNDA:1,rust_out::main::_doctest_main_crates_tree_morph_src_commands_rs_28_0
FNDA:0,<tree_morph::commands::Commands<_, _>>::mut_meta
FNDA:1,rust_out::main
FNDA:1,<tree_morph::commands::Commands<rust_out::main::_doctest_main_crates_tree_morph_src_commands_rs_28_0::Expr, bool>>::transform
FNDA:0,<tree_morph::commands::Commands<conjure_core::ast::expressions::Expression, conjure_core::ast::symbol_table::SymbolTable>>::mut_meta
FNDA:0,<tree_morph::commands::Commands<conjure_core::ast::expressions::Expression, conjure_core::ast::symbol_table::SymbolTable>>::transform
FNDA:0,<tree_morph::commands::Commands<rust_out::main::_doctest_main_crates_tree_morph_src_rule_rs_111_0::Foo, ()>>::apply
FNDA:1,<tree_morph::commands::Commands<enum_rules::Expr, enum_rules::Meta>>::new
FNDA:0,<tree_morph::commands::Commands<_, _>>::clear
FNDA:1,<tree_morph::commands::Commands<rust_out::main::_doctest_main_crates_tree_morph_src_commands_rs_28_0::Expr, bool>>::new
FNDA:1,<tree_morph::commands::Commands<lambda_calc::Expr, u32>>::apply
FNDA:1,<tree_morph::commands::Commands<shapes::Shape, ()>>::apply
FNDA:0,<tree_morph::commands::Commands<conjure_core::ast::expressions::Expression, conjure_core::ast::symbol_table::SymbolTable>>::apply
FNDA:1,<tree_morph::commands::Commands<shapes::Shape, ()>>::new
FNDA:1,<tree_morph::commands::Commands<rust_out::main::_doctest_main_crates_tree_morph_src_engine_rs_41_0::Expr, i32>>::mut_meta
[...]
FNDA:0,<conjure_core::metadata::Metadata>::clone_dirty
FNDA:0,<conjure_core::metadata::Metadata as core::fmt::Display>::fmt
FNDA:0,<conjure_core::metadata::Metadata as core::fmt::Display>::fmt
FNDA:1,<conjure_core::metadata::Metadata>::new
FNDA:0,<conjure_core::metadata::Metadata>::clone_dirty
FNF:9
FNH:3
BRF:0
BRH:0
DA:15,169278
DA:16,169278
DA:17,169278
DA:18,169278
DA:19,169278
DA:20,169278
DA:22,2940
DA:23,2940
DA:24,2940
DA:25,2940
DA:26,2940
DA:27,2940
DA:31,0
DA:32,0
DA:33,0
LF:15
LH:12
end_of_record
SF:conjure_oxide/src/utils/testing.rs
FN:47,conjure_oxide::utils::testing::serialise_model
FN:269,conjure_oxide::utils::testing::normalize_solutions_for_comparison::{closure#1}::{closure#0}
FN:265,conjure_oxide::utils::testing::normalize_solutions_for_comparison::{closure#1}
FN:188,conjure_oxide::utils::testing::read_rule_trace
FN:245,conjure_oxide::utils::testing::normalize_solutions_for_comparison::{closure#0}
FN:90,conjure_oxide::utils::testing::read_model_json
FN:165,conjure_oxide::utils::testing::read_solutions_json
FN:26,conjure_oxide::utils::testing::assert_eq_any_order::<_>
FN:236,conjure_oxide::utils::testing::normalize_solutions_for_comparison
FN:265,conjure_oxide::utils::testing::normalize_solutions_for_comparison::{closure#1}
FN:221,conjure_oxide::utils::testing::read_human_rule_trace
FN:188,conjure_oxide::utils::testing::read_rule_trace
FN:72,conjure_oxide::utils::testing::save_stats_json
FN:221,conjure_oxide::utils::testing::read_human_rule_trace
FN:245,conjure_oxide::utils::testing::normalize_solutions_for_comparison::{closure#0}
FN:90,conjure_oxide::utils::testing::read_model_json
FN:60,conjure_oxide::utils::testing::save_model_json
FN:26,conjure_oxide::utils::testing::assert_eq_any_order::<_>
FN:106,conjure_oxide::utils::testing::minion_solutions_from_json
FN:47,conjure_oxide::utils::testing::serialise_model
FN:245,conjure_oxide::utils::testing::normalize_solutions_for_comparison::{closure#0}
FN:265,conjure_oxide::utils::testing::normalize_solutions_for_comparison::{closure#1}
FN:47,conjure_oxide::utils::testing::serialise_model
FN:165,conjure_oxide::utils::testing::read_solutions_json
FN:72,conjure_oxide::utils::testing::save_stats_json
FN:165,conjure_oxide::utils::testing::read_solutions_json
FN:269,conjure_oxide::utils::testing::normalize_solutions_for_comparison::{closure#1}::{closure#0}
FN:60,conjure_oxide::utils::testing::save_model_json
FN:236,conjure_oxide::utils::testing::normalize_solutions_for_comparison
FN:26,conjure_oxide::utils::testing::assert_eq_any_order::<_>
FN:236,conjure_oxide::utils::testing::normalize_solutions_for_comparison
FN:72,conjure_oxide::utils::testing::save_stats_json
FN:145,conjure_oxide::utils::testing::save_solutions_json
FN:269,conjure_oxide::utils::testing::normalize_solutions_for_comparison::{closure#1}::{closure#0}
FN:106,conjure_oxide::utils::testing::minion_solutions_from_json
FN:90,conjure_oxide::utils::testing::read_model_json
FN:106,conjure_oxide::utils::testing::minion_solutions_from_json
FN:221,conjure_oxide::utils::testing::read_human_rule_trace
FN:145,conjure_oxide::utils::testing::save_solutions_json
FN:145,conjure_oxide::utils::testing::save_solutions_json
FN:60,conjure_oxide::utils::testing::save_model_json
FN:188,conjure_oxide::utils::testing::read_rule_trace
FNDA:0,conjure_oxide::utils::testing::serialise_model
FNDA:0,conjure_oxide::utils::testing::normalize_solutions_for_comparison::{closure#1}::{closure#0}
FNDA:0,conjure_oxide::utils::testing::normalize_solutions_for_comparison::{closure#1}
FNDA:0,conjure_oxide::utils::testing::read_rule_trace
FNDA:0,conjure_oxide::utils::testing::normalize_solutions_for_comparison::{closure#0}
FNDA:1,conjure_oxide::utils::testing::read_model_json
FNDA:0,conjure_oxide::utils::testing::read_solutions_json
FNDA:0,conjure_oxide::utils::testing::assert_eq_any_order::<_>
FNDA:0,conjure_oxide::utils::testing::normalize_solutions_for_comparison
FNDA:0,conjure_oxide::utils::testing::normalize_solutions_for_comparison::{closure#1}
FNDA:0,conjure_oxide::utils::testing::read_human_rule_trace
FNDA:0,conjure_oxide::utils::testing::read_rule_trace
FNDA:0,conjure_oxide::utils::testing::save_stats_json
FNDA:1,conjure_oxide::utils::testing::read_human_rule_trace
FNDA:0,conjure_oxide::utils::testing::normalize_solutions_for_comparison::{closure#0}
FNDA:0,conjure_oxide::utils::testing::read_model_json
FNDA:0,conjure_oxide::utils::testing::save_model_json
FNDA:0,conjure_oxide::utils::testing::assert_eq_any_order::<_>
FNDA:0,conjure_oxide::utils::testing::minion_solutions_from_json
FNDA:0,conjure_oxide::utils::testing::serialise_model
FNDA:0,conjure_oxide::utils::testing::normalize_solutions_for_comparison::{closure#0}
FNDA:0,conjure_oxide::utils::testing::normalize_solutions_for_comparison::{closure#1}
FNDA:1,conjure_oxide::utils::testing::serialise_model
FNDA:0,conjure_oxide::utils::testing::read_solutions_json
FNDA:1,conjure_oxide::utils::testing::save_stats_json
FNDA:1,conjure_oxide::utils::testing::read_solutions_json
FNDA:0,conjure_oxide::utils::testing::normalize_solutions_for_comparison::{closure#1}::{closure#0}
FNDA:1,conjure_oxide::utils::testing::save_model_json
FNDA:0,conjure_oxide::utils::testing::normalize_solutions_for_comparison
FNDA:0,conjure_oxide::utils::testing::assert_eq_any_order::<_>
FNDA:0,conjure_oxide::utils::testing::normalize_solutions_for_comparison
FNDA:0,conjure_oxide::utils::testing::save_stats_json
FNDA:0,conjure_oxide::utils::testing::save_solutions_json
FNDA:0,conjure_oxide::utils::testing::normalize_solutions_for_comparison::{closure#1}::{closure#0}
FNDA:0,conjure_oxide::utils::testing::minion_solutions_from_json
FNDA:0,conjure_oxide::utils::testing::read_model_json
FNDA:0,conjure_oxide::utils::testing::minion_solutions_from_json
FNDA:0,conjure_oxide::utils::testing::read_human_rule_trace
FNDA:0,conjure_oxide::utils::testing::save_solutions_json
FNDA:1,conjure_oxide::utils::testing::save_solutions_json
FNDA:0,conjure_oxide::utils::testing::save_model_json
FNDA:0,conjure_oxide::utils::testing::read_rule_trace
FNF:42
FNH:7
BRF:0
BRH:0
DA:26,0
DA:27,0
DA:29,0
DA:30,0
DA:31,0
DA:32,0
DA:33,0
DA:35,0
DA:36,0
DA:37,0
DA:38,0
DA:39,0
DA:41,0
DA:42,0
DA:43,0
DA:45,0
DA:47,1832
DA:48,1832
DA:49,1832
DA:50,1832
DA:51,1832
DA:52,1832
DA:55,1832
DA:57,1832
DA:58,1832
DA:60,1832
DA:61,1832
DA:62,1832
DA:63,1832
DA:64,1832
DA:65,1832
DA:66,1832
DA:67,1832
DA:68,1832
DA:69,1832
DA:70,1832
DA:72,920
DA:73,920
DA:74,920
DA:75,920
DA:76,920
DA:77,920
DA:78,920
DA:79,920
DA:82,920
DA:84,920
DA:85,920
DA:87,920
DA:88,920
DA:90,2752
DA:91,2752
DA:92,2752
DA:93,2752
DA:94,2752
DA:95,2752
DA:96,2752
DA:97,2752
DA:98,2752
DA:99,0
DA:100,2752
DA:101,2752
DA:103,2752
DA:104,2752
DA:106,0
DA:107,0
DA:108,0
DA:109,0
DA:111,0
DA:112,0
DA:113,0
DA:115,0
DA:117,0
DA:118,0
DA:119,0
DA:120,0
DA:121,0
DA:123,0
DA:124,0
DA:125,0
DA:126,0
DA:127,0
DA:128,0
DA:129,0
DA:131,0
DA:132,0
DA:135,0
DA:138,0
DA:141,0
DA:142,0
DA:145,904
DA:146,904
DA:147,904
DA:148,904
DA:149,904
DA:150,904
DA:151,904
DA:152,904
DA:154,904
DA:155,16
DA:156,888
DA:159,904
DA:160,904
DA:162,904
DA:163,904
DA:165,904
DA:166,904
DA:167,904
DA:168,904
DA:169,904
DA:170,904
DA:171,904
DA:172,16
DA:173,888
DA:176,904
DA:177,904
DA:178,0
DA:180,904
DA:181,904
DA:183,904
DA:184,904
DA:188,0
DA:189,0
DA:190,0
DA:191,0
DA:192,0
DA:193,0
DA:194,0
DA:195,0
DA:196,0
DA:197,0
DA:198,0
DA:199,0
DA:200,0
DA:201,0
DA:202,0
DA:203,0
DA:204,0
DA:206,0
DA:207,0
DA:210,0
DA:211,0
DA:212,0
DA:213,0
DA:214,0
DA:215,0
DA:217,0
DA:218,0
DA:221,1824
DA:222,1824
DA:223,1824
DA:224,1824
DA:225,1824
DA:226,1824
DA:227,1824
DA:228,1824
DA:229,1824
DA:230,1824
DA:231,1824
DA:232,1824
DA:233,1824
DA:236,0
DA:237,0
DA:238,0
DA:239,0
DA:241,0
DA:243,0
DA:244,0
DA:245,0
DA:246,0
DA:247,0
DA:248,0
DA:249,0
DA:250,0
DA:252,0
DA:253,0
DA:254,0
DA:255,0
DA:256,0
DA:257,0
DA:258,0
DA:259,0
DA:260,0
DA:261,0
DA:262,0
DA:263,0
DA:264,0
DA:265,0
DA:266,0
DA:267,0
DA:268,0
DA:269,0
DA:270,0
DA:271,0
DA:272,0
DA:273,0
DA:274,0
DA:275,0
DA:276,0
DA:278,0
DA:279,0
DA:281,0
DA:283,0
DA:285,0
DA:288,0
DA:289,0
DA:290,0
DA:294,0
DA:295,0
DA:296,0
LF:209
LH:89
end_of_record
SF:crates/tree_morph/tests/enum_rules.rs
FN:40,<enum_rules::MyRule as tree_morph::rule::Rule<enum_rules::Expr, enum_rules::Meta>>::apply
FN:41,<enum_rules::MyRule as tree_morph::rule::Rule<enum_rules::Expr, enum_rules::Meta>>::apply::{closure#0}
FN:117,enum_rules::eval_nested
FN:24,enum_rules::rule_eval_mul
FN:53,enum_rules::single_var
FN:85,enum_rules::mul_one
FN:101,enum_rules::eval_add
FN:69,enum_rules::add_zero
FN:14,enum_rules::rule_eval_add
FNDA:1,<enum_rules::MyRule as tree_morph::rule::Rule<enum_rules::Expr, enum_rules::Meta>>::apply
FNDA:1,<enum_rules::MyRule as tree_morph::rule::Rule<enum_rules::Expr, enum_rules::Meta>>::apply::{closure#0}
FNDA:1,enum_rules::eval_nested
FNDA:1,enum_rules::rule_eval_mul
FNDA:1,enum_rules::single_var
FNDA:1,enum_rules::mul_one
FNDA:1,enum_rules::eval_add
FNDA:1,enum_rules::add_zero
FNDA:1,enum_rules::rule_eval_add
FNF:9
FNH:9
BRF:0
BRH:0
DA:14,11
DA:15,11
DA:16,3
DA:17,3
DA:18,0
DA:20,8
DA:22,11
DA:24,11
DA:25,11
DA:26,3
DA:27,2
DA:28,1
DA:30,8
DA:32,11
DA:40,22
DA:41,22
DA:42,22
DA:43,11
DA:44,11
DA:46,22
DA:53,1
DA:54,1
DA:55,1
DA:56,1
DA:57,1
DA:58,1
DA:59,1
DA:60,1
DA:61,1
DA:62,1
DA:63,1
DA:64,1
DA:65,1
DA:66,1
DA:69,1
DA:70,1
DA:71,1
DA:72,1
DA:73,1
DA:74,1
DA:75,1
DA:76,1
DA:77,1
DA:78,1
DA:79,1
DA:80,1
DA:81,1
DA:82,1
DA:85,1
DA:86,1
DA:87,1
DA:88,1
DA:89,1
DA:90,1
DA:91,1
DA:92,1
DA:93,1
DA:94,1
DA:95,1
DA:96,1
DA:97,1
DA:98,1
DA:101,1
DA:102,1
DA:103,1
DA:104,1
DA:105,1
DA:106,1
DA:107,1
DA:108,1
DA:109,1
DA:110,1
DA:111,1
DA:112,1
DA:113,1
DA:114,1
DA:117,1
DA:118,1
DA:119,1
DA:120,1
DA:121,1
DA:122,1
DA:123,1
DA:124,1
DA:125,1
DA:126,1
DA:127,1
DA:128,1
DA:129,1
DA:130,1
DA:131,1
DA:132,1
DA:133,1
LF:93
LH:92
end_of_record
SF:crates/conjure_core/src/ast/domains.rs
FN:80,<conjure_core::ast::domains::Domain>::contains
FN:264,<conjure_core::ast::domains::Domain as core::fmt::Display>::fmt::{closure#0}
FN:264,<conjure_core::ast::domains::Domain as core::fmt::Display>::fmt::{closure#0}
FN:232,<conjure_core::ast::domains::Domain>::resolve
FN:136,<conjure_core::ast::domains::Domain>::values_i32
FN:232,<conjure_core::ast::domains::Domain>::resolve
FN:185,<conjure_core::ast::domains::Domain>::apply_i32
FN:176,<conjure_core::ast::domains::Domain>::length::{closure#0}
FN:211,<conjure_core::ast::domains::Domain>::is_finite::{closure#0}
FN:90,<conjure_core::ast::domains::Domain>::contains::{closure#0}
FN:28,<conjure_core::ast::domains::Range<i32>>::contains
FN:185,<conjure_core::ast::domains::Domain>::apply_i32
FN:162,<conjure_core::ast::domains::Domain>::values::{closure#0}
FN:162,<conjure_core::ast::domains::Domain>::values::{closure#0}::{closure#0}
FN:136,<conjure_core::ast::domains::Domain>::values_i32
FN:90,<conjure_core::ast::domains::Domain>::contains::{closure#0}
FN:162,<conjure_core::ast::domains::Domain>::values::{closure#0}::{closure#0}
FN:258,<conjure_core::ast::domains::Domain as core::fmt::Display>::fmt
FN:157,<conjure_core::ast::domains::Domain>::values
FN:288,<conjure_core::ast::domains::Domain as conjure_core::ast::types::Typeable>::return_type
FN:39,<conjure_core::ast::domains::Range<i32> as core::fmt::Display>::fmt
FN:175,<conjure_core::ast::domains::Domain>::length
FN:141,<conjure_core::ast::domains::Domain>::values_i32::{closure#0}
FN:258,<conjure_core::ast::domains::Domain as core::fmt::Display>::fmt
FN:211,<conjure_core::ast::domains::Domain>::is_finite::{closure#0}
FN:175,<conjure_core::ast::domains::Domain>::length
FN:162,<conjure_core::ast::domains::Domain>::values::{closure#0}
FN:80,<conjure_core::ast::domains::Domain>::contains
FN:157,<conjure_core::ast::domains::Domain>::values
FN:175,<conjure_core::ast::domains::Domain>::length
FN:157,<conjure_core::ast::domains::Domain>::values
FN:80,<conjure_core::ast::domains::Domain>::contains
FN:185,<conjure_core::ast::domains::Domain>::apply_i32
FN:300,conjure_core::ast::domains::tests::test_negative_product::{closure#0}
FN:202,<conjure_core::ast::domains::Domain>::is_finite
FN:141,<conjure_core::ast::domains::Domain>::values_i32::{closure#0}
FN:28,<conjure_core::ast::domains::Range<i32>>::contains
FN:288,<conjure_core::ast::domains::Domain as conjure_core::ast::types::Typeable>::return_type
FN:297,conjure_core::ast::domains::tests::test_negative_product
FN:141,<conjure_core::ast::domains::Domain>::values_i32::{closure#0}
FN:232,<conjure_core::ast::domains::Domain>::resolve
FN:176,<conjure_core::ast::domains::Domain>::length::{closure#0}
FN:202,<conjure_core::ast::domains::Domain>::is_finite
FN:317,conjure_core::ast::domains::tests::test_negative_div
FN:288,<conjure_core::ast::domains::Domain as conjure_core::ast::types::Typeable>::return_type
FN:136,<conjure_core::ast::domains::Domain>::values_i32
FN:176,<conjure_core::ast::domains::Domain>::length::{closure#0}
FN:264,<conjure_core::ast::domains::Domain as core::fmt::Display>::fmt::{closure#0}
FN:211,<conjure_core::ast::domains::Domain>::is_finite::{closure#0}
FN:321,conjure_core::ast::domains::tests::test_negative_div::{closure#0}
FN:162,<conjure_core::ast::domains::Domain>::values::{closure#0}
FN:90,<conjure_core::ast::domains::Domain>::contains::{closure#0}
FN:162,<conjure_core::ast::domains::Domain>::values::{closure#0}::{closure#0}
FN:39,<conjure_core::ast::domains::Range<i32> as core::fmt::Display>::fmt
FN:258,<conjure_core::ast::domains::Domain as core::fmt::Display>::fmt
FN:39,<conjure_core::ast::domains::Range<i32> as core::fmt::Display>::fmt
FN:28,<conjure_core::ast::domains::Range<i32>>::contains
FN:202,<conjure_core::ast::domains::Domain>::is_finite
FNDA:1,<conjure_core::ast::domains::Domain>::contains
FNDA:1,<conjure_core::ast::domains::Domain as core::fmt::Display>::fmt::{closure#0}
FNDA:0,<conjure_core::ast::domains::Domain as core::fmt::Display>::fmt::{closure#0}
FNDA:1,<conjure_core::ast::domains::Domain>::resolve
FNDA:1,<conjure_core::ast::domains::Domain>::values_i32
FNDA:1,<conjure_core::ast::domains::Domain>::resolve
FNDA:1,<conjure_core::ast::domains::Domain>::apply_i32
FNDA:0,<conjure_core::ast::domains::Domain>::length::{closure#0}
FNDA:0,<conjure_core::ast::domains::Domain>::is_finite::{closure#0}
FNDA:0,<conjure_core::ast::domains::Domain>::contains::{closure#0}
FNDA:0,<conjure_core::ast::domains::Range<i32>>::contains
FNDA:1,<conjure_core::ast::domains::Domain>::apply_i32
FNDA:1,<conjure_core::ast::domains::Domain>::values::{closure#0}
FNDA:0,<conjure_core::ast::domains::Domain>::values::{closure#0}::{closure#0}
FNDA:0,<conjure_core::ast::domains::Domain>::values_i32
FNDA:1,<conjure_core::ast::domains::Domain>::contains::{closure#0}
FNDA:1,<conjure_core::ast::domains::Domain>::values::{closure#0}::{closure#0}
FNDA:1,<conjure_core::ast::domains::Domain as core::fmt::Display>::fmt
FNDA:1,<conjure_core::ast::domains::Domain>::values
FNDA:0,<conjure_core::ast::domains::Domain as conjure_core::ast::types::Typeable>::return_type
FNDA:0,<conjure_core::ast::domains::Range<i32> as core::fmt::Display>::fmt
FNDA:0,<conjure_core::ast::domains::Domain>::length
FNDA:0,<conjure_core::ast::domains::Domain>::values_i32::{closure#0}
FNDA:0,<conjure_core::ast::domains::Domain as core::fmt::Display>::fmt
FNDA:1,<conjure_core::ast::domains::Domain>::is_finite::{closure#0}
FNDA:0,<conjure_core::ast::domains::Domain>::length
FNDA:0,<conjure_core::ast::domains::Domain>::values::{closure#0}
FNDA:0,<conjure_core::ast::domains::Domain>::contains
FNDA:0,<conjure_core::ast::domains::Domain>::values
FNDA:0,<conjure_core::ast::domains::Domain>::length
FNDA:0,<conjure_core::ast::domains::Domain>::values
FNDA:0,<conjure_core::ast::domains::Domain>::contains
FNDA:0,<conjure_core::ast::domains::Domain>::apply_i32
FNDA:1,conjure_core::ast::domains::tests::test_negative_product::{closure#0}
FNDA:0,<conjure_core::ast::domains::Domain>::is_finite
FNDA:1,<conjure_core::ast::domains::Domain>::values_i32::{closure#0}
FNDA:1,<conjure_core::ast::domains::Range<i32>>::contains
FNDA:0,<conjure_core::ast::domains::Domain as conjure_core::ast::types::Typeable>::return_type
FNDA:1,conjure_core::ast::domains::tests::test_negative_product
FNDA:1,<conjure_core::ast::domains::Domain>::values_i32::{closure#0}
FNDA:0,<conjure_core::ast::domains::Domain>::resolve
FNDA:0,<conjure_core::ast::domains::Domain>::length::{closure#0}
FNDA:0,<conjure_core::ast::domains::Domain>::is_finite
FNDA:1,conjure_core::ast::domains::tests::test_negative_div
FNDA:0,<conjure_core::ast::domains::Domain as conjure_core::ast::types::Typeable>::return_type
FNDA:1,<conjure_core::ast::domains::Domain>::values_i32
FNDA:0,<conjure_core::ast::domains::Domain>::length::{closure#0}
FNDA:0,<conjure_core::ast::domains::Domain as core::fmt::Display>::fmt::{closure#0}
FNDA:0,<conjure_core::ast::domains::Domain>::is_finite::{closure#0}
FNDA:1,conjure_core::ast::domains::tests::test_negative_div::{closure#0}
FNDA:0,<conjure_core::ast::domains::Domain>::values::{closure#0}
FNDA:0,<conjure_core::ast::domains::Domain>::contains::{closure#0}
FNDA:0,<conjure_core::ast::domains::Domain>::values::{closure#0}::{closure#0}
FNDA:0,<conjure_core::ast::domains::Range<i32> as core::fmt::Display>::fmt
FNDA:0,<conjure_core::ast::domains::Domain as core::fmt::Display>::fmt
FNDA:1,<conjure_core::ast::domains::Range<i32> as core::fmt::Display>::fmt
FNDA:0,<conjure_core::ast::domains::Range<i32>>::contains
FNDA:1,<conjure_core::ast::domains::Domain>::is_finite
FNF:58
FNH:23
BRF:0
BRH:0
DA:28,2820
DA:29,2820
DA:30,0
DA:31,2820
DA:32,0
DA:33,0
DA:35,2820
DA:39,130280
DA:40,130280
DA:41,1480
DA:42,68860
DA:43,59940
DA:44,0
DA:46,130280
DA:80,2820
DA:81,2820
DA:82,2820
DA:83,2820
DA:84,2820
DA:85,2820
DA:86,2820
DA:87,0
DA:88,2820
DA:89,2820
DA:90,2820
DA:92,0
DA:93,0
DA:94,0
DA:95,0
DA:98,0
DA:99,0
DA:100,0
DA:101,0
DA:102,0
DA:103,0
DA:104,0
DA:105,0
DA:107,0
DA:108,0
DA:112,0
DA:113,0
DA:115,0
DA:118,0
DA:119,0
DA:120,0
DA:121,0
DA:124,0
DA:126,0
DA:128,0
DA:130,0
DA:132,2820
DA:136,32392
DA:137,32392
DA:138,32391
DA:139,32391
DA:140,32391
DA:141,34311
DA:142,3265
DA:143,31046
DA:144,0
DA:145,0
DA:146,34311
DA:147,32391
DA:148,32391
DA:149,32391
DA:151,1
DA:153,32392
DA:157,26560
DA:158,26560
DA:159,20
DA:160,26540
DA:161,26540
DA:162,147360
DA:166,0
DA:167,0
DA:168,0
DA:170,26560
DA:175,0
DA:176,0
DA:177,0
DA:185,2926
DA:186,2926
DA:188,2925
DA:189,83538
DA:190,83538
DA:191,77734
DA:192,5804
DA:194,2925
DA:195,1
DA:196,1
DA:197,2926
DA:202,420
DA:203,1380
DA:204,1380
DA:205,940
DA:206,0
DA:207,940
DA:208,940
DA:209,940
DA:210,940
DA:211,940
DA:213,0
DA:214,940
DA:215,440
DA:216,0
DA:217,440
DA:219,420
DA:220,420
DA:232,388185
DA:233,388185
DA:234,388185
DA:235,388185
DA:236,388185
DA:237,388185
DA:238,388185
DA:239,388185
DA:240,388185
DA:241,778210
DA:242,390025
DA:243,467585
DA:244,467585
DA:245,1940
DA:246,1940
DA:247,1940
DA:248,1940
DA:249,1940
DA:250,465645
DA:253,388185
DA:254,388185
DA:258,134400
DA:259,134400
DA:261,3580
DA:263,129560
DA:264,130280
DA:265,129560
DA:266,129560
DA:267,0
DA:269,129560
DA:272,360
DA:273,0
DA:274,0
DA:276,900
DA:277,900
DA:278,900
DA:279,900
DA:280,900
DA:284,134400
DA:288,0
DA:289,0
DA:297,1
DA:298,1
DA:299,1
DA:300,16
DA:301,1
DA:302,1
DA:303,1
DA:304,1
DA:305,1
DA:306,1
DA:307,1
DA:308,1
DA:309,1
DA:310,1
DA:311,1
DA:312,1
DA:313,0
DA:314,1
DA:317,1
DA:318,1
DA:319,1
DA:320,1
DA:321,16
DA:322,1
DA:323,1
DA:324,1
DA:325,1
DA:326,1
DA:327,1
DA:328,1
DA:329,1
DA:330,1
DA:331,1
DA:332,1
DA:333,1
DA:334,1
DA:335,0
DA:336,1
LF:187
LH:139
end_of_record
SF:conjure_oxide/tests/model_tests.rs
FN:9,mod::model_tests::modify_domain
FN:9,model_tests::modify_domain
FNDA:1,mod::model_tests::modify_domain
FNDA:1,model_tests::modify_domain
FNF:2
FNH:2
BRF:0
BRH:0
DA:9,2
DA:10,2
DA:11,2
DA:12,2
DA:13,2
DA:14,2
DA:15,2
DA:16,2
DA:17,2
DA:18,2
DA:19,2
DA:20,2
DA:21,2
DA:22,2
DA:23,2
DA:25,2
DA:26,2
DA:27,2
DA:28,2
DA:29,2
DA:30,2
DA:31,2
DA:32,2
LF:23
LH:23
end_of_record
